-------------------------------------------------------------------------------
Test set: org.openscience.jchempaint.JCPEditorAppletDrawingTest
-------------------------------------------------------------------------------
Tests run: 13, Failures: 9, Errors: 4, Skipped: 0, Time elapsed: 11.07 s <<< FAILURE! -- in org.openscience.jchempaint.JCPEditorAppletDrawingTest
org.openscience.jchempaint.JCPEditorAppletDrawingTest.testTriangle -- Time elapsed: 0.577 s <<< FAILURE!
java.lang.AssertionError: expected:<10> but was:<8>
	at org.junit.Assert.fail(Assert.java:89)
	at org.junit.Assert.failNotEquals(Assert.java:835)
	at org.junit.Assert.assertEquals(Assert.java:647)
	at org.junit.Assert.assertEquals(Assert.java:633)
	at org.openscience.jchempaint.JCPEditorAppletDrawingTest.testTriangle(JCPEditorAppletDrawingTest.java:167)
	at java.base/jdk.internal.reflect.DirectMethodHandleAccessor.invoke(DirectMethodHandleAccessor.java:103)
	at java.base/java.lang.reflect.Method.invoke(Method.java:580)
	at org.junit.runners.model.FrameworkMethod$1.runReflectiveCall(FrameworkMethod.java:59)
	at org.junit.internal.runners.model.ReflectiveCallable.run(ReflectiveCallable.java:12)
	at org.junit.runners.model.FrameworkMethod.invokeExplosively(FrameworkMethod.java:56)
	at org.junit.internal.runners.statements.InvokeMethod.evaluate(InvokeMethod.java:17)
	at org.junit.runners.ParentRunner$3.evaluate(ParentRunner.java:306)
	at org.junit.runners.BlockJUnit4ClassRunner$1.evaluate(BlockJUnit4ClassRunner.java:100)
	at org.junit.runners.ParentRunner.runLeaf(ParentRunner.java:366)
	at org.junit.runners.BlockJUnit4ClassRunner.runChild(BlockJUnit4ClassRunner.java:103)
	at org.junit.runners.BlockJUnit4ClassRunner.runChild(BlockJUnit4ClassRunner.java:63)
	at org.junit.runners.ParentRunner$4.run(ParentRunner.java:331)
	at org.junit.runners.ParentRunner$1.schedule(ParentRunner.java:79)
	at org.junit.runners.ParentRunner.runChildren(ParentRunner.java:329)
	at org.junit.runners.ParentRunner.access$100(ParentRunner.java:66)
	at org.junit.runners.ParentRunner$2.evaluate(ParentRunner.java:293)
	at org.junit.internal.runners.statements.RunBefores.evaluate(RunBefores.java:26)
	at org.junit.internal.runners.statements.RunAfters.evaluate(RunAfters.java:27)
	at org.junit.runners.ParentRunner$3.evaluate(ParentRunner.java:306)
	at org.junit.runners.ParentRunner.run(ParentRunner.java:413)
	at org.apache.maven.surefire.junit4.JUnit4Provider.execute(JUnit4Provider.java:316)
	at org.apache.maven.surefire.junit4.JUnit4Provider.executeWithRerun(JUnit4Provider.java:240)
	at org.apache.maven.surefire.junit4.JUnit4Provider.executeTestSet(JUnit4Provider.java:214)
	at org.apache.maven.surefire.junit4.JUnit4Provider.invoke(JUnit4Provider.java:155)
	at org.apache.maven.surefire.booter.ForkedBooter.runSuitesInProcess(ForkedBooter.java:385)
	at org.apache.maven.surefire.booter.ForkedBooter.execute(ForkedBooter.java:162)
	at org.apache.maven.surefire.booter.ForkedBooter.run(ForkedBooter.java:507)
	at org.apache.maven.surefire.booter.ForkedBooter.main(ForkedBooter.java:495)

org.openscience.jchempaint.JCPEditorAppletDrawingTest.testElement -- Time elapsed: 0.541 s <<< FAILURE!
org.junit.ComparisonFailure: expected:<[O]> but was:<[bondTool]>
	at org.junit.Assert.assertEquals(Assert.java:117)
	at org.junit.Assert.assertEquals(Assert.java:146)
	at org.openscience.jchempaint.JCPEditorAppletDrawingTest.testElement(JCPEditorAppletDrawingTest.java:105)
	at java.base/jdk.internal.reflect.DirectMethodHandleAccessor.invoke(DirectMethodHandleAccessor.java:103)
	at java.base/java.lang.reflect.Method.invoke(Method.java:580)
	at org.junit.runners.model.FrameworkMethod$1.runReflectiveCall(FrameworkMethod.java:59)
	at org.junit.internal.runners.model.ReflectiveCallable.run(ReflectiveCallable.java:12)
	at org.junit.runners.model.FrameworkMethod.invokeExplosively(FrameworkMethod.java:56)
	at org.junit.internal.runners.statements.InvokeMethod.evaluate(InvokeMethod.java:17)
	at org.junit.runners.ParentRunner$3.evaluate(ParentRunner.java:306)
	at org.junit.runners.BlockJUnit4ClassRunner$1.evaluate(BlockJUnit4ClassRunner.java:100)
	at org.junit.runners.ParentRunner.runLeaf(ParentRunner.java:366)
	at org.junit.runners.BlockJUnit4ClassRunner.runChild(BlockJUnit4ClassRunner.java:103)
	at org.junit.runners.BlockJUnit4ClassRunner.runChild(BlockJUnit4ClassRunner.java:63)
	at org.junit.runners.ParentRunner$4.run(ParentRunner.java:331)
	at org.junit.runners.ParentRunner$1.schedule(ParentRunner.java:79)
	at org.junit.runners.ParentRunner.runChildren(ParentRunner.java:329)
	at org.junit.runners.ParentRunner.access$100(ParentRunner.java:66)
	at org.junit.runners.ParentRunner$2.evaluate(ParentRunner.java:293)
	at org.junit.internal.runners.statements.RunBefores.evaluate(RunBefores.java:26)
	at org.junit.internal.runners.statements.RunAfters.evaluate(RunAfters.java:27)
	at org.junit.runners.ParentRunner$3.evaluate(ParentRunner.java:306)
	at org.junit.runners.ParentRunner.run(ParentRunner.java:413)
	at org.apache.maven.surefire.junit4.JUnit4Provider.execute(JUnit4Provider.java:316)
	at org.apache.maven.surefire.junit4.JUnit4Provider.executeWithRerun(JUnit4Provider.java:240)
	at org.apache.maven.surefire.junit4.JUnit4Provider.executeTestSet(JUnit4Provider.java:214)
	at org.apache.maven.surefire.junit4.JUnit4Provider.invoke(JUnit4Provider.java:155)
	at org.apache.maven.surefire.booter.ForkedBooter.runSuitesInProcess(ForkedBooter.java:385)
	at org.apache.maven.surefire.booter.ForkedBooter.execute(ForkedBooter.java:162)
	at org.apache.maven.surefire.booter.ForkedBooter.run(ForkedBooter.java:507)
	at org.apache.maven.surefire.booter.ForkedBooter.main(ForkedBooter.java:495)

org.openscience.jchempaint.JCPEditorAppletDrawingTest.testOctagon -- Time elapsed: 0.556 s <<< FAILURE!
java.lang.AssertionError: expected:<15> but was:<8>
	at org.junit.Assert.fail(Assert.java:89)
	at org.junit.Assert.failNotEquals(Assert.java:835)
	at org.junit.Assert.assertEquals(Assert.java:647)
	at org.junit.Assert.assertEquals(Assert.java:633)
	at org.openscience.jchempaint.JCPEditorAppletDrawingTest.testOctagon(JCPEditorAppletDrawingTest.java:218)
	at java.base/jdk.internal.reflect.DirectMethodHandleAccessor.invoke(DirectMethodHandleAccessor.java:103)
	at java.base/java.lang.reflect.Method.invoke(Method.java:580)
	at org.junit.runners.model.FrameworkMethod$1.runReflectiveCall(FrameworkMethod.java:59)
	at org.junit.internal.runners.model.ReflectiveCallable.run(ReflectiveCallable.java:12)
	at org.junit.runners.model.FrameworkMethod.invokeExplosively(FrameworkMethod.java:56)
	at org.junit.internal.runners.statements.InvokeMethod.evaluate(InvokeMethod.java:17)
	at org.junit.runners.ParentRunner$3.evaluate(ParentRunner.java:306)
	at org.junit.runners.BlockJUnit4ClassRunner$1.evaluate(BlockJUnit4ClassRunner.java:100)
	at org.junit.runners.ParentRunner.runLeaf(ParentRunner.java:366)
	at org.junit.runners.BlockJUnit4ClassRunner.runChild(BlockJUnit4ClassRunner.java:103)
	at org.junit.runners.BlockJUnit4ClassRunner.runChild(BlockJUnit4ClassRunner.java:63)
	at org.junit.runners.ParentRunner$4.run(ParentRunner.java:331)
	at org.junit.runners.ParentRunner$1.schedule(ParentRunner.java:79)
	at org.junit.runners.ParentRunner.runChildren(ParentRunner.java:329)
	at org.junit.runners.ParentRunner.access$100(ParentRunner.java:66)
	at org.junit.runners.ParentRunner$2.evaluate(ParentRunner.java:293)
	at org.junit.internal.runners.statements.RunBefores.evaluate(RunBefores.java:26)
	at org.junit.internal.runners.statements.RunAfters.evaluate(RunAfters.java:27)
	at org.junit.runners.ParentRunner$3.evaluate(ParentRunner.java:306)
	at org.junit.runners.ParentRunner.run(ParentRunner.java:413)
	at org.apache.maven.surefire.junit4.JUnit4Provider.execute(JUnit4Provider.java:316)
	at org.apache.maven.surefire.junit4.JUnit4Provider.executeWithRerun(JUnit4Provider.java:240)
	at org.apache.maven.surefire.junit4.JUnit4Provider.executeTestSet(JUnit4Provider.java:214)
	at org.apache.maven.surefire.junit4.JUnit4Provider.invoke(JUnit4Provider.java:155)
	at org.apache.maven.surefire.booter.ForkedBooter.runSuitesInProcess(ForkedBooter.java:385)
	at org.apache.maven.surefire.booter.ForkedBooter.execute(ForkedBooter.java:162)
	at org.apache.maven.surefire.booter.ForkedBooter.run(ForkedBooter.java:507)
	at org.apache.maven.surefire.booter.ForkedBooter.main(ForkedBooter.java:495)

org.openscience.jchempaint.JCPEditorAppletDrawingTest.testPeriodictable -- Time elapsed: 0.490 s <<< ERROR!
org.fest.swing.exception.WaitTimedOutError: 
Timed out waiting for dialog to be found using matcher org.fest.swing.core.TypeMatcher[type=java.awt.Dialog, requireShowing=true]
Unable to find component using matcher org.fest.swing.core.TypeMatcher[type=java.awt.Dialog, requireShowing=true].

Component hierarchy:
org.fest.swing.applet.AppletViewer[name='frame4', title='Applet Viewer: org.openscience.jchempaint.applet.JChemPaintEditorApplet', enabled=true, visible=false, showing=false]
  javax.swing.JRootPane[]
    javax.swing.JPanel[name='null.glassPane']
    javax.swing.JLayeredPane[]
      javax.swing.JPanel[name='null.contentPane']
        org.openscience.jchempaint.applet.JChemPaintEditorApplet[name='panel4']
          javax.swing.JRootPane[]
            javax.swing.JPanel[name='null.glassPane']
            javax.swing.JLayeredPane[]
              javax.swing.JPanel[name='null.contentPane']
                org.openscience.jchempaint.JChemPaintPanel[name='appletframe']
                  javax.swing.JPanel[name=null]
                    org.openscience.jchempaint.JChemPaintMenuBar[]
                      javax.swing.JMenu[name='file', text='File', selected=false, enabled=true, visible=true, showing=false]
                        javax.swing.JPopupMenu[name=null, label=null, enabled=true, visible=false, showing=false]
                          javax.swing.JMenuItem[name='new', text='New', selected=false, enabled=true, visible=true, showing=false]
                          javax.swing.JMenuItem[name='open', text='Open', selected=false, enabled=true, visible=true, showing=false]
                          javax.swing.JMenuItem[name='save', text='Save', selected=false, enabled=true, visible=true, showing=false]
                          javax.swing.JMenuItem[name='saveAs', text='Save As...', selected=false, enabled=true, visible=true, showing=false]
                          javax.swing.JPopupMenu$Separator[,0,0,0x0,invalid,alignmentX=0.0,alignmentY=0.0,border=,flags=0,maximumSize=,minimumSize=,preferredSize=,orientation=HORIZONTAL]
                          javax.swing.JMenuItem[name='export', text='Save As Image...', selected=false, enabled=true, visible=true, showing=false]
                          javax.swing.JMenuItem[name='print', text='Print...', selected=false, enabled=true, visible=true, showing=false]
                      javax.swing.JMenu[name='edit', text='Edit', selected=false, enabled=true, visible=true, showing=false]
                        javax.swing.JPopupMenu[name=null, label=null, enabled=true, visible=false, showing=false]
                          javax.swing.JMenuItem[name='undo', text='Undo', selected=false, enabled=false, visible=true, showing=false]
                          javax.swing.JMenuItem[name='redo', text='Redo', selected=false, enabled=false, visible=true, showing=false]
                          javax.swing.JPopupMenu$Separator[,0,0,0x0,invalid,alignmentX=0.0,alignmentY=0.0,border=,flags=0,maximumSize=,minimumSize=,preferredSize=,orientation=HORIZONTAL]
                          javax.swing.JMenuItem[name='cut', text='Cut', selected=false, enabled=true, visible=true, showing=false]
                          javax.swing.JMenuItem[name='copy', text='Copy', selected=false, enabled=true, visible=true, showing=false]
                          javax.swing.JMenuItem[name='copyAsSmiles', text='Copy As SMILES', selected=false, enabled=true, visible=true, showing=false]
                          javax.swing.JMenuItem[name='paste', text='Paste', selected=false, enabled=true, visible=true, showing=false]
                          javax.swing.JPopupMenu$Separator[,0,0,0x0,invalid,alignmentX=0.0,alignmentY=0.0,border=,flags=0,maximumSize=,minimumSize=,preferredSize=,orientation=HORIZONTAL]
                          javax.swing.JMenuItem[name='eraser', text='Delete', selected=false, enabled=true, visible=true, showing=false]
                          javax.swing.JMenuItem[name='selectAll', text='Select All', selected=false, enabled=true, visible=true, showing=false]
                          javax.swing.JPopupMenu$Separator[,0,0,0x0,invalid,alignmentX=0.0,alignmentY=0.0,border=,flags=0,maximumSize=,minimumSize=,preferredSize=,orientation=HORIZONTAL]
                          javax.swing.JMenuItem[name='options', text='Preferences...', selected=false, enabled=true, visible=true, showing=false]
                      javax.swing.JMenu[name='view', text='View', selected=false, enabled=true, visible=true, showing=false]
                        javax.swing.JPopupMenu[name=null, label=null, enabled=true, visible=false, showing=false]
                          javax.swing.JMenuItem[name='zoomin', text='Zoom In', selected=false, enabled=true, visible=true, showing=false]
                          javax.swing.JMenuItem[name='zoomout', text='Zoom Out', selected=false, enabled=true, visible=true, showing=false]
                          javax.swing.JMenuItem[name='zoomoriginal', text='Zoom 100%', selected=false, enabled=true, visible=true, showing=false]
                          javax.swing.JPopupMenu$Separator[,0,0,0x0,invalid,alignmentX=0.0,alignmentY=0.0,border=,flags=0,maximumSize=,minimumSize=,preferredSize=,orientation=HORIZONTAL]
                          javax.swing.JMenuItem[name='cleanup', text='Clean Structure', selected=false, enabled=true, visible=true, showing=false]
                          javax.swing.JMenu[name='flip', text='Flip', selected=false, enabled=true, visible=true, showing=false]
                            javax.swing.JPopupMenu[name=null, label=null, enabled=true, visible=false, showing=false]
                              javax.swing.JMenuItem[name='flipHorizontal', text='Horizontal', selected=false, enabled=true, visible=true, showing=false]
                              javax.swing.JMenuItem[name='flipVertical', text='Vertical', selected=false, enabled=true, visible=true, showing=false]
                          javax.swing.JMenu[name='hydrogen', text='Implicit Hydrogens', selected=false, enabled=true, visible=true, showing=false]
                            javax.swing.JPopupMenu[name=null, label=null, enabled=true, visible=false, showing=false]
                              javax.swing.JMenuItem[name='hydroon', text='On All', selected=false, enabled=true, visible=true, showing=false]
                              javax.swing.JMenuItem[name='hydrooff', text='Off', selected=false, enabled=true, visible=true, showing=false]
                      javax.swing.JMenu[name='atomMenu', text='Atom', selected=false, enabled=true, visible=true, showing=false]
                        javax.swing.JPopupMenu[name=null, label=null, enabled=true, visible=false, showing=false]
                          javax.swing.JMenu[name='formalCharge', text='Charge', selected=false, enabled=false, visible=true, showing=false]
                            javax.swing.JPopupMenu[name=null, label=null, enabled=true, visible=false, showing=false]
                              javax.swing.JMenuItem[name='plus', text='Plus', selected=false, enabled=true, visible=true, showing=false]
                              javax.swing.JMenuItem[name='minus', text='Minus', selected=false, enabled=true, visible=true, showing=false]
                          javax.swing.JMenu[name='hydrogen', text='Implicit Hydrogens', selected=false, enabled=false, visible=true, showing=false]
                            javax.swing.JPopupMenu[name=null, label=null, enabled=true, visible=false, showing=false]
                              javax.swing.JMenuItem[name='hydroon2', text='On All', selected=false, enabled=true, visible=true, showing=false]
                              javax.swing.JMenuItem[name='hydrooff2', text='Off', selected=false, enabled=true, visible=true, showing=false]
                          javax.swing.JMenu[name='isotopeChange', text='Isotopes', selected=false, enabled=false, visible=true, showing=false]
                            javax.swing.JPopupMenu[name=null, label=null, enabled=true, visible=false, showing=false]
                              javax.swing.JMenuItem[name='majorPlusThree', text='Major Plus 3', selected=false, enabled=true, visible=true, showing=false]
                              javax.swing.JMenuItem[name='majorPlusTwo', text='Major Plus 2', selected=false, enabled=true, visible=true, showing=false]
                              javax.swing.JMenuItem[name='majorPlusOne', text='Major Plus 1', selected=false, enabled=true, visible=true, showing=false]
                              javax.swing.JMenuItem[name='major', text='Major Isotope', selected=false, enabled=true, visible=true, showing=false]
                              javax.swing.JMenuItem[name='majorMinusOne', text='Major Minus 1', selected=false, enabled=true, visible=true, showing=false]
                              javax.swing.JMenuItem[name='majorMinusTwo', text='Major Minus 2', selected=false, enabled=true, visible=true, showing=false]
                              javax.swing.JMenuItem[name='majorMinusThree', text='Major Minus 3', selected=false, enabled=true, visible=true, showing=false]
                          javax.swing.JMenu[name='radical', text='Radical', selected=false, enabled=false, visible=true, showing=false]
                            javax.swing.JPopupMenu[name=null, label=null, enabled=true, visible=false, showing=false]
                              javax.swing.JMenuItem[name='convertToRadical', text='Add Single Electron', selected=false, enabled=true, visible=true, showing=false]
                              javax.swing.JMenuItem[name='convertFromRadical', text='Remove Single Electron', selected=false, enabled=true, visible=true, showing=false]
                          javax.swing.JMenu[name='pseudoSymbols', text='Pseudo Atoms', selected=false, enabled=false, visible=true, showing=false]
                            javax.swing.JPopupMenu[name=null, label=null, enabled=true, visible=false, showing=false]
                              javax.swing.JMenuItem[name='pseudoR', text='R', selected=false, enabled=true, visible=true, showing=false]
                              javax.swing.JMenuItem[name='pseudoR1', text='R1', selected=false, enabled=true, visible=true, showing=false]
                              javax.swing.JMenuItem[name='pseudoR2', text='R2', selected=false, enabled=true, visible=true, showing=false]
                              javax.swing.JMenuItem[name='pseudoR3', text='R3', selected=false, enabled=true, visible=true, showing=false]
                              javax.swing.JMenuItem[name='pseudoR4', text='R4', selected=false, enabled=true, visible=true, showing=false]
                              javax.swing.JMenuItem[name='pseudoRX', text='Other...', selected=false, enabled=true, visible=true, showing=false]
                          javax.swing.JMenuItem[name='pseudoStar', text='Variable Attachment Point *', selected=false, enabled=false, visible=true, showing=false]
                          javax.swing.JMenu[name='valence', text='Valence', selected=false, enabled=false, visible=true, showing=false]
                            javax.swing.JPopupMenu[name=null, label=null, enabled=true, visible=false, showing=false]
                              javax.swing.JMenuItem[name='valenceOff', text='Valence Off', selected=false, enabled=true, visible=true, showing=false]
                              javax.swing.JMenuItem[name='valence1', text='Valence 1', selected=false, enabled=true, visible=true, showing=false]
                              javax.swing.JMenuItem[name='valence2', text='Valence 2', selected=false, enabled=true, visible=true, showing=false]
                              javax.swing.JMenuItem[name='valence3', text='Valence 3', selected=false, enabled=true, visible=true, showing=false]
                              javax.swing.JMenuItem[name='valence4', text='Valence 4', selected=false, enabled=true, visible=true, showing=false]
                              javax.swing.JMenuItem[name='valence5', text='Valence 5', selected=false, enabled=true, visible=true, showing=false]
                              javax.swing.JMenuItem[name='valence6', text='Valence 6', selected=false, enabled=true, visible=true, showing=false]
                              javax.swing.JMenuItem[name='valence7', text='Valence 7', selected=false, enabled=true, visible=true, showing=false]
                              javax.swing.JMenuItem[name='valence8', text='Valence 8', selected=false, enabled=true, visible=true, showing=false]
                          javax.swing.JMenu[name='symbolChange', text='Change Element', selected=false, enabled=false, visible=true, showing=false]
                            javax.swing.JPopupMenu[name=null, label=null, enabled=true, visible=false, showing=false]
                              javax.swing.JMenuItem[name='periodictable', text='Periodic Table', selected=false, enabled=true, visible=true, showing=false]
                              javax.swing.JMenuItem[name='enterelement', text='Custom', selected=false, enabled=true, visible=true, showing=false]
                              javax.swing.JPopupMenu$Separator[,0,0,0x0,invalid,alignmentX=0.0,alignmentY=0.0,border=,flags=0,maximumSize=,minimumSize=,preferredSize=,orientation=HORIZONTAL]
                              javax.swing.JMenu[name='commonSymbols', text='Common Elements', selected=false, enabled=true, visible=true, showing=false]
                                javax.swing.JPopupMenu[name=null, label=null, enabled=true, visible=false, showing=false]
                                  javax.swing.JMenuItem[name='symbolH', text='H', selected=false, enabled=true, visible=true, showing=false]
                                  javax.swing.JMenuItem[name='symbolC', text='C', selected=false, enabled=true, visible=true, showing=false]
                                  javax.swing.JMenuItem[name='symbolN', text='N', selected=false, enabled=true, visible=true, showing=false]
                                  javax.swing.JMenuItem[name='symbolO', text='O', selected=false, enabled=true, visible=true, showing=false]
                                  javax.swing.JMenuItem[name='symbolS', text='S', selected=false, enabled=true, visible=true, showing=false]
                                  javax.swing.JMenuItem[name='symbolF', text='F', selected=false, enabled=true, visible=true, showing=false]
                                  javax.swing.JMenuItem[name='symbolP', text='P', selected=false, enabled=true, visible=true, showing=false]
                                  javax.swing.JMenuItem[name='symbolCl', text='Cl', selected=false, enabled=true, visible=true, showing=false]
                                  javax.swing.JMenuItem[name='symbolBr', text='Br', selected=false, enabled=true, visible=true, showing=false]
                                  javax.swing.JMenuItem[name='symbolI', text='I', selected=false, enabled=true, visible=true, showing=false]
                              javax.swing.JMenu[name='alkaliMetals', text='Alkali Metals', selected=false, enabled=true, visible=true, showing=false]
                                javax.swing.JPopupMenu[name=null, label=null, enabled=true, visible=false, showing=false]
                                  javax.swing.JMenuItem[name='symbolLi', text='Li', selected=false, enabled=true, visible=true, showing=false]
                                  javax.swing.JMenuItem[name='symbolNa', text='Na', selected=false, enabled=true, visible=true, showing=false]
                                  javax.swing.JMenuItem[name='symbolK', text='K', selected=false, enabled=true, visible=true, showing=false]
                                  javax.swing.JMenuItem[name='symbolRb', text='Rb', selected=false, enabled=true, visible=true, showing=false]
                                  javax.swing.JMenuItem[name='symbolCs', text='Cs', selected=false, enabled=true, visible=true, showing=false]
                                  javax.swing.JMenuItem[name='symbolFr', text='Fr', selected=false, enabled=true, visible=true, showing=false]
                              javax.swing.JMenu[name='alkaliEarthMetals', text='Alkali Earth Metals', selected=false, enabled=true, visible=true, showing=false]
                                javax.swing.JPopupMenu[name=null, label=null, enabled=true, visible=false, showing=false]
                                  javax.swing.JMenuItem[name='symbolBe', text='Be', selected=false, enabled=true, visible=true, showing=false]
                                  javax.swing.JMenuItem[name='symbolMg', text='Mg', selected=false, enabled=true, visible=true, showing=false]
                                  javax.swing.JMenuItem[name='symbolCa', text='Ca', selected=false, enabled=true, visible=true, showing=false]
                                  javax.swing.JMenuItem[name='symbolSr', text='Sr', selected=false, enabled=true, visible=true, showing=false]
                                  javax.swing.JMenuItem[name='symbolBa', text='Ba', selected=false, enabled=true, visible=true, showing=false]
                                  javax.swing.JMenuItem[name='symbolRa', text='Ra', selected=false, enabled=true, visible=true, showing=false]
                              javax.swing.JMenu[name='transitionMetals', text='Transition Metals', selected=false, enabled=true, visible=true, showing=false]
                                javax.swing.JPopupMenu[name=null, label=null, enabled=true, visible=false, showing=false]
                                  javax.swing.JMenuItem[name='symbolSc', text='Sc', selected=false, enabled=true, visible=true, showing=false]
                                  javax.swing.JMenuItem[name='symbolTi', text='Ti', selected=false, enabled=true, visible=true, showing=false]
                                  javax.swing.JMenuItem[name='symbolV', text='V', selected=false, enabled=true, visible=true, showing=false]
                                  javax.swing.JMenuItem[name='symbolCr', text='Cr', selected=false, enabled=true, visible=true, showing=false]
                                  javax.swing.JMenuItem[name='symbolMn', text='Mn', selected=false, enabled=true, visible=true, showing=false]
                                  javax.swing.JMenuItem[name='symbolFe', text='Fe', selected=false, enabled=true, visible=true, showing=false]
                                  javax.swing.JMenuItem[name='symbolCo', text='Co', selected=false, enabled=true, visible=true, showing=false]
                                  javax.swing.JMenuItem[name='symbolNi', text='Ni', selected=false, enabled=true, visible=true, showing=false]
                                  javax.swing.JMenuItem[name='symbolCu', text='Cu', selected=false, enabled=true, visible=true, showing=false]
                                  javax.swing.JMenuItem[name='symbolZn', text='Zn', selected=false, enabled=true, visible=true, showing=false]
                                  javax.swing.JMenuItem[name='symbolY', text='Y', selected=false, enabled=true, visible=true, showing=false]
                                  javax.swing.JMenuItem[name='symbolZr', text='Zr', selected=false, enabled=true, visible=true, showing=false]
                                  javax.swing.JMenuItem[name='symbolNb', text='Nb', selected=false, enabled=true, visible=true, showing=false]
                                  javax.swing.JMenuItem[name='symbolMo', text='Mo', selected=false, enabled=true, visible=true, showing=false]
                                  javax.swing.JMenuItem[name='symbolTc', text='Tc', selected=false, enabled=true, visible=true, showing=false]
                                  javax.swing.JMenuItem[name='symbolRu', text='Ru', selected=false, enabled=true, visible=true, showing=false]
                                  javax.swing.JMenuItem[name='symbolRh', text='Rh', selected=false, enabled=true, visible=true, showing=false]
                                  javax.swing.JMenuItem[name='symbolPd', text='Pd', selected=false, enabled=true, visible=true, showing=false]
                                  javax.swing.JMenuItem[name='symbolAg', text='Ag', selected=false, enabled=true, visible=true, showing=false]
                                  javax.swing.JMenuItem[name='symbolCd', text='Cd', selected=false, enabled=true, visible=true, showing=false]
                                  javax.swing.JMenuItem[name='symbolHf', text='Hf', selected=false, enabled=true, visible=true, showing=false]
                                  javax.swing.JMenuItem[name='symbolTa', text='Ta', selected=false, enabled=true, visible=true, showing=false]
                                  javax.swing.JMenuItem[name='symbolW', text='W', selected=false, enabled=true, visible=true, showing=false]
                                  javax.swing.JMenuItem[name='symbolRe', text='Re', selected=false, enabled=true, visible=true, showing=false]
                                  javax.swing.JMenuItem[name='symbolOs', text='Os', selected=false, enabled=true, visible=true, showing=false]
                                  javax.swing.JMenuItem[name='symbolIr', text='Ir', selected=false, enabled=true, visible=true, showing=false]
                                  javax.swing.JMenuItem[name='symbolPt', text='Pt', selected=false, enabled=true, visible=true, showing=false]
                                  javax.swing.JMenuItem[name='symbolAu', text='Au', selected=false, enabled=true, visible=true, showing=false]
                                  javax.swing.JMenuItem[name='symbolHg', text='Hg', selected=false, enabled=true, visible=true, showing=false]
                                  javax.swing.JMenuItem[name='symbolRf', text='Rf', selected=false, enabled=true, visible=true, showing=false]
                                  javax.swing.JMenuItem[name='symbolDb', text='Db', selected=false, enabled=true, visible=true, showing=false]
                                  javax.swing.JMenuItem[name='symbolSg', text='Sg', selected=false, enabled=true, visible=true, showing=false]
                                  javax.swing.JMenuItem[name='symbolBh', text='Bh', selected=false, enabled=true, visible=true, showing=false]
                                  javax.swing.JMenuItem[name='symbolHs', text='Hs', selected=false, enabled=true, visible=true, showing=false]
                                  javax.swing.JMenuItem[name='symbolMt', text='Mt', selected=false, enabled=true, visible=true, showing=false]
                                  javax.swing.JMenuItem[name='symbolDs', text='Ds', selected=false, enabled=true, visible=true, showing=false]
                                  javax.swing.JMenuItem[name='symbolRg', text='Rg', selected=false, enabled=true, visible=true, showing=false]
                              javax.swing.JMenu[name='metals', text='Metals', selected=false, enabled=true, visible=true, showing=false]
                                javax.swing.JPopupMenu[name=null, label=null, enabled=true, visible=false, showing=false]
                                  javax.swing.JMenuItem[name='symbolAl', text='Al', selected=false, enabled=true, visible=true, showing=false]
                                  javax.swing.JMenuItem[name='symbolGa', text='Ga', selected=false, enabled=true, visible=true, showing=false]
                                  javax.swing.JMenuItem[name='symbolIn', text='In', selected=false, enabled=true, visible=true, showing=false]
                                  javax.swing.JMenuItem[name='symbolSn', text='Sn', selected=false, enabled=true, visible=true, showing=false]
                                  javax.swing.JMenuItem[name='symbolTl', text='Tl', selected=false, enabled=true, visible=true, showing=false]
                                  javax.swing.JMenuItem[name='symbolPb', text='Pb', selected=false, enabled=true, visible=true, showing=false]
                                  javax.swing.JMenuItem[name='symbolBi', text='Bi', selected=false, enabled=true, visible=true, showing=false]
                              javax.swing.JMenu[name='metalloids', text='Metalloids', selected=false, enabled=true, visible=true, showing=false]
                                javax.swing.JPopupMenu[name=null, label=null, enabled=true, visible=false, showing=false]
                                  javax.swing.JMenuItem[name='symbolB', text='B', selected=false, enabled=true, visible=true, showing=false]
                                  javax.swing.JMenuItem[name='symbolSi', text='Si', selected=false, enabled=true, visible=true, showing=false]
                                  javax.swing.JMenuItem[name='symbolGe', text='Ge', selected=false, enabled=true, visible=true, showing=false]
                                  javax.swing.JMenuItem[name='symbolAs', text='As', selected=false, enabled=true, visible=true, showing=false]
                                  javax.swing.JMenuItem[name='symbolSb', text='Sb', selected=false, enabled=true, visible=true, showing=false]
                                  javax.swing.JMenuItem[name='symbolTe', text='Te', selected=false, enabled=true, visible=true, showing=false]
                                  javax.swing.JMenuItem[name='symbolPo', text='Po', selected=false, enabled=true, visible=true, showing=false]
                              javax.swing.JMenu[name='halogenSymbols', text='Halogens', selected=false, enabled=true, visible=true, showing=false]
                                javax.swing.JPopupMenu[name=null, label=null, enabled=true, visible=false, showing=false]
                                  javax.swing.JMenuItem[name='symbolF2', text='F', selected=false, enabled=true, visible=true, showing=false]
                                  javax.swing.JMenuItem[name='symbolCl2', text='Cl', selected=false, enabled=true, visible=true, showing=false]
                                  javax.swing.JMenuItem[name='symbolBr2', text='Br', selected=false, enabled=true, visible=true, showing=false]
                                  javax.swing.JMenuItem[name='symbolI2', text='I', selected=false, enabled=true, visible=true, showing=false]
                              javax.swing.JMenu[name='nobelSymbols', text='Nobel Gases', selected=false, enabled=true, visible=true, showing=false]
                                javax.swing.JPopupMenu[name=null, label=null, enabled=true, visible=false, showing=false]
                                  javax.swing.JMenuItem[name='symbolHe', text='He', selected=false, enabled=true, visible=true, showing=false]
                                  javax.swing.JMenuItem[name='symbolNe', text='Ne', selected=false, enabled=true, visible=true, showing=false]
                                  javax.swing.JMenuItem[name='symbolAr', text='Ar', selected=false, enabled=true, visible=true, showing=false]
                      javax.swing.JMenu[name='bondMenu', text='Bond', selected=false, enabled=true, visible=true, showing=false]
                        javax.swing.JPopupMenu[name=null, label=null, enabled=true, visible=false, showing=false]
                          javax.swing.JMenuItem[name='bond', text='Single', selected=false, enabled=false, visible=true, showing=false]
                          javax.swing.JMenuItem[name='double_bond', text='Double', selected=false, enabled=false, visible=true, showing=false]
                          javax.swing.JMenuItem[name='triple_bond', text='Triple', selected=false, enabled=false, visible=true, showing=false]
                          javax.swing.JMenuItem[name='quad_bond', text='Quadruple', selected=false, enabled=false, visible=true, showing=false]
                          javax.swing.JMenuItem[name='up_bond', text='Stereo Up', selected=false, enabled=false, visible=true, showing=false]
                          javax.swing.JMenuItem[name='down_bond', text='Stereo Down', selected=false, enabled=false, visible=true, showing=false]
                          javax.swing.JMenuItem[name='undefined_bond', text='Undefined Stereo', selected=false, enabled=false, visible=true, showing=false]
                          javax.swing.JMenuItem[name='undefined_stereo_bond', text='Undefined E/Z', selected=false, enabled=false, visible=true, showing=false]
                      javax.swing.JMenu[name='tools', text='Tools', selected=false, enabled=true, visible=true, showing=false]
                        javax.swing.JPopupMenu[name=null, label=null, enabled=true, visible=false, showing=false]
                          javax.swing.JMenuItem[name='cleanup2', text='Clean Structure', selected=false, enabled=true, visible=true, showing=false]
                          javax.swing.JPopupMenu$Separator[,0,0,0x0,invalid,alignmentX=0.0,alignmentY=0.0,border=,flags=0,maximumSize=,minimumSize=,preferredSize=,orientation=HORIZONTAL]
                          javax.swing.JMenuItem[name='createSMILES', text='Create SMILES', selected=false, enabled=true, visible=true, showing=false]
                          javax.swing.JMenuItem[name='createInChI', text='Create InChI', selected=false, enabled=true, visible=true, showing=false]
                      javax.swing.JMenu[name='rgroupMenu', text='R-groups', selected=false, enabled=true, visible=true, showing=false]
                        javax.swing.JPopupMenu[name=null, label=null, enabled=true, visible=false, showing=false]
                          javax.swing.JMenuItem[name='setRoot', text='Define as Root Structure', selected=false, enabled=true, visible=true, showing=false]
                          javax.swing.JMenuItem[name='setSubstitute', text='Define as Substituent', selected=false, enabled=true, visible=true, showing=false]
                          javax.swing.JMenuItem[name='rgpAdvanced', text='Advanced R-group logic', selected=false, enabled=true, visible=true, showing=false]
                          javax.swing.JMenuItem[name='rgpGenerate', text='Generate possible configurations (sdf) ', selected=false, enabled=true, visible=true, showing=false]
                          javax.swing.JMenuItem[name='clearRgroup', text='Remove R-group aspects', selected=false, enabled=true, visible=true, showing=false]
                      javax.swing.JMenu[name='templates', text='Templates', selected=false, enabled=true, visible=true, showing=false]
                        javax.swing.JPopupMenu[name=null, label=null, enabled=true, visible=false, showing=false]
                          javax.swing.JMenuItem[name='pasteTemplate', text='All Templates', selected=false, enabled=true, visible=true, showing=false]
                          javax.swing.JPopupMenu$Separator[,0,0,0x0,invalid,alignmentX=0.0,alignmentY=0.0,border=,flags=0,maximumSize=,minimumSize=,preferredSize=,orientation=HORIZONTAL]
                          javax.swing.JMenuItem[name='alkaloids', text='Alkaloids', selected=false, enabled=true, visible=true, showing=false]
                          javax.swing.JMenuItem[name='amino_acids', text='Amino Acids', selected=false, enabled=true, visible=true, showing=false]
                          javax.swing.JMenuItem[name='beta_lactams', text='Beta Lactams', selected=false, enabled=true, visible=true, showing=false]
                          javax.swing.JMenuItem[name='carbohydrates', text='Carbohydrates', selected=false, enabled=true, visible=true, showing=false]
                          javax.swing.JMenuItem[name='inositols', text='Inositols', selected=false, enabled=true, visible=true, showing=false]
                          javax.swing.JMenuItem[name='lipids', text='Lipids', selected=false, enabled=true, visible=true, showing=false]
                          javax.swing.JMenuItem[name='nucleosides', text='Nucleosides', selected=false, enabled=true, visible=true, showing=false]
                          javax.swing.JMenuItem[name='porphyrins', text='Porphyrins', selected=false, enabled=true, visible=true, showing=false]
                          javax.swing.JMenuItem[name='protecting_groups', text='Protecting Groups', selected=false, enabled=true, visible=true, showing=false]
                          javax.swing.JMenuItem[name='steroids', text='Steroids', selected=false, enabled=true, visible=true, showing=false]
                          javax.swing.JMenuItem[name='pahs', text='PAHs', selected=false, enabled=true, visible=true, showing=false]
                          javax.swing.JMenuItem[name='miscellaneous', text='Miscellaneous', selected=false, enabled=true, visible=true, showing=false]
                      javax.swing.Box$Filler[,473,10,178x0,invalid,alignmentX=0.0,alignmentY=0.0,border=,flags=0,maximumSize=java.awt.Dimension[width=32767,height=0],minimumSize=java.awt.Dimension[width=0,height=0],preferredSize=java.awt.Dimension[width=0,height=0]]
                      javax.swing.JMenu[name='help', text='Help', selected=false, enabled=true, visible=true, showing=false]
                        javax.swing.JPopupMenu[name=null, label=null, enabled=true, visible=false, showing=false]
                          javax.swing.JMenuItem[name='help', text='Help', selected=false, enabled=true, visible=true, showing=false]
                          javax.swing.JMenuItem[name='tutorial', text='Basic Tutorial', selected=false, enabled=true, visible=true, showing=false]
                          javax.swing.JMenuItem[name='rgpTutorial', text='R-group Tutorial', selected=false, enabled=true, visible=true, showing=false]
                          javax.swing.JPopupMenu$Separator[,0,0,0x0,invalid,alignmentX=0.0,alignmentY=0.0,border=,flags=0,maximumSize=,minimumSize=,preferredSize=,orientation=HORIZONTAL]
                          javax.swing.JMenuItem[name='feedback', text='Report Feedback', selected=false, enabled=true, visible=true, showing=false]
                          javax.swing.JMenuItem[name='about', text='About', selected=false, enabled=true, visible=true, showing=false]
                          javax.swing.JMenuItem[name='license', text='License', selected=false, enabled=true, visible=true, showing=false]
                    javax.swing.JToolBar[name=null]
                      javax.swing.Box[,12,2,32x31,invalid,layout=javax.swing.BoxLayout,alignmentX=0.0,alignmentY=0.0,border=,flags=0,maximumSize=,minimumSize=,preferredSize=]
                        org.openscience.jchempaint.JCPToolBar$1[name='select', text='', enabled=true, visible=true, showing=false]
                      javax.swing.Box[,44,2,32x31,invalid,layout=javax.swing.BoxLayout,alignmentX=0.0,alignmentY=0.0,border=,flags=0,maximumSize=,minimumSize=,preferredSize=]
                        org.openscience.jchempaint.JCPToolBar$1[name='lasso', text='', enabled=true, visible=true, showing=false]
                      javax.swing.Box[,76,2,32x31,invalid,layout=javax.swing.BoxLayout,alignmentX=0.0,alignmentY=0.0,border=,flags=0,maximumSize=,minimumSize=,preferredSize=]
                        org.openscience.jchempaint.JCPToolBar$1[name='eraser', text='', enabled=true, visible=true, showing=false]
                      javax.swing.JToolBar$Separator[,108,2,11x31,invalid,alignmentX=0.0,alignmentY=0.0,border=,flags=0,maximumSize=,minimumSize=,preferredSize=,orientation=VERTICAL]
                      javax.swing.Box[,119,2,32x31,invalid,layout=javax.swing.BoxLayout,alignmentX=0.0,alignmentY=0.0,border=,flags=0,maximumSize=,minimumSize=,preferredSize=]
                        org.openscience.jchempaint.JCPToolBar$1[name='zoomin', text='', enabled=true, visible=true, showing=false]
                      javax.swing.Box[,151,2,32x31,invalid,layout=javax.swing.BoxLayout,alignmentX=0.0,alignmentY=0.0,border=,flags=0,maximumSize=,minimumSize=,preferredSize=]
                        org.openscience.jchempaint.JCPToolBar$1[name='zoomout', text='', enabled=true, visible=true, showing=false]
                      javax.swing.JToolBar$Separator[,183,2,11x31,invalid,alignmentX=0.0,alignmentY=0.0,border=,flags=0,maximumSize=,minimumSize=,preferredSize=,orientation=VERTICAL]
                      javax.swing.Box[,194,2,32x31,invalid,layout=javax.swing.BoxLayout,alignmentX=0.0,alignmentY=0.0,border=,flags=0,maximumSize=,minimumSize=,preferredSize=]
                        org.openscience.jchempaint.JCPToolBar$1[name='undo', text='', enabled=false, visible=true, showing=false]
                      javax.swing.Box[,226,2,32x31,invalid,layout=javax.swing.BoxLayout,alignmentX=0.0,alignmentY=0.0,border=,flags=0,maximumSize=,minimumSize=,preferredSize=]
                        org.openscience.jchempaint.JCPToolBar$1[name='redo', text='', enabled=false, visible=true, showing=false]
                      javax.swing.JToolBar$Separator[,258,2,11x31,invalid,alignmentX=0.0,alignmentY=0.0,border=,flags=0,maximumSize=,minimumSize=,preferredSize=,orientation=VERTICAL]
                      javax.swing.Box[,269,2,32x31,invalid,layout=javax.swing.BoxLayout,alignmentX=0.0,alignmentY=0.0,border=,flags=0,maximumSize=,minimumSize=,preferredSize=]
                        org.openscience.jchempaint.JCPToolBar$1[name='cut', text='', enabled=true, visible=true, showing=false]
                      javax.swing.Box[,301,2,32x31,invalid,layout=javax.swing.BoxLayout,alignmentX=0.0,alignmentY=0.0,border=,flags=0,maximumSize=,minimumSize=,preferredSize=]
                        org.openscience.jchempaint.JCPToolBar$1[name='copy', text='', enabled=true, visible=true, showing=false]
                      javax.swing.Box[,333,2,32x31,invalid,layout=javax.swing.BoxLayout,alignmentX=0.0,alignmentY=0.0,border=,flags=0,maximumSize=,minimumSize=,preferredSize=]
                        org.openscience.jchempaint.JCPToolBar$1[name='paste', text='', enabled=true, visible=true, showing=false]
                      javax.swing.JToolBar$Separator[,365,2,11x31,invalid,alignmentX=0.0,alignmentY=0.0,border=,flags=0,maximumSize=,minimumSize=,preferredSize=,orientation=VERTICAL]
                      javax.swing.Box[,376,2,32x31,invalid,layout=javax.swing.BoxLayout,alignmentX=0.0,alignmentY=0.0,border=,flags=0,maximumSize=,minimumSize=,preferredSize=]
                        org.openscience.jchempaint.JCPToolBar$1[name='flipHorizontal', text='', enabled=true, visible=true, showing=false]
                      javax.swing.Box[,408,2,32x31,invalid,layout=javax.swing.BoxLayout,alignmentX=0.0,alignmentY=0.0,border=,flags=0,maximumSize=,minimumSize=,preferredSize=]
                        org.openscience.jchempaint.JCPToolBar$1[name='flipVertical', text='', enabled=true, visible=true, showing=false]
                      javax.swing.Box[,440,2,32x31,invalid,layout=javax.swing.BoxLayout,alignmentX=0.0,alignmentY=0.0,border=,flags=0,maximumSize=,minimumSize=,preferredSize=]
                        org.openscience.jchempaint.JCPToolBar$1[name='rotate', text='', enabled=true, visible=true, showing=false]
                      javax.swing.Box[,472,2,32x31,invalid,layout=javax.swing.BoxLayout,alignmentX=0.0,alignmentY=0.0,border=,flags=0,maximumSize=,minimumSize=,preferredSize=]
                        org.openscience.jchempaint.JCPToolBar$1[name='rotate3d', text='', enabled=true, visible=true, showing=false]
                      javax.swing.Box$Filler[,504,17,192x0,invalid,alignmentX=0.0,alignmentY=0.0,border=,flags=0,maximumSize=java.awt.Dimension[width=32767,height=0],minimumSize=java.awt.Dimension[width=0,height=0],preferredSize=java.awt.Dimension[width=0,height=0]]
                  javax.swing.JPanel[name=null]
                    javax.swing.JScrollPane[name=null, enabled=true, visible=true, showing=false]
                      javax.swing.JViewport[,2,2,616x519,invalid,layout=javax.swing.ViewportLayout,alignmentX=0.0,alignmentY=0.0,border=,flags=8388616,maximumSize=,minimumSize=,preferredSize=,isViewSizeSet=true,lastPaintPosition=java.awt.Point[x=0,y=0],scrollUnderway=false]
                        org.openscience.jchempaint.RenderPanel[name='renderpanel']
                      javax.swing.JScrollPane$ScrollBar[name=null, value=0, blockIncrement=10, minimum=0, maximum=519, enabled=true, visible=false, showing=false]
                      javax.swing.JScrollPane$ScrollBar[name=null, value=0, blockIncrement=10, minimum=0, maximum=616, enabled=true, visible=false, showing=false]
                    javax.swing.JToolBar[name=null]
                      javax.swing.Box[,4,12,32x31,invalid,layout=javax.swing.BoxLayout,alignmentX=0.0,alignmentY=0.0,border=,flags=0,maximumSize=,minimumSize=,preferredSize=]
                        org.openscience.jchempaint.JCPToolBar$1[name='bondTool', text='', enabled=true, visible=true, showing=false]
                      javax.swing.Box[,4,43,32x31,invalid,layout=javax.swing.BoxLayout,alignmentX=0.0,alignmentY=0.0,border=,flags=0,maximumSize=,minimumSize=,preferredSize=]
                        org.openscience.jchempaint.JCPToolBar$1[name='double_bondTool', text='', enabled=true, visible=true, showing=false]
                      javax.swing.Box[,4,74,32x31,invalid,layout=javax.swing.BoxLayout,alignmentX=0.0,alignmentY=0.0,border=,flags=0,maximumSize=,minimumSize=,preferredSize=]
                        org.openscience.jchempaint.JCPToolBar$1[name='triple_bondTool', text='', enabled=true, visible=true, showing=false]
                      javax.swing.Box[,4,105,32x31,invalid,layout=javax.swing.BoxLayout,alignmentX=0.0,alignmentY=0.0,border=,flags=0,maximumSize=,minimumSize=,preferredSize=]
                        org.openscience.jchempaint.JCPToolBar$1[name='chain', text='', enabled=true, visible=true, showing=false]
                      javax.swing.JToolBar$Separator[,4,136,32x11,invalid,alignmentX=0.0,alignmentY=0.0,border=,flags=0,maximumSize=,minimumSize=,preferredSize=,orientation=HORIZONTAL]
                      javax.swing.Box[,4,147,32x31,invalid,layout=javax.swing.BoxLayout,alignmentX=0.0,alignmentY=0.0,border=,flags=0,maximumSize=,minimumSize=,preferredSize=]
                        org.openscience.jchempaint.JCPToolBar$1[name='up_bond', text='', enabled=true, visible=true, showing=false]
                      javax.swing.Box[,4,178,32x31,invalid,layout=javax.swing.BoxLayout,alignmentX=0.0,alignmentY=0.0,border=,flags=0,maximumSize=,minimumSize=,preferredSize=]
                        org.openscience.jchempaint.JCPToolBar$1[name='down_bond', text='', enabled=true, visible=true, showing=false]
                      javax.swing.Box[,4,209,32x31,invalid,layout=javax.swing.BoxLayout,alignmentX=0.0,alignmentY=0.0,border=,flags=0,maximumSize=,minimumSize=,preferredSize=]
                        org.openscience.jchempaint.JCPToolBar$1[name='undefined_bond', text='', enabled=true, visible=true, showing=false]
                      javax.swing.Box[,4,240,32x31,invalid,layout=javax.swing.BoxLayout,alignmentX=0.0,alignmentY=0.0,border=,flags=0,maximumSize=,minimumSize=,preferredSize=]
                        org.openscience.jchempaint.JCPToolBar$1[name='undefined_stereo_bond', text='', enabled=true, visible=true, showing=false]
                      javax.swing.JToolBar$Separator[,4,271,32x11,invalid,alignmentX=0.0,alignmentY=0.0,border=,flags=0,maximumSize=,minimumSize=,preferredSize=,orientation=HORIZONTAL]
                      javax.swing.Box[,4,282,32x31,invalid,layout=javax.swing.BoxLayout,alignmentX=0.0,alignmentY=0.0,border=,flags=0,maximumSize=,minimumSize=,preferredSize=]
                        org.openscience.jchempaint.JCPToolBar$1[name='reactionArrow', text='', enabled=true, visible=true, showing=false]
                    javax.swing.JToolBar[name=null]
                      javax.swing.Box[,4,12,32x31,invalid,layout=javax.swing.BoxLayout,alignmentX=0.0,alignmentY=0.0,border=,flags=0,maximumSize=,minimumSize=,preferredSize=]
                        org.openscience.jchempaint.JCPToolBar$1[name='triangle', text='', enabled=true, visible=true, showing=false]
                      javax.swing.Box[,4,43,32x31,invalid,layout=javax.swing.BoxLayout,alignmentX=0.0,alignmentY=0.0,border=,flags=0,maximumSize=,minimumSize=,preferredSize=]
                        org.openscience.jchempaint.JCPToolBar$1[name='square', text='', enabled=true, visible=true, showing=false]
                      javax.swing.Box[,4,74,32x31,invalid,layout=javax.swing.BoxLayout,alignmentX=0.0,alignmentY=0.0,border=,flags=0,maximumSize=,minimumSize=,preferredSize=]
                        org.openscience.jchempaint.JCPToolBar$1[name='pentagon', text='', enabled=true, visible=true, showing=false]
                      javax.swing.Box[,4,105,32x31,invalid,layout=javax.swing.BoxLayout,alignmentX=0.0,alignmentY=0.0,border=,flags=0,maximumSize=,minimumSize=,preferredSize=]
                        org.openscience.jchempaint.JCPToolBar$1[name='hexagon', text='', enabled=true, visible=true, showing=false]
                      javax.swing.Box[,4,136,32x31,invalid,layout=javax.swing.BoxLayout,alignmentX=0.0,alignmentY=0.0,border=,flags=0,maximumSize=,minimumSize=,preferredSize=]
                        org.openscience.jchempaint.JCPToolBar$1[name='benzene', text='', enabled=true, visible=true, showing=false]
                      javax.swing.Box[,4,167,32x31,invalid,layout=javax.swing.BoxLayout,alignmentX=0.0,alignmentY=0.0,border=,flags=0,maximumSize=,minimumSize=,preferredSize=]
                        org.openscience.jchempaint.JCPToolBar$1[name='octagon', text='', enabled=true, visible=true, showing=false]
                      javax.swing.JToolBar$Separator[,4,198,32x11,invalid,alignmentX=0.0,alignmentY=0.0,border=,flags=0,maximumSize=,minimumSize=,preferredSize=,orientation=HORIZONTAL]
                      javax.swing.Box[,4,209,32x31,invalid,layout=javax.swing.BoxLayout,alignmentX=0.0,alignmentY=0.0,border=,flags=0,maximumSize=,minimumSize=,preferredSize=]
                        org.openscience.jchempaint.JCPToolBar$1[name='pasteTemplate', text='', enabled=true, visible=true, showing=false]
                    javax.swing.JToolBar[name=null]
                      javax.swing.Box[,12,2,32x31,invalid,layout=javax.swing.BoxLayout,alignmentX=0.0,alignmentY=0.0,border=,flags=0,maximumSize=,minimumSize=,preferredSize=]
                        org.openscience.jchempaint.JCPToolBar$1[name='C', text='', enabled=true, visible=true, showing=false]
                      javax.swing.Box[,44,2,32x31,invalid,layout=javax.swing.BoxLayout,alignmentX=0.0,alignmentY=0.0,border=,flags=0,maximumSize=,minimumSize=,preferredSize=]
                        org.openscience.jchempaint.JCPToolBar$1[name='H', text='', enabled=true, visible=true, showing=false]
                      javax.swing.Box[,76,2,32x31,invalid,layout=javax.swing.BoxLayout,alignmentX=0.0,alignmentY=0.0,border=,flags=0,maximumSize=,minimumSize=,preferredSize=]
                        org.openscience.jchempaint.JCPToolBar$1[name='O', text='', enabled=true, visible=true, showing=false]
                      javax.swing.Box[,108,2,32x31,invalid,layout=javax.swing.BoxLayout,alignmentX=0.0,alignmentY=0.0,border=,flags=0,maximumSize=,minimumSize=,preferredSize=]
                        org.openscience.jchempaint.JCPToolBar$1[name='N', text='', enabled=true, visible=true, showing=false]
                      javax.swing.Box[,140,2,32x31,invalid,layout=javax.swing.BoxLayout,alignmentX=0.0,alignmentY=0.0,border=,flags=0,maximumSize=,minimumSize=,preferredSize=]
                        org.openscience.jchempaint.JCPToolBar$1[name='P', text='', enabled=true, visible=true, showing=false]
                      javax.swing.Box[,172,2,32x31,invalid,layout=javax.swing.BoxLayout,alignmentX=0.0,alignmentY=0.0,border=,flags=0,maximumSize=,minimumSize=,preferredSize=]
                        org.openscience.jchempaint.JCPToolBar$1[name='S', text='', enabled=true, visible=true, showing=false]
                      javax.swing.Box[,204,2,32x31,invalid,layout=javax.swing.BoxLayout,alignmentX=0.0,alignmentY=0.0,border=,flags=0,maximumSize=,minimumSize=,preferredSize=]
                        org.openscience.jchempaint.JCPToolBar$1[name='F', text='', enabled=true, visible=true, showing=false]
                      javax.swing.Box[,236,2,32x31,invalid,layout=javax.swing.BoxLayout,alignmentX=0.0,alignmentY=0.0,border=,flags=0,maximumSize=,minimumSize=,preferredSize=]
                        org.openscience.jchempaint.JCPToolBar$1[name='Cl', text='', enabled=true, visible=true, showing=false]
                      javax.swing.Box[,268,2,32x31,invalid,layout=javax.swing.BoxLayout,alignmentX=0.0,alignmentY=0.0,border=,flags=0,maximumSize=,minimumSize=,preferredSize=]
                        org.openscience.jchempaint.JCPToolBar$1[name='Br', text='', enabled=true, visible=true, showing=false]
                      javax.swing.Box[,300,2,32x31,invalid,layout=javax.swing.BoxLayout,alignmentX=0.0,alignmentY=0.0,border=,flags=0,maximumSize=,minimumSize=,preferredSize=]
                        org.openscience.jchempaint.JCPToolBar$1[name='I', text='', enabled=true, visible=true, showing=false]
                      javax.swing.Box[,332,2,32x31,invalid,layout=javax.swing.BoxLayout,alignmentX=0.0,alignmentY=0.0,border=,flags=0,maximumSize=,minimumSize=,preferredSize=]
                        org.openscience.jchempaint.JCPToolBar$1[name='enterelement', text='', enabled=true, visible=true, showing=false]
                      javax.swing.Box[,364,2,32x31,invalid,layout=javax.swing.BoxLayout,alignmentX=0.0,alignmentY=0.0,border=,flags=0,maximumSize=,minimumSize=,preferredSize=]
                        org.openscience.jchempaint.JCPToolBar$1[name='periodictable', text='', enabled=true, visible=true, showing=false]
                      javax.swing.Box$Filler[,396,17,300x0,invalid,alignmentX=0.0,alignmentY=0.0,border=,flags=0,maximumSize=java.awt.Dimension[width=32767,height=0],minimumSize=java.awt.Dimension[width=0,height=0],preferredSize=java.awt.Dimension[width=0,height=0]]
                    org.openscience.jchempaint.InsertTextPanel[name=null]
                      javax.swing.JComboBox[name=null, selectedItem='', contents=[''], editable=true, enabled=true, visible=true, showing=false]
                        com.apple.laf.AquaComboBoxButton[name=null, text='', enabled=true, visible=true, showing=false]
                        javax.swing.CellRendererPane[,0,0,0x0,invalid,hidden]
                        com.apple.laf.AquaComboBoxUI$AquaCustomComboTextField[name=null, text='', enabled=true, visible=true, showing=false]
                      javax.swing.JButton[name=null, text='Insert', enabled=true, visible=true, showing=false]
        javax.swing.JLabel[name='status', text='Applet loaded', enabled=true, visible=true, showing=false]
org.fest.swing.applet.AppletViewer[name='frame2', title='Applet Viewer: org.openscience.jchempaint.applet.JChemPaintEditorApplet', enabled=true, visible=false, showing=false]
  javax.swing.JRootPane[]
    javax.swing.JPanel[name='null.glassPane']
    javax.swing.JLayeredPane[]
      javax.swing.JPanel[name='null.contentPane']
        org.openscience.jchempaint.applet.JChemPaintEditorApplet[name='panel2']
          javax.swing.JRootPane[]
            javax.swing.JPanel[name='null.glassPane']
            javax.swing.JLayeredPane[]
              javax.swing.JPanel[name='null.contentPane']
                org.openscience.jchempaint.JChemPaintPanel[name='appletframe']
                  javax.swing.JPanel[name=null]
                    org.openscience.jchempaint.JChemPaintMenuBar[]
                      javax.swing.JMenu[name='file', text='File', selected=false, enabled=true, visible=true, showing=false]
                        javax.swing.JPopupMenu[name=null, label=null, enabled=true, visible=false, showing=false]
                          javax.swing.JMenuItem[name='new', text='New', selected=false, enabled=true, visible=true, showing=false]
                          javax.swing.JMenuItem[name='open', text='Open', selected=false, enabled=true, visible=true, showing=false]
                          javax.swing.JMenuItem[name='save', text='Save', selected=false, enabled=true, visible=true, showing=false]
                          javax.swing.JMenuItem[name='saveAs', text='Save As...', selected=false, enabled=true, visible=true, showing=false]
                          javax.swing.JPopupMenu$Separator[,0,0,0x0,invalid,alignmentX=0.0,alignmentY=0.0,border=,flags=0,maximumSize=,minimumSize=,preferredSize=,orientation=HORIZONTAL]
                          javax.swing.JMenuItem[name='export', text='Save As Image...', selected=false, enabled=true, visible=true, showing=false]
                          javax.swing.JMenuItem[name='print', text='Print...', selected=false, enabled=true, visible=true, showing=false]
                      javax.swing.JMenu[name='edit', text='Edit', selected=false, enabled=true, visible=true, showing=false]
                        javax.swing.JPopupMenu[name=null, label=null, enabled=true, visible=false, showing=false]
                          javax.swing.JMenuItem[name='undo', text='Undo', selected=false, enabled=false, visible=true, showing=false]
                          javax.swing.JMenuItem[name='redo', text='Redo', selected=false, enabled=false, visible=true, showing=false]
                          javax.swing.JPopupMenu$Separator[,0,0,0x0,invalid,alignmentX=0.0,alignmentY=0.0,border=,flags=0,maximumSize=,minimumSize=,preferredSize=,orientation=HORIZONTAL]
                          javax.swing.JMenuItem[name='cut', text='Cut', selected=false, enabled=true, visible=true, showing=false]
                          javax.swing.JMenuItem[name='copy', text='Copy', selected=false, enabled=true, visible=true, showing=false]
                          javax.swing.JMenuItem[name='copyAsSmiles', text='Copy As SMILES', selected=false, enabled=true, visible=true, showing=false]
                          javax.swing.JMenuItem[name='paste', text='Paste', selected=false, enabled=true, visible=true, showing=false]
                          javax.swing.JPopupMenu$Separator[,0,0,0x0,invalid,alignmentX=0.0,alignmentY=0.0,border=,flags=0,maximumSize=,minimumSize=,preferredSize=,orientation=HORIZONTAL]
                          javax.swing.JMenuItem[name='eraser', text='Delete', selected=false, enabled=true, visible=true, showing=false]
                          javax.swing.JMenuItem[name='selectAll', text='Select All', selected=false, enabled=true, visible=true, showing=false]
                          javax.swing.JPopupMenu$Separator[,0,0,0x0,invalid,alignmentX=0.0,alignmentY=0.0,border=,flags=0,maximumSize=,minimumSize=,preferredSize=,orientation=HORIZONTAL]
                          javax.swing.JMenuItem[name='options', text='Preferences...', selected=false, enabled=true, visible=true, showing=false]
                      javax.swing.JMenu[name='view', text='View', selected=false, enabled=true, visible=true, showing=false]
                        javax.swing.JPopupMenu[name=null, label=null, enabled=true, visible=false, showing=false]
                          javax.swing.JMenuItem[name='zoomin', text='Zoom In', selected=false, enabled=true, visible=true, showing=false]
                          javax.swing.JMenuItem[name='zoomout', text='Zoom Out', selected=false, enabled=true, visible=true, showing=false]
                          javax.swing.JMenuItem[name='zoomoriginal', text='Zoom 100%', selected=false, enabled=true, visible=true, showing=false]
                          javax.swing.JPopupMenu$Separator[,0,0,0x0,invalid,alignmentX=0.0,alignmentY=0.0,border=,flags=0,maximumSize=,minimumSize=,preferredSize=,orientation=HORIZONTAL]
                          javax.swing.JMenuItem[name='cleanup', text='Clean Structure', selected=false, enabled=true, visible=true, showing=false]
                          javax.swing.JMenu[name='flip', text='Flip', selected=false, enabled=true, visible=true, showing=false]
                            javax.swing.JPopupMenu[name=null, label=null, enabled=true, visible=false, showing=false]
                              javax.swing.JMenuItem[name='flipHorizontal', text='Horizontal', selected=false, enabled=true, visible=true, showing=false]
                              javax.swing.JMenuItem[name='flipVertical', text='Vertical', selected=false, enabled=true, visible=true, showing=false]
                          javax.swing.JMenu[name='hydrogen', text='Implicit Hydrogens', selected=false, enabled=true, visible=true, showing=false]
                            javax.swing.JPopupMenu[name=null, label=null, enabled=true, visible=false, showing=false]
                              javax.swing.JMenuItem[name='hydroon', text='On All', selected=false, enabled=true, visible=true, showing=false]
                              javax.swing.JMenuItem[name='hydrooff', text='Off', selected=false, enabled=true, visible=true, showing=false]
                      javax.swing.JMenu[name='atomMenu', text='Atom', selected=false, enabled=true, visible=true, showing=false]
                        javax.swing.JPopupMenu[name=null, label=null, enabled=true, visible=false, showing=false]
                          javax.swing.JMenu[name='formalCharge', text='Charge', selected=false, enabled=false, visible=true, showing=false]
                            javax.swing.JPopupMenu[name=null, label=null, enabled=true, visible=false, showing=false]
                              javax.swing.JMenuItem[name='plus', text='Plus', selected=false, enabled=true, visible=true, showing=false]
                              javax.swing.JMenuItem[name='minus', text='Minus', selected=false, enabled=true, visible=true, showing=false]
                          javax.swing.JMenu[name='hydrogen', text='Implicit Hydrogens', selected=false, enabled=false, visible=true, showing=false]
                            javax.swing.JPopupMenu[name=null, label=null, enabled=true, visible=false, showing=false]
                              javax.swing.JMenuItem[name='hydroon2', text='On All', selected=false, enabled=true, visible=true, showing=false]
                              javax.swing.JMenuItem[name='hydrooff2', text='Off', selected=false, enabled=true, visible=true, showing=false]
                          javax.swing.JMenu[name='isotopeChange', text='Isotopes', selected=false, enabled=false, visible=true, showing=false]
                            javax.swing.JPopupMenu[name=null, label=null, enabled=true, visible=false, showing=false]
                              javax.swing.JMenuItem[name='majorPlusThree', text='Major Plus 3', selected=false, enabled=true, visible=true, showing=false]
                              javax.swing.JMenuItem[name='majorPlusTwo', text='Major Plus 2', selected=false, enabled=true, visible=true, showing=false]
                              javax.swing.JMenuItem[name='majorPlusOne', text='Major Plus 1', selected=false, enabled=true, visible=true, showing=false]
                              javax.swing.JMenuItem[name='major', text='Major Isotope', selected=false, enabled=true, visible=true, showing=false]
                              javax.swing.JMenuItem[name='majorMinusOne', text='Major Minus 1', selected=false, enabled=true, visible=true, showing=false]
                              javax.swing.JMenuItem[name='majorMinusTwo', text='Major Minus 2', selected=false, enabled=true, visible=true, showing=false]
                              javax.swing.JMenuItem[name='majorMinusThree', text='Major Minus 3', selected=false, enabled=true, visible=true, showing=false]
                          javax.swing.JMenu[name='radical', text='Radical', selected=false, enabled=false, visible=true, showing=false]
                            javax.swing.JPopupMenu[name=null, label=null, enabled=true, visible=false, showing=false]
                              javax.swing.JMenuItem[name='convertToRadical', text='Add Single Electron', selected=false, enabled=true, visible=true, showing=false]
                              javax.swing.JMenuItem[name='convertFromRadical', text='Remove Single Electron', selected=false, enabled=true, visible=true, showing=false]
                          javax.swing.JMenu[name='pseudoSymbols', text='Pseudo Atoms', selected=false, enabled=false, visible=true, showing=false]
                            javax.swing.JPopupMenu[name=null, label=null, enabled=true, visible=false, showing=false]
                              javax.swing.JMenuItem[name='pseudoR', text='R', selected=false, enabled=true, visible=true, showing=false]
                              javax.swing.JMenuItem[name='pseudoR1', text='R1', selected=false, enabled=true, visible=true, showing=false]
                              javax.swing.JMenuItem[name='pseudoR2', text='R2', selected=false, enabled=true, visible=true, showing=false]
                              javax.swing.JMenuItem[name='pseudoR3', text='R3', selected=false, enabled=true, visible=true, showing=false]
                              javax.swing.JMenuItem[name='pseudoR4', text='R4', selected=false, enabled=true, visible=true, showing=false]
                              javax.swing.JMenuItem[name='pseudoRX', text='Other...', selected=false, enabled=true, visible=true, showing=false]
                          javax.swing.JMenuItem[name='pseudoStar', text='Variable Attachment Point *', selected=false, enabled=false, visible=true, showing=false]
                          javax.swing.JMenu[name='valence', text='Valence', selected=false, enabled=false, visible=true, showing=false]
                            javax.swing.JPopupMenu[name=null, label=null, enabled=true, visible=false, showing=false]
                              javax.swing.JMenuItem[name='valenceOff', text='Valence Off', selected=false, enabled=true, visible=true, showing=false]
                              javax.swing.JMenuItem[name='valence1', text='Valence 1', selected=false, enabled=true, visible=true, showing=false]
                              javax.swing.JMenuItem[name='valence2', text='Valence 2', selected=false, enabled=true, visible=true, showing=false]
                              javax.swing.JMenuItem[name='valence3', text='Valence 3', selected=false, enabled=true, visible=true, showing=false]
                              javax.swing.JMenuItem[name='valence4', text='Valence 4', selected=false, enabled=true, visible=true, showing=false]
                              javax.swing.JMenuItem[name='valence5', text='Valence 5', selected=false, enabled=true, visible=true, showing=false]
                              javax.swing.JMenuItem[name='valence6', text='Valence 6', selected=false, enabled=true, visible=true, showing=false]
                              javax.swing.JMenuItem[name='valence7', text='Valence 7', selected=false, enabled=true, visible=true, showing=false]
                              javax.swing.JMenuItem[name='valence8', text='Valence 8', selected=false, enabled=true, visible=true, showing=false]
                          javax.swing.JMenu[name='symbolChange', text='Change Element', selected=false, enabled=false, visible=true, showing=false]
                            javax.swing.JPopupMenu[name=null, label=null, enabled=true, visible=false, showing=false]
                              javax.swing.JMenuItem[name='periodictable', text='Periodic Table', selected=false, enabled=true, visible=true, showing=false]
                              javax.swing.JMenuItem[name='enterelement', text='Custom', selected=false, enabled=true, visible=true, showing=false]
                              javax.swing.JPopupMenu$Separator[,0,0,0x0,invalid,alignmentX=0.0,alignmentY=0.0,border=,flags=0,maximumSize=,minimumSize=,preferredSize=,orientation=HORIZONTAL]
                              javax.swing.JMenu[name='commonSymbols', text='Common Elements', selected=false, enabled=true, visible=true, showing=false]
                                javax.swing.JPopupMenu[name=null, label=null, enabled=true, visible=false, showing=false]
                                  javax.swing.JMenuItem[name='symbolH', text='H', selected=false, enabled=true, visible=true, showing=false]
                                  javax.swing.JMenuItem[name='symbolC', text='C', selected=false, enabled=true, visible=true, showing=false]
                                  javax.swing.JMenuItem[name='symbolN', text='N', selected=false, enabled=true, visible=true, showing=false]
                                  javax.swing.JMenuItem[name='symbolO', text='O', selected=false, enabled=true, visible=true, showing=false]
                                  javax.swing.JMenuItem[name='symbolS', text='S', selected=false, enabled=true, visible=true, showing=false]
                                  javax.swing.JMenuItem[name='symbolF', text='F', selected=false, enabled=true, visible=true, showing=false]
                                  javax.swing.JMenuItem[name='symbolP', text='P', selected=false, enabled=true, visible=true, showing=false]
                                  javax.swing.JMenuItem[name='symbolCl', text='Cl', selected=false, enabled=true, visible=true, showing=false]
                                  javax.swing.JMenuItem[name='symbolBr', text='Br', selected=false, enabled=true, visible=true, showing=false]
                                  javax.swing.JMenuItem[name='symbolI', text='I', selected=false, enabled=true, visible=true, showing=false]
                              javax.swing.JMenu[name='alkaliMetals', text='Alkali Metals', selected=false, enabled=true, visible=true, showing=false]
                                javax.swing.JPopupMenu[name=null, label=null, enabled=true, visible=false, showing=false]
                                  javax.swing.JMenuItem[name='symbolLi', text='Li', selected=false, enabled=true, visible=true, showing=false]
                                  javax.swing.JMenuItem[name='symbolNa', text='Na', selected=false, enabled=true, visible=true, showing=false]
                                  javax.swing.JMenuItem[name='symbolK', text='K', selected=false, enabled=true, visible=true, showing=false]
                                  javax.swing.JMenuItem[name='symbolRb', text='Rb', selected=false, enabled=true, visible=true, showing=false]
                                  javax.swing.JMenuItem[name='symbolCs', text='Cs', selected=false, enabled=true, visible=true, showing=false]
                                  javax.swing.JMenuItem[name='symbolFr', text='Fr', selected=false, enabled=true, visible=true, showing=false]
                              javax.swing.JMenu[name='alkaliEarthMetals', text='Alkali Earth Metals', selected=false, enabled=true, visible=true, showing=false]
                                javax.swing.JPopupMenu[name=null, label=null, enabled=true, visible=false, showing=false]
                                  javax.swing.JMenuItem[name='symbolBe', text='Be', selected=false, enabled=true, visible=true, showing=false]
                                  javax.swing.JMenuItem[name='symbolMg', text='Mg', selected=false, enabled=true, visible=true, showing=false]
                                  javax.swing.JMenuItem[name='symbolCa', text='Ca', selected=false, enabled=true, visible=true, showing=false]
                                  javax.swing.JMenuItem[name='symbolSr', text='Sr', selected=false, enabled=true, visible=true, showing=false]
                                  javax.swing.JMenuItem[name='symbolBa', text='Ba', selected=false, enabled=true, visible=true, showing=false]
                                  javax.swing.JMenuItem[name='symbolRa', text='Ra', selected=false, enabled=true, visible=true, showing=false]
                              javax.swing.JMenu[name='transitionMetals', text='Transition Metals', selected=false, enabled=true, visible=true, showing=false]
                                javax.swing.JPopupMenu[name=null, label=null, enabled=true, visible=false, showing=false]
                                  javax.swing.JMenuItem[name='symbolSc', text='Sc', selected=false, enabled=true, visible=true, showing=false]
                                  javax.swing.JMenuItem[name='symbolTi', text='Ti', selected=false, enabled=true, visible=true, showing=false]
                                  javax.swing.JMenuItem[name='symbolV', text='V', selected=false, enabled=true, visible=true, showing=false]
                                  javax.swing.JMenuItem[name='symbolCr', text='Cr', selected=false, enabled=true, visible=true, showing=false]
                                  javax.swing.JMenuItem[name='symbolMn', text='Mn', selected=false, enabled=true, visible=true, showing=false]
                                  javax.swing.JMenuItem[name='symbolFe', text='Fe', selected=false, enabled=true, visible=true, showing=false]
                                  javax.swing.JMenuItem[name='symbolCo', text='Co', selected=false, enabled=true, visible=true, showing=false]
                                  javax.swing.JMenuItem[name='symbolNi', text='Ni', selected=false, enabled=true, visible=true, showing=false]
                                  javax.swing.JMenuItem[name='symbolCu', text='Cu', selected=false, enabled=true, visible=true, showing=false]
                                  javax.swing.JMenuItem[name='symbolZn', text='Zn', selected=false, enabled=true, visible=true, showing=false]
                                  javax.swing.JMenuItem[name='symbolY', text='Y', selected=false, enabled=true, visible=true, showing=false]
                                  javax.swing.JMenuItem[name='symbolZr', text='Zr', selected=false, enabled=true, visible=true, showing=false]
                                  javax.swing.JMenuItem[name='symbolNb', text='Nb', selected=false, enabled=true, visible=true, showing=false]
                                  javax.swing.JMenuItem[name='symbolMo', text='Mo', selected=false, enabled=true, visible=true, showing=false]
                                  javax.swing.JMenuItem[name='symbolTc', text='Tc', selected=false, enabled=true, visible=true, showing=false]
                                  javax.swing.JMenuItem[name='symbolRu', text='Ru', selected=false, enabled=true, visible=true, showing=false]
                                  javax.swing.JMenuItem[name='symbolRh', text='Rh', selected=false, enabled=true, visible=true, showing=false]
                                  javax.swing.JMenuItem[name='symbolPd', text='Pd', selected=false, enabled=true, visible=true, showing=false]
                                  javax.swing.JMenuItem[name='symbolAg', text='Ag', selected=false, enabled=true, visible=true, showing=false]
                                  javax.swing.JMenuItem[name='symbolCd', text='Cd', selected=false, enabled=true, visible=true, showing=false]
                                  javax.swing.JMenuItem[name='symbolHf', text='Hf', selected=false, enabled=true, visible=true, showing=false]
                                  javax.swing.JMenuItem[name='symbolTa', text='Ta', selected=false, enabled=true, visible=true, showing=false]
                                  javax.swing.JMenuItem[name='symbolW', text='W', selected=false, enabled=true, visible=true, showing=false]
                                  javax.swing.JMenuItem[name='symbolRe', text='Re', selected=false, enabled=true, visible=true, showing=false]
[...]
                        org.openscience.jchempaint.JCPToolBar$1[name='undo', text='', enabled=false, visible=true, showing=false]
                      javax.swing.Box[,226,2,32x31,invalid,layout=javax.swing.BoxLayout,alignmentX=0.0,alignmentY=0.0,border=,flags=0,maximumSize=,minimumSize=,preferredSize=]
                        org.openscience.jchempaint.JCPToolBar$1[name='redo', text='', enabled=false, visible=true, showing=false]
                      javax.swing.JToolBar$Separator[,258,2,11x31,invalid,alignmentX=0.0,alignmentY=0.0,border=,flags=0,maximumSize=,minimumSize=,preferredSize=,orientation=VERTICAL]
                      javax.swing.Box[,269,2,32x31,invalid,layout=javax.swing.BoxLayout,alignmentX=0.0,alignmentY=0.0,border=,flags=0,maximumSize=,minimumSize=,preferredSize=]
                        org.openscience.jchempaint.JCPToolBar$1[name='cut', text='', enabled=true, visible=true, showing=false]
                      javax.swing.Box[,301,2,32x31,invalid,layout=javax.swing.BoxLayout,alignmentX=0.0,alignmentY=0.0,border=,flags=0,maximumSize=,minimumSize=,preferredSize=]
                        org.openscience.jchempaint.JCPToolBar$1[name='copy', text='', enabled=true, visible=true, showing=false]
                      javax.swing.Box[,333,2,32x31,invalid,layout=javax.swing.BoxLayout,alignmentX=0.0,alignmentY=0.0,border=,flags=0,maximumSize=,minimumSize=,preferredSize=]
                        org.openscience.jchempaint.JCPToolBar$1[name='paste', text='', enabled=true, visible=true, showing=false]
                      javax.swing.JToolBar$Separator[,365,2,11x31,invalid,alignmentX=0.0,alignmentY=0.0,border=,flags=0,maximumSize=,minimumSize=,preferredSize=,orientation=VERTICAL]
                      javax.swing.Box[,376,2,32x31,invalid,layout=javax.swing.BoxLayout,alignmentX=0.0,alignmentY=0.0,border=,flags=0,maximumSize=,minimumSize=,preferredSize=]
                        org.openscience.jchempaint.JCPToolBar$1[name='flipHorizontal', text='', enabled=true, visible=true, showing=false]
                      javax.swing.Box[,408,2,32x31,invalid,layout=javax.swing.BoxLayout,alignmentX=0.0,alignmentY=0.0,border=,flags=0,maximumSize=,minimumSize=,preferredSize=]
                        org.openscience.jchempaint.JCPToolBar$1[name='flipVertical', text='', enabled=true, visible=true, showing=false]
                      javax.swing.Box[,440,2,32x31,invalid,layout=javax.swing.BoxLayout,alignmentX=0.0,alignmentY=0.0,border=,flags=0,maximumSize=,minimumSize=,preferredSize=]
                        org.openscience.jchempaint.JCPToolBar$1[name='rotate', text='', enabled=true, visible=true, showing=false]
                      javax.swing.Box[,472,2,32x31,invalid,layout=javax.swing.BoxLayout,alignmentX=0.0,alignmentY=0.0,border=,flags=0,maximumSize=,minimumSize=,preferredSize=]
                        org.openscience.jchempaint.JCPToolBar$1[name='rotate3d', text='', enabled=true, visible=true, showing=false]
                      javax.swing.Box$Filler[,504,17,192x0,invalid,alignmentX=0.0,alignmentY=0.0,border=,flags=0,maximumSize=java.awt.Dimension[width=32767,height=0],minimumSize=java.awt.Dimension[width=0,height=0],preferredSize=java.awt.Dimension[width=0,height=0]]
                  javax.swing.JPanel[name=null]
                    javax.swing.JScrollPane[name=null, enabled=true, visible=true, showing=false]
                      javax.swing.JViewport[,2,2,616x519,invalid,layout=javax.swing.ViewportLayout,alignmentX=0.0,alignmentY=0.0,border=,flags=8388616,maximumSize=,minimumSize=,preferredSize=,isViewSizeSet=true,lastPaintPosition=java.awt.Point[x=0,y=0],scrollUnderway=false]
                        org.openscience.jchempaint.RenderPanel[name='renderpanel']
                      javax.swing.JScrollPane$ScrollBar[name=null, value=0, blockIncrement=10, minimum=0, maximum=519, enabled=true, visible=false, showing=false]
                      javax.swing.JScrollPane$ScrollBar[name=null, value=0, blockIncrement=10, minimum=0, maximum=616, enabled=true, visible=false, showing=false]
                    javax.swing.JToolBar[name=null]
                      javax.swing.Box[,4,12,32x31,invalid,layout=javax.swing.BoxLayout,alignmentX=0.0,alignmentY=0.0,border=,flags=0,maximumSize=,minimumSize=,preferredSize=]
                        org.openscience.jchempaint.JCPToolBar$1[name='bondTool', text='', enabled=true, visible=true, showing=false]
                      javax.swing.Box[,4,43,32x31,invalid,layout=javax.swing.BoxLayout,alignmentX=0.0,alignmentY=0.0,border=,flags=0,maximumSize=,minimumSize=,preferredSize=]
                        org.openscience.jchempaint.JCPToolBar$1[name='double_bondTool', text='', enabled=true, visible=true, showing=false]
                      javax.swing.Box[,4,74,32x31,invalid,layout=javax.swing.BoxLayout,alignmentX=0.0,alignmentY=0.0,border=,flags=0,maximumSize=,minimumSize=,preferredSize=]
                        org.openscience.jchempaint.JCPToolBar$1[name='triple_bondTool', text='', enabled=true, visible=true, showing=false]
                      javax.swing.Box[,4,105,32x31,invalid,layout=javax.swing.BoxLayout,alignmentX=0.0,alignmentY=0.0,border=,flags=0,maximumSize=,minimumSize=,preferredSize=]
                        org.openscience.jchempaint.JCPToolBar$1[name='chain', text='', enabled=true, visible=true, showing=false]
                      javax.swing.JToolBar$Separator[,4,136,32x11,invalid,alignmentX=0.0,alignmentY=0.0,border=,flags=0,maximumSize=,minimumSize=,preferredSize=,orientation=HORIZONTAL]
                      javax.swing.Box[,4,147,32x31,invalid,layout=javax.swing.BoxLayout,alignmentX=0.0,alignmentY=0.0,border=,flags=0,maximumSize=,minimumSize=,preferredSize=]
                        org.openscience.jchempaint.JCPToolBar$1[name='up_bond', text='', enabled=true, visible=true, showing=false]
                      javax.swing.Box[,4,178,32x31,invalid,layout=javax.swing.BoxLayout,alignmentX=0.0,alignmentY=0.0,border=,flags=0,maximumSize=,minimumSize=,preferredSize=]
                        org.openscience.jchempaint.JCPToolBar$1[name='down_bond', text='', enabled=true, visible=true, showing=false]
                      javax.swing.Box[,4,209,32x31,invalid,layout=javax.swing.BoxLayout,alignmentX=0.0,alignmentY=0.0,border=,flags=0,maximumSize=,minimumSize=,preferredSize=]
                        org.openscience.jchempaint.JCPToolBar$1[name='undefined_bond', text='', enabled=true, visible=true, showing=false]
                      javax.swing.Box[,4,240,32x31,invalid,layout=javax.swing.BoxLayout,alignmentX=0.0,alignmentY=0.0,border=,flags=0,maximumSize=,minimumSize=,preferredSize=]
                        org.openscience.jchempaint.JCPToolBar$1[name='undefined_stereo_bond', text='', enabled=true, visible=true, showing=false]
                      javax.swing.JToolBar$Separator[,4,271,32x11,invalid,alignmentX=0.0,alignmentY=0.0,border=,flags=0,maximumSize=,minimumSize=,preferredSize=,orientation=HORIZONTAL]
                      javax.swing.Box[,4,282,32x31,invalid,layout=javax.swing.BoxLayout,alignmentX=0.0,alignmentY=0.0,border=,flags=0,maximumSize=,minimumSize=,preferredSize=]
                        org.openscience.jchempaint.JCPToolBar$1[name='reactionArrow', text='', enabled=true, visible=true, showing=false]
                    javax.swing.JToolBar[name=null]
                      javax.swing.Box[,4,12,32x31,invalid,layout=javax.swing.BoxLayout,alignmentX=0.0,alignmentY=0.0,border=,flags=0,maximumSize=,minimumSize=,preferredSize=]
                        org.openscience.jchempaint.JCPToolBar$1[name='triangle', text='', enabled=true, visible=true, showing=false]
                      javax.swing.Box[,4,43,32x31,invalid,layout=javax.swing.BoxLayout,alignmentX=0.0,alignmentY=0.0,border=,flags=0,maximumSize=,minimumSize=,preferredSize=]
                        org.openscience.jchempaint.JCPToolBar$1[name='square', text='', enabled=true, visible=true, showing=false]
                      javax.swing.Box[,4,74,32x31,invalid,layout=javax.swing.BoxLayout,alignmentX=0.0,alignmentY=0.0,border=,flags=0,maximumSize=,minimumSize=,preferredSize=]
                        org.openscience.jchempaint.JCPToolBar$1[name='pentagon', text='', enabled=true, visible=true, showing=false]
                      javax.swing.Box[,4,105,32x31,invalid,layout=javax.swing.BoxLayout,alignmentX=0.0,alignmentY=0.0,border=,flags=0,maximumSize=,minimumSize=,preferredSize=]
                        org.openscience.jchempaint.JCPToolBar$1[name='hexagon', text='', enabled=true, visible=true, showing=false]
                      javax.swing.Box[,4,136,32x31,invalid,layout=javax.swing.BoxLayout,alignmentX=0.0,alignmentY=0.0,border=,flags=0,maximumSize=,minimumSize=,preferredSize=]
                        org.openscience.jchempaint.JCPToolBar$1[name='benzene', text='', enabled=true, visible=true, showing=false]
                      javax.swing.Box[,4,167,32x31,invalid,layout=javax.swing.BoxLayout,alignmentX=0.0,alignmentY=0.0,border=,flags=0,maximumSize=,minimumSize=,preferredSize=]
                        org.openscience.jchempaint.JCPToolBar$1[name='octagon', text='', enabled=true, visible=true, showing=false]
                      javax.swing.JToolBar$Separator[,4,198,32x11,invalid,alignmentX=0.0,alignmentY=0.0,border=,flags=0,maximumSize=,minimumSize=,preferredSize=,orientation=HORIZONTAL]
                      javax.swing.Box[,4,209,32x31,invalid,layout=javax.swing.BoxLayout,alignmentX=0.0,alignmentY=0.0,border=,flags=0,maximumSize=,minimumSize=,preferredSize=]
                        org.openscience.jchempaint.JCPToolBar$1[name='pasteTemplate', text='', enabled=true, visible=true, showing=false]
                    javax.swing.JToolBar[name=null]
                      javax.swing.Box[,12,2,32x31,invalid,layout=javax.swing.BoxLayout,alignmentX=0.0,alignmentY=0.0,border=,flags=0,maximumSize=,minimumSize=,preferredSize=]
                        org.openscience.jchempaint.JCPToolBar$1[name='C', text='', enabled=true, visible=true, showing=false]
                      javax.swing.Box[,44,2,32x31,invalid,layout=javax.swing.BoxLayout,alignmentX=0.0,alignmentY=0.0,border=,flags=0,maximumSize=,minimumSize=,preferredSize=]
                        org.openscience.jchempaint.JCPToolBar$1[name='H', text='', enabled=true, visible=true, showing=false]
                      javax.swing.Box[,76,2,32x31,invalid,layout=javax.swing.BoxLayout,alignmentX=0.0,alignmentY=0.0,border=,flags=0,maximumSize=,minimumSize=,preferredSize=]
                        org.openscience.jchempaint.JCPToolBar$1[name='O', text='', enabled=true, visible=true, showing=false]
                      javax.swing.Box[,108,2,32x31,invalid,layout=javax.swing.BoxLayout,alignmentX=0.0,alignmentY=0.0,border=,flags=0,maximumSize=,minimumSize=,preferredSize=]
                        org.openscience.jchempaint.JCPToolBar$1[name='N', text='', enabled=true, visible=true, showing=false]
                      javax.swing.Box[,140,2,32x31,invalid,layout=javax.swing.BoxLayout,alignmentX=0.0,alignmentY=0.0,border=,flags=0,maximumSize=,minimumSize=,preferredSize=]
                        org.openscience.jchempaint.JCPToolBar$1[name='P', text='', enabled=true, visible=true, showing=false]
                      javax.swing.Box[,172,2,32x31,invalid,layout=javax.swing.BoxLayout,alignmentX=0.0,alignmentY=0.0,border=,flags=0,maximumSize=,minimumSize=,preferredSize=]
                        org.openscience.jchempaint.JCPToolBar$1[name='S', text='', enabled=true, visible=true, showing=false]
                      javax.swing.Box[,204,2,32x31,invalid,layout=javax.swing.BoxLayout,alignmentX=0.0,alignmentY=0.0,border=,flags=0,maximumSize=,minimumSize=,preferredSize=]
                        org.openscience.jchempaint.JCPToolBar$1[name='F', text='', enabled=true, visible=true, showing=false]
                      javax.swing.Box[,236,2,32x31,invalid,layout=javax.swing.BoxLayout,alignmentX=0.0,alignmentY=0.0,border=,flags=0,maximumSize=,minimumSize=,preferredSize=]
                        org.openscience.jchempaint.JCPToolBar$1[name='Cl', text='', enabled=true, visible=true, showing=false]
                      javax.swing.Box[,268,2,32x31,invalid,layout=javax.swing.BoxLayout,alignmentX=0.0,alignmentY=0.0,border=,flags=0,maximumSize=,minimumSize=,preferredSize=]
                        org.openscience.jchempaint.JCPToolBar$1[name='Br', text='', enabled=true, visible=true, showing=false]
                      javax.swing.Box[,300,2,32x31,invalid,layout=javax.swing.BoxLayout,alignmentX=0.0,alignmentY=0.0,border=,flags=0,maximumSize=,minimumSize=,preferredSize=]
                        org.openscience.jchempaint.JCPToolBar$1[name='I', text='', enabled=true, visible=true, showing=false]
                      javax.swing.Box[,332,2,32x31,invalid,layout=javax.swing.BoxLayout,alignmentX=0.0,alignmentY=0.0,border=,flags=0,maximumSize=,minimumSize=,preferredSize=]
                        org.openscience.jchempaint.JCPToolBar$1[name='enterelement', text='', enabled=true, visible=true, showing=false]
                      javax.swing.Box[,364,2,32x31,invalid,layout=javax.swing.BoxLayout,alignmentX=0.0,alignmentY=0.0,border=,flags=0,maximumSize=,minimumSize=,preferredSize=]
                        org.openscience.jchempaint.JCPToolBar$1[name='periodictable', text='', enabled=true, visible=true, showing=false]
                      javax.swing.Box$Filler[,396,17,300x0,invalid,alignmentX=0.0,alignmentY=0.0,border=,flags=0,maximumSize=java.awt.Dimension[width=32767,height=0],minimumSize=java.awt.Dimension[width=0,height=0],preferredSize=java.awt.Dimension[width=0,height=0]]
                    org.openscience.jchempaint.InsertTextPanel[name=null]
                      javax.swing.JComboBox[name=null, selectedItem='', contents=[''], editable=true, enabled=true, visible=true, showing=false]
                        com.apple.laf.AquaComboBoxButton[name=null, text='', enabled=true, visible=true, showing=false]
                        javax.swing.CellRendererPane[,0,0,0x0,invalid,hidden]
                        com.apple.laf.AquaComboBoxUI$AquaCustomComboTextField[name=null, text='', enabled=true, visible=true, showing=false]
                      javax.swing.JButton[name=null, text='Insert', enabled=true, visible=true, showing=false]
        javax.swing.JLabel[name='status', text='Applet loaded', enabled=true, visible=true, showing=false]
javax.swing.SwingUtilities$SharedOwnerFrame[name='frame7', title='', enabled=true, visible=false, showing=false]

	at org.fest.swing.timing.Pause.timeoutExpired(Pause.java:83)
	at org.fest.swing.timing.Pause.pause(Pause.java:75)
	at org.fest.swing.timing.Pause.pause(Pause.java:59)
	at org.fest.swing.fixture.ContainerFixture.findDialog(ContainerFixture.java:192)
	at org.fest.swing.fixture.ContainerFixture.dialog(ContainerFixture.java:165)
	at org.fest.swing.fixture.ContainerFixture.dialog(ContainerFixture.java:159)
	at org.openscience.jchempaint.JCPEditorAppletDrawingTest.testEnterelement(JCPEditorAppletDrawingTest.java:147)
	at java.base/jdk.internal.reflect.DirectMethodHandleAccessor.invoke(DirectMethodHandleAccessor.java:103)
	at java.base/java.lang.reflect.Method.invoke(Method.java:580)
	at org.junit.runners.model.FrameworkMethod$1.runReflectiveCall(FrameworkMethod.java:59)
	at org.junit.internal.runners.model.ReflectiveCallable.run(ReflectiveCallable.java:12)
	at org.junit.runners.model.FrameworkMethod.invokeExplosively(FrameworkMethod.java:56)
	at org.junit.internal.runners.statements.InvokeMethod.evaluate(InvokeMethod.java:17)
	at org.junit.runners.ParentRunner$3.evaluate(ParentRunner.java:306)
	at org.junit.runners.BlockJUnit4ClassRunner$1.evaluate(BlockJUnit4ClassRunner.java:100)
	at org.junit.runners.ParentRunner.runLeaf(ParentRunner.java:366)
	at org.junit.runners.BlockJUnit4ClassRunner.runChild(BlockJUnit4ClassRunner.java:103)
	at org.junit.runners.BlockJUnit4ClassRunner.runChild(BlockJUnit4ClassRunner.java:63)
	at org.junit.runners.ParentRunner$4.run(ParentRunner.java:331)
	at org.junit.runners.ParentRunner$1.schedule(ParentRunner.java:79)
	at org.junit.runners.ParentRunner.runChildren(ParentRunner.java:329)
	at org.junit.runners.ParentRunner.access$100(ParentRunner.java:66)
	at org.junit.runners.ParentRunner$2.evaluate(ParentRunner.java:293)
	at org.junit.internal.runners.statements.RunBefores.evaluate(RunBefores.java:26)
	at org.junit.internal.runners.statements.RunAfters.evaluate(RunAfters.java:27)
	at org.junit.runners.ParentRunner$3.evaluate(ParentRunner.java:306)
	at org.junit.runners.ParentRunner.run(ParentRunner.java:413)
	at org.apache.maven.surefire.junit4.JUnit4Provider.execute(JUnit4Provider.java:316)
	at org.apache.maven.surefire.junit4.JUnit4Provider.executeWithRerun(JUnit4Provider.java:240)
	at org.apache.maven.surefire.junit4.JUnit4Provider.executeTestSet(JUnit4Provider.java:214)
	at org.apache.maven.surefire.junit4.JUnit4Provider.invoke(JUnit4Provider.java:155)
	at org.apache.maven.surefire.booter.ForkedBooter.runSuitesInProcess(ForkedBooter.java:385)
	at org.apache.maven.surefire.booter.ForkedBooter.execute(ForkedBooter.java:162)
	at org.apache.maven.surefire.booter.ForkedBooter.run(ForkedBooter.java:507)
	at org.apache.maven.surefire.booter.ForkedBooter.main(ForkedBooter.java:495)

org.openscience.jchempaint.JCPEditorAppletDrawingTest.testSquare -- Time elapsed: 0.523 s <<< FAILURE!
java.lang.AssertionError: expected:<11> but was:<8>
	at org.junit.Assert.fail(Assert.java:89)
	at org.junit.Assert.failNotEquals(Assert.java:835)
	at org.junit.Assert.assertEquals(Assert.java:647)
	at org.junit.Assert.assertEquals(Assert.java:633)
	at org.openscience.jchempaint.JCPEditorAppletDrawingTest.testSquare(JCPEditorAppletDrawingTest.java:252)
	at java.base/jdk.internal.reflect.DirectMethodHandleAccessor.invoke(DirectMethodHandleAccessor.java:103)
	at java.base/java.lang.reflect.Method.invoke(Method.java:580)
	at org.junit.runners.model.FrameworkMethod$1.runReflectiveCall(FrameworkMethod.java:59)
	at org.junit.internal.runners.model.ReflectiveCallable.run(ReflectiveCallable.java:12)
	at org.junit.runners.model.FrameworkMethod.invokeExplosively(FrameworkMethod.java:56)
	at org.junit.internal.runners.statements.InvokeMethod.evaluate(InvokeMethod.java:17)
	at org.junit.runners.ParentRunner$3.evaluate(ParentRunner.java:306)
	at org.junit.runners.BlockJUnit4ClassRunner$1.evaluate(BlockJUnit4ClassRunner.java:100)
	at org.junit.runners.ParentRunner.runLeaf(ParentRunner.java:366)
	at org.junit.runners.BlockJUnit4ClassRunner.runChild(BlockJUnit4ClassRunner.java:103)
	at org.junit.runners.BlockJUnit4ClassRunner.runChild(BlockJUnit4ClassRunner.java:63)
	at org.junit.runners.ParentRunner$4.run(ParentRunner.java:331)
	at org.junit.runners.ParentRunner$1.schedule(ParentRunner.java:79)
	at org.junit.runners.ParentRunner.runChildren(ParentRunner.java:329)
	at org.junit.runners.ParentRunner.access$100(ParentRunner.java:66)
	at org.junit.runners.ParentRunner$2.evaluate(ParentRunner.java:293)
	at org.junit.internal.runners.statements.RunBefores.evaluate(RunBefores.java:26)
	at org.junit.internal.runners.statements.RunAfters.evaluate(RunAfters.java:27)
	at org.junit.runners.ParentRunner$3.evaluate(ParentRunner.java:306)
	at org.junit.runners.ParentRunner.run(ParentRunner.java:413)
	at org.apache.maven.surefire.junit4.JUnit4Provider.execute(JUnit4Provider.java:316)
	at org.apache.maven.surefire.junit4.JUnit4Provider.executeWithRerun(JUnit4Provider.java:240)
	at org.apache.maven.surefire.junit4.JUnit4Provider.executeTestSet(JUnit4Provider.java:214)
	at org.apache.maven.surefire.junit4.JUnit4Provider.invoke(JUnit4Provider.java:155)
	at org.apache.maven.surefire.booter.ForkedBooter.runSuitesInProcess(ForkedBooter.java:385)
	at org.apache.maven.surefire.booter.ForkedBooter.execute(ForkedBooter.java:162)
	at org.apache.maven.surefire.booter.ForkedBooter.run(ForkedBooter.java:507)
	at org.apache.maven.surefire.booter.ForkedBooter.main(ForkedBooter.java:495)

