<?xml version="1.0" encoding="UTF-8"?>
<testsuite xmlns:xsi="http://www.w3.org/2001/XMLSchema-instance" xsi:noNamespaceSchemaLocation="https://maven.apache.org/surefire/maven-surefire-plugin/xsd/surefire-test-report-3.0.xsd" version="3.0" name="org.openscience.jchempaint.MenuIsotopeTest" time="95.692" tests="7" errors="7" skipped="0" failures="0">
  <properties>
[...]
</properties>
  <testcase name="testMenuIsotopeMajorPlusOne" classname="org.openscience.jchempaint.MenuIsotopeTest" time="30.756">
    <error message="Clicking on menu item &lt;javax.swing.JMenu[name=&apos;atomMenu&apos;, text=&apos;Atom&apos;, selected=false, enabled=true, visible=true, showing=true]&gt; never showed a pop-up menu" type="org.fest.swing.exception.ActionFailedException"><![CDATA[org.fest.swing.exception.ActionFailedException: Clicking on menu item <javax.swing.JMenu[name='atomMenu', text='Atom', selected=false, enabled=true, visible=true, showing=true]> never showed a pop-up menu
	at org.fest.swing.exception.ActionFailedException.actionFailure(ActionFailedException.java:33)
	at org.fest.swing.driver.JMenuItemDriver.ensurePopupIsShowing(JMenuItemDriver.java:137)
	at org.fest.swing.driver.JMenuItemDriver.click(JMenuItemDriver.java:73)
	at org.fest.swing.driver.JMenuItemDriver.activateParentIfIsAMenu(JMenuItemDriver.java:97)
	at org.fest.swing.driver.JMenuItemDriver.show(JMenuItemDriver.java:79)
	at org.fest.swing.driver.JMenuItemDriver.click(JMenuItemDriver.java:71)
	at org.fest.swing.fixture.JMenuItemFixture.click(JMenuItemFixture.java:84)
	at org.openscience.jchempaint.MenuIsotopeTest.genericIsotopeTest(MenuIsotopeTest.java:42)
	at org.openscience.jchempaint.MenuIsotopeTest.testMenuIsotopeMajorPlusOne(MenuIsotopeTest.java:24)
	at java.base/jdk.internal.reflect.DirectMethodHandleAccessor.invoke(DirectMethodHandleAccessor.java:103)
	at java.base/java.lang.reflect.Method.invoke(Method.java:580)
	at org.junit.runners.model.FrameworkMethod$1.runReflectiveCall(FrameworkMethod.java:59)
	at org.junit.internal.runners.model.ReflectiveCallable.run(ReflectiveCallable.java:12)
	at org.junit.runners.model.FrameworkMethod.invokeExplosively(FrameworkMethod.java:56)
	at org.junit.internal.runners.statements.InvokeMethod.evaluate(InvokeMethod.java:17)
	at org.junit.runners.ParentRunner$3.evaluate(ParentRunner.java:306)
	at org.junit.runners.BlockJUnit4ClassRunner$1.evaluate(BlockJUnit4ClassRunner.java:100)
	at org.junit.runners.ParentRunner.runLeaf(ParentRunner.java:366)
	at org.junit.runners.BlockJUnit4ClassRunner.runChild(BlockJUnit4ClassRunner.java:103)
	at org.junit.runners.BlockJUnit4ClassRunner.runChild(BlockJUnit4ClassRunner.java:63)
	at org.junit.runners.ParentRunner$4.run(ParentRunner.java:331)
	at org.junit.runners.ParentRunner$1.schedule(ParentRunner.java:79)
	at org.junit.runners.ParentRunner.runChildren(ParentRunner.java:329)
	at org.junit.runners.ParentRunner.access$100(ParentRunner.java:66)
	at org.junit.runners.ParentRunner$2.evaluate(ParentRunner.java:293)
	at org.junit.internal.runners.statements.RunBefores.evaluate(RunBefores.java:26)
	at org.junit.internal.runners.statements.RunAfters.evaluate(RunAfters.java:27)
	at org.junit.runners.ParentRunner$3.evaluate(ParentRunner.java:306)
	at org.junit.runners.ParentRunner.run(ParentRunner.java:413)
	at org.apache.maven.surefire.junit4.JUnit4Provider.execute(JUnit4Provider.java:316)
	at org.apache.maven.surefire.junit4.JUnit4Provider.executeWithRerun(JUnit4Provider.java:240)
	at org.apache.maven.surefire.junit4.JUnit4Provider.executeTestSet(JUnit4Provider.java:214)
	at org.apache.maven.surefire.junit4.JUnit4Provider.invoke(JUnit4Provider.java:155)
	at org.apache.maven.surefire.booter.ForkedBooter.runSuitesInProcess(ForkedBooter.java:385)
	at org.apache.maven.surefire.booter.ForkedBooter.execute(ForkedBooter.java:162)
	at org.apache.maven.surefire.booter.ForkedBooter.run(ForkedBooter.java:507)
	at org.apache.maven.surefire.booter.ForkedBooter.main(ForkedBooter.java:495)
]]></error>
    <system-out><![CDATA[action iz setRoot
]]></system-out>
    <system-err><![CDATA[org.openscience.jchempaint.GT ERROR: GT could not find the class app.i18n.Messages_nl
org.openscience.jchempaint.GT ERROR: GT could not find the class app.i18n.Messages_nl
org.openscience.jchempaint.JCPPropertyHandler ERROR: Could not find resource: Can't find resource for bundle java.util.PropertyResourceBundle, key newDisabledImage
org.openscience.jchempaint.JCPPropertyHandler ERROR: ResourceString is null for: newDisabledImage
org.openscience.jchempaint.JCPPropertyHandler ERROR: Could not find resource: Can't find resource for bundle java.util.PropertyResourceBundle, key openDisabledImage
org.openscience.jchempaint.JCPPropertyHandler ERROR: ResourceString is null for: openDisabledImage
org.openscience.jchempaint.JCPPropertyHandler ERROR: Could not find resource: Can't find resource for bundle java.util.PropertyResourceBundle, key saveDisabledImage
org.openscience.jchempaint.JCPPropertyHandler ERROR: ResourceString is null for: saveDisabledImage
org.openscience.jchempaint.JCPPropertyHandler ERROR: Could not find resource: Can't find resource for bundle java.util.PropertyResourceBundle, key saveAsImage
org.openscience.jchempaint.JCPPropertyHandler ERROR: ResourceString is null for: saveAsImage
org.openscience.jchempaint.JCPPropertyHandler ERROR: Could not find resource: Can't find resource for bundle java.util.PropertyResourceBundle, key exportImage
org.openscience.jchempaint.JCPPropertyHandler ERROR: ResourceString is null for: exportImage
org.openscience.jchempaint.JCPPropertyHandler ERROR: Could not find resource: Can't find resource for bundle java.util.PropertyResourceBundle, key printDisabledImage
org.openscience.jchempaint.JCPPropertyHandler ERROR: ResourceString is null for: printDisabledImage
org.openscience.jchempaint.JCPPropertyHandler ERROR: Could not find resource: Can't find resource for bundle java.util.PropertyResourceBundle, key cutDisabledImage
org.openscience.jchempaint.JCPPropertyHandler ERROR: ResourceString is null for: cutDisabledImage
org.openscience.jchempaint.JCPPropertyHandler ERROR: Could not find resource: Can't find resource for bundle java.util.PropertyResourceBundle, key copyDisabledImage
org.openscience.jchempaint.JCPPropertyHandler ERROR: ResourceString is null for: copyDisabledImage
org.openscience.jchempaint.JCPPropertyHandler ERROR: Could not find resource: Can't find resource for bundle java.util.PropertyResourceBundle, key copyAsSmilesImage
org.openscience.jchempaint.JCPPropertyHandler ERROR: ResourceString is null for: copyAsSmilesImage
org.openscience.jchempaint.JCPPropertyHandler ERROR: Could not find resource: Can't find resource for bundle java.util.PropertyResourceBundle, key pasteDisabledImage
org.openscience.jchempaint.JCPPropertyHandler ERROR: ResourceString is null for: pasteDisabledImage
org.openscience.jchempaint.JCPPropertyHandler ERROR: Could not find resource: Can't find resource for bundle java.util.PropertyResourceBundle, key eraserDisabledImage
org.openscience.jchempaint.JCPPropertyHandler ERROR: ResourceString is null for: eraserDisabledImage
org.openscience.jchempaint.JCPPropertyHandler ERROR: Could not find resource: Can't find resource for bundle java.util.PropertyResourceBundle, key selectAllImage
org.openscience.jchempaint.JCPPropertyHandler ERROR: ResourceString is null for: selectAllImage
org.openscience.jchempaint.JCPPropertyHandler ERROR: Could not find resource: Can't find resource for bundle java.util.PropertyResourceBundle, key optionsImage
org.openscience.jchempaint.JCPPropertyHandler ERROR: ResourceString is null for: optionsImage
org.openscience.jchempaint.JCPPropertyHandler ERROR: Could not find resource: Can't find resource for bundle java.util.PropertyResourceBundle, key zoominDisabledImage
org.openscience.jchempaint.JCPPropertyHandler ERROR: ResourceString is null for: zoominDisabledImage
org.openscience.jchempaint.JCPPropertyHandler ERROR: Could not find resource: Can't find resource for bundle java.util.PropertyResourceBundle, key zoomoutDisabledImage
org.openscience.jchempaint.JCPPropertyHandler ERROR: ResourceString is null for: zoomoutDisabledImage
org.openscience.jchempaint.JCPPropertyHandler ERROR: Could not find resource: Can't find resource for bundle java.util.PropertyResourceBundle, key zoomoriginalImage
org.openscience.jchempaint.JCPPropertyHandler ERROR: ResourceString is null for: zoomoriginalImage
org.openscience.jchempaint.JCPPropertyHandler ERROR: Could not find resource: Can't find resource for bundle java.util.PropertyResourceBundle, key cleanupDisabledImage
org.openscience.jchempaint.JCPPropertyHandler ERROR: ResourceString is null for: cleanupDisabledImage
org.openscience.jchempaint.JCPPropertyHandler ERROR: Could not find resource: Can't find resource for bundle java.util.PropertyResourceBundle, key flipHorizontalDisabledImage
org.openscience.jchempaint.JCPPropertyHandler ERROR: ResourceString is null for: flipHorizontalDisabledImage
org.openscience.jchempaint.JCPPropertyHandler ERROR: Could not find resource: Can't find resource for bundle java.util.PropertyResourceBundle, key flipVerticalDisabledImage
org.openscience.jchempaint.JCPPropertyHandler ERROR: ResourceString is null for: flipVerticalDisabledImage
org.openscience.jchempaint.JCPPropertyHandler ERROR: Could not find resource: Can't find resource for bundle java.util.PropertyResourceBundle, key hydroonImage
org.openscience.jchempaint.JCPPropertyHandler ERROR: ResourceString is null for: hydroonImage
org.openscience.jchempaint.JCPPropertyHandler ERROR: Could not find resource: Can't find resource for bundle java.util.PropertyResourceBundle, key hydrooffImage
org.openscience.jchempaint.JCPPropertyHandler ERROR: ResourceString is null for: hydrooffImage
org.openscience.jchempaint.JCPPropertyHandler ERROR: Could not find resource: Can't find resource for bundle java.util.PropertyResourceBundle, key plusDisabledImage
org.openscience.jchempaint.JCPPropertyHandler ERROR: ResourceString is null for: plusDisabledImage
org.openscience.jchempaint.JCPPropertyHandler ERROR: Could not find resource: Can't find resource for bundle java.util.PropertyResourceBundle, key minusDisabledImage
org.openscience.jchempaint.JCPPropertyHandler ERROR: ResourceString is null for: minusDisabledImage
org.openscience.jchempaint.JCPPropertyHandler ERROR: Could not find resource: Can't find resource for bundle java.util.PropertyResourceBundle, key hydroonImage
org.openscience.jchempaint.JCPPropertyHandler ERROR: ResourceString is null for: hydroonImage
org.openscience.jchempaint.JCPPropertyHandler ERROR: Could not find resource: Can't find resource for bundle java.util.PropertyResourceBundle, key hydrooffImage
org.openscience.jchempaint.JCPPropertyHandler ERROR: ResourceString is null for: hydrooffImage
org.openscience.jchempaint.JCPPropertyHandler ERROR: Could not find resource: Can't find resource for bundle java.util.PropertyResourceBundle, key majorPlusThreeImage
org.openscience.jchempaint.JCPPropertyHandler ERROR: ResourceString is null for: majorPlusThreeImage
org.openscience.jchempaint.JCPPropertyHandler ERROR: Could not find resource: Can't find resource for bundle java.util.PropertyResourceBundle, key majorPlusTwoImage
org.openscience.jchempaint.JCPPropertyHandler ERROR: ResourceString is null for: majorPlusTwoImage
org.openscience.jchempaint.JCPPropertyHandler ERROR: Could not find resource: Can't find resource for bundle java.util.PropertyResourceBundle, key majorPlusOneImage
org.openscience.jchempaint.JCPPropertyHandler ERROR: ResourceString is null for: majorPlusOneImage
org.openscience.jchempaint.JCPPropertyHandler ERROR: Could not find resource: Can't find resource for bundle java.util.PropertyResourceBundle, key majorImage
org.openscience.jchempaint.JCPPropertyHandler ERROR: ResourceString is null for: majorImage
org.openscience.jchempaint.JCPPropertyHandler ERROR: Could not find resource: Can't find resource for bundle java.util.PropertyResourceBundle, key majorMinusOneImage
org.openscience.jchempaint.JCPPropertyHandler ERROR: ResourceString is null for: majorMinusOneImage
org.openscience.jchempaint.JCPPropertyHandler ERROR: Could not find resource: Can't find resource for bundle java.util.PropertyResourceBundle, key majorMinusTwoImage
org.openscience.jchempaint.JCPPropertyHandler ERROR: ResourceString is null for: majorMinusTwoImage
org.openscience.jchempaint.JCPPropertyHandler ERROR: Could not find resource: Can't find resource for bundle java.util.PropertyResourceBundle, key majorMinusThreeImage
org.openscience.jchempaint.JCPPropertyHandler ERROR: ResourceString is null for: majorMinusThreeImage
org.openscience.jchempaint.JCPPropertyHandler ERROR: Could not find resource: Can't find resource for bundle java.util.PropertyResourceBundle, key convertToRadicalImage
org.openscience.jchempaint.JCPPropertyHandler ERROR: ResourceString is null for: convertToRadicalImage
org.openscience.jchempaint.JCPPropertyHandler ERROR: Could not find resource: Can't find resource for bundle java.util.PropertyResourceBundle, key convertFromRadicalImage
org.openscience.jchempaint.JCPPropertyHandler ERROR: ResourceString is null for: convertFromRadicalImage
org.openscience.jchempaint.JCPPropertyHandler ERROR: Could not find resource: Can't find resource for bundle java.util.PropertyResourceBundle, key pseudoRImage
org.openscience.jchempaint.JCPPropertyHandler ERROR: ResourceString is null for: pseudoRImage
org.openscience.jchempaint.JCPPropertyHandler ERROR: Could not find resource: Can't find resource for bundle java.util.PropertyResourceBundle, key pseudoR1Image
org.openscience.jchempaint.JCPPropertyHandler ERROR: ResourceString is null for: pseudoR1Image
org.openscience.jchempaint.JCPPropertyHandler ERROR: Could not find resource: Can't find resource for bundle java.util.PropertyResourceBundle, key pseudoR2Image
org.openscience.jchempaint.JCPPropertyHandler ERROR: ResourceString is null for: pseudoR2Image
org.openscience.jchempaint.JCPPropertyHandler ERROR: Could not find resource: Can't find resource for bundle java.util.PropertyResourceBundle, key pseudoR3Image
org.openscience.jchempaint.JCPPropertyHandler ERROR: ResourceString is null for: pseudoR3Image
org.openscience.jchempaint.JCPPropertyHandler ERROR: Could not find resource: Can't find resource for bundle java.util.PropertyResourceBundle, key pseudoR4Image
org.openscience.jchempaint.JCPPropertyHandler ERROR: ResourceString is null for: pseudoR4Image
org.openscience.jchempaint.JCPPropertyHandler ERROR: Could not find resource: Can't find resource for bundle java.util.PropertyResourceBundle, key pseudoRXImage
org.openscience.jchempaint.JCPPropertyHandler ERROR: ResourceString is null for: pseudoRXImage
org.openscience.jchempaint.JCPPropertyHandler ERROR: Could not find resource: Can't find resource for bundle java.util.PropertyResourceBundle, key pseudoStarImage
org.openscience.jchempaint.JCPPropertyHandler ERROR: ResourceString is null for: pseudoStarImage
org.openscience.jchempaint.JCPPropertyHandler ERROR: Could not find resource: Can't find resource for bundle java.util.PropertyResourceBundle, key valenceOffImage
org.openscience.jchempaint.JCPPropertyHandler ERROR: ResourceString is null for: valenceOffImage
org.openscience.jchempaint.JCPPropertyHandler ERROR: Could not find resource: Can't find resource for bundle java.util.PropertyResourceBundle, key valence1Image
org.openscience.jchempaint.JCPPropertyHandler ERROR: ResourceString is null for: valence1Image
org.openscience.jchempaint.JCPPropertyHandler ERROR: Could not find resource: Can't find resource for bundle java.util.PropertyResourceBundle, key valence2Image
org.openscience.jchempaint.JCPPropertyHandler ERROR: ResourceString is null for: valence2Image
org.openscience.jchempaint.JCPPropertyHandler ERROR: Could not find resource: Can't find resource for bundle java.util.PropertyResourceBundle, key valence3Image
org.openscience.jchempaint.JCPPropertyHandler ERROR: ResourceString is null for: valence3Image
org.openscience.jchempaint.JCPPropertyHandler ERROR: Could not find resource: Can't find resource for bundle java.util.PropertyResourceBundle, key valence4Image
org.openscience.jchempaint.JCPPropertyHandler ERROR: ResourceString is null for: valence4Image
org.openscience.jchempaint.JCPPropertyHandler ERROR: Could not find resource: Can't find resource for bundle java.util.PropertyResourceBundle, key valence5Image
org.openscience.jchempaint.JCPPropertyHandler ERROR: ResourceString is null for: valence5Image
org.openscience.jchempaint.JCPPropertyHandler ERROR: Could not find resource: Can't find resource for bundle java.util.PropertyResourceBundle, key valence6Image
org.openscience.jchempaint.JCPPropertyHandler ERROR: ResourceString is null for: valence6Image
org.openscience.jchempaint.JCPPropertyHandler ERROR: Could not find resource: Can't find resource for bundle java.util.PropertyResourceBundle, key valence7Image
org.openscience.jchempaint.JCPPropertyHandler ERROR: ResourceString is null for: valence7Image
org.openscience.jchempaint.JCPPropertyHandler ERROR: Could not find resource: Can't find resource for bundle java.util.PropertyResourceBundle, key valence8Image
org.openscience.jchempaint.JCPPropertyHandler ERROR: ResourceString is null for: valence8Image
org.openscience.jchempaint.JCPPropertyHandler ERROR: Could not find resource: Can't find resource for bundle java.util.PropertyResourceBundle, key periodictableDisabledImage
org.openscience.jchempaint.JCPPropertyHandler ERROR: ResourceString is null for: periodictableDisabledImage
org.openscience.jchempaint.JCPPropertyHandler ERROR: Could not find resource: Can't find resource for bundle java.util.PropertyResourceBundle, key enterelementDisabledImage
org.openscience.jchempaint.JCPPropertyHandler ERROR: ResourceString is null for: enterelementDisabledImage
org.openscience.jchempaint.JCPPropertyHandler ERROR: Could not find resource: Can't find resource for bundle java.util.PropertyResourceBundle, key symbolHImage
org.openscience.jchempaint.JCPPropertyHandler ERROR: ResourceString is null for: symbolHImage
org.openscience.jchempaint.JCPPropertyHandler ERROR: Could not find resource: Can't find resource for bundle java.util.PropertyResourceBundle, key symbolCImage
org.openscience.jchempaint.JCPPropertyHandler ERROR: ResourceString is null for: symbolCImage
org.openscience.jchempaint.JCPPropertyHandler ERROR: Could not find resource: Can't find resource for bundle java.util.PropertyResourceBundle, key symbolNImage
org.openscience.jchempaint.JCPPropertyHandler ERROR: ResourceString is null for: symbolNImage
org.openscience.jchempaint.JCPPropertyHandler ERROR: Could not find resource: Can't find resource for bundle java.util.PropertyResourceBundle, key symbolOImage
org.openscience.jchempaint.JCPPropertyHandler ERROR: ResourceString is null for: symbolOImage
org.openscience.jchempaint.JCPPropertyHandler ERROR: Could not find resource: Can't find resource for bundle java.util.PropertyResourceBundle, key symbolSImage
org.openscience.jchempaint.JCPPropertyHandler ERROR: ResourceString is null for: symbolSImage
org.openscience.jchempaint.JCPPropertyHandler ERROR: Could not find resource: Can't find resource for bundle java.util.PropertyResourceBundle, key symbolFImage
org.openscience.jchempaint.JCPPropertyHandler ERROR: ResourceString is null for: symbolFImage
org.openscience.jchempaint.JCPPropertyHandler ERROR: Could not find resource: Can't find resource for bundle java.util.PropertyResourceBundle, key symbolPImage
org.openscience.jchempaint.JCPPropertyHandler ERROR: ResourceString is null for: symbolPImage
org.openscience.jchempaint.JCPPropertyHandler ERROR: Could not find resource: Can't find resource for bundle java.util.PropertyResourceBundle, key symbolClImage
org.openscience.jchempaint.JCPPropertyHandler ERROR: ResourceString is null for: symbolClImage
org.openscience.jchempaint.JCPPropertyHandler ERROR: Could not find resource: Can't find resource for bundle java.util.PropertyResourceBundle, key symbolBrImage
org.openscience.jchempaint.JCPPropertyHandler ERROR: ResourceString is null for: symbolBrImage
org.openscience.jchempaint.JCPPropertyHandler ERROR: Could not find resource: Can't find resource for bundle java.util.PropertyResourceBundle, key symbolIImage
org.openscience.jchempaint.JCPPropertyHandler ERROR: ResourceString is null for: symbolIImage
org.openscience.jchempaint.JCPPropertyHandler ERROR: Could not find resource: Can't find resource for bundle java.util.PropertyResourceBundle, key symbolLiImage
org.openscience.jchempaint.JCPPropertyHandler ERROR: ResourceString is null for: symbolLiImage
org.openscience.jchempaint.JCPPropertyHandler ERROR: Could not find resource: Can't find resource for bundle java.util.PropertyResourceBundle, key symbolNaImage
org.openscience.jchempaint.JCPPropertyHandler ERROR: ResourceString is null for: symbolNaImage
org.openscience.jchempaint.JCPPropertyHandler ERROR: Could not find resource: Can't find resource for bundle java.util.PropertyResourceBundle, key symbolKImage
org.openscience.jchempaint.JCPPropertyHandler ERROR: ResourceString is null for: symbolKImage
org.openscience.jchempaint.JCPPropertyHandler ERROR: Could not find resource: Can't find resource for bundle java.util.PropertyResourceBundle, key symbolRbImage
org.openscience.jchempaint.JCPPropertyHandler ERROR: ResourceString is null for: symbolRbImage
org.openscience.jchempaint.JCPPropertyHandler ERROR: Could not find resource: Can't find resource for bundle java.util.PropertyResourceBundle, key symbolCsImage
org.openscience.jchempaint.JCPPropertyHandler ERROR: ResourceString is null for: symbolCsImage
org.openscience.jchempaint.JCPPropertyHandler ERROR: Could not find resource: Can't find resource for bundle java.util.PropertyResourceBundle, key symbolFrImage
org.openscience.jchempaint.JCPPropertyHandler ERROR: ResourceString is null for: symbolFrImage
org.openscience.jchempaint.JCPPropertyHandler ERROR: Could not find resource: Can't find resource for bundle java.util.PropertyResourceBundle, key symbolBeImage
org.openscience.jchempaint.JCPPropertyHandler ERROR: ResourceString is null for: symbolBeImage
org.openscience.jchempaint.JCPPropertyHandler ERROR: Could not find resource: Can't find resource for bundle java.util.PropertyResourceBundle, key symbolMgImage
org.openscience.jchempaint.JCPPropertyHandler ERROR: ResourceString is null for: symbolMgImage
org.openscience.jchempaint.JCPPropertyHandler ERROR: Could not find resource: Can't find resource for bundle java.util.PropertyResourceBundle, key symbolCaImage
org.openscience.jchempaint.JCPPropertyHandler ERROR: ResourceString is null for: symbolCaImage
org.openscience.jchempaint.JCPPropertyHandler ERROR: Could not find resource: Can't find resource for bundle java.util.PropertyResourceBundle, key symbolSrImage
org.openscience.jchempaint.JCPPropertyHandler ERROR: ResourceString is null for: symbolSrImage
org.openscience.jchempaint.JCPPropertyHandler ERROR: Could not find resource: Can't find resource for bundle java.util.PropertyResourceBundle, key symbolBaImage
org.openscience.jchempaint.JCPPropertyHandler ERROR: ResourceString is null for: symbolBaImage
org.openscience.jchempaint.JCPPropertyHandler ERROR: Could not find resource: Can't find resource for bundle java.util.PropertyResourceBundle, key symbolRaImage
org.openscience.jchempaint.JCPPropertyHandler ERROR: ResourceString is null for: symbolRaImage
org.openscience.jchempaint.JCPPropertyHandler ERROR: Could not find resource: Can't find resource for bundle java.util.PropertyResourceBundle, key symbolScImage
org.openscience.jchempaint.JCPPropertyHandler ERROR: ResourceString is null for: symbolScImage
org.openscience.jchempaint.JCPPropertyHandler ERROR: Could not find resource: Can't find resource for bundle java.util.PropertyResourceBundle, key symbolTiImage
org.openscience.jchempaint.JCPPropertyHandler ERROR: ResourceString is null for: symbolTiImage
org.openscience.jchempaint.JCPPropertyHandler ERROR: Could not find resource: Can't find resource for bundle java.util.PropertyResourceBundle, key symbolVImage
org.openscience.jchempaint.JCPPropertyHandler ERROR: ResourceString is null for: symbolVImage
org.openscience.jchempaint.JCPPropertyHandler ERROR: Could not find resource: Can't find resource for bundle java.util.PropertyResourceBundle, key symbolCrImage
org.openscience.jchempaint.JCPPropertyHandler ERROR: ResourceString is null for: symbolCrImage
org.openscience.jchempaint.JCPPropertyHandler ERROR: Could not find resource: Can't find resource for bundle java.util.PropertyResourceBundle, key symbolMnImage
org.openscience.jchempaint.JCPPropertyHandler ERROR: ResourceString is null for: symbolMnImage
org.openscience.jchempaint.JCPPropertyHandler ERROR: Could not find resource: Can't find resource for bundle java.util.PropertyResourceBundle, key symbolFeImage
org.openscience.jchempaint.JCPPropertyHandler ERROR: ResourceString is null for: symbolFeImage
org.openscience.jchempaint.JCPPropertyHandler ERROR: Could not find resource: Can't find resource for bundle java.util.PropertyResourceBundle, key symbolCoImage
org.openscience.jchempaint.JCPPropertyHandler ERROR: ResourceString is null for: symbolCoImage
org.openscience.jchempaint.JCPPropertyHandler ERROR: Could not find resource: Can't find resource for bundle java.util.PropertyResourceBundle, key symbolNiImage
org.openscience.jchempaint.JCPPropertyHandler ERROR: ResourceString is null for: symbolNiImage
org.openscience.jchempaint.JCPPropertyHandler ERROR: Could not find resource: Can't find resource for bundle java.util.PropertyResourceBundle, key symbolCuImage
org.openscience.jchempaint.JCPPropertyHandler ERROR: ResourceString is null for: symbolCuImage
org.openscience.jchempaint.JCPPropertyHandler ERROR: Could not find resource: Can't find resource for bundle java.util.PropertyResourceBundle, key symbolZnImage
org.openscience.jchempaint.JCPPropertyHandler ERROR: ResourceString is null for: symbolZnImage
org.openscience.jchempaint.JCPPropertyHandler ERROR: Could not find resource: Can't find resource for bundle java.util.PropertyResourceBundle, key symbolYImage
org.openscience.jchempaint.JCPPropertyHandler ERROR: ResourceString is null for: symbolYImage
org.openscience.jchempaint.JCPPropertyHandler ERROR: Could not find resource: Can't find resource for bundle java.util.PropertyResourceBundle, key symbolZrImage
org.openscience.jchempaint.JCPPropertyHandler ERROR: ResourceString is null for: symbolZrImage
org.openscience.jchempaint.JCPPropertyHandler ERROR: Could not find resource: Can't find resource for bundle java.util.PropertyResourceBundle, key symbolNbImage
org.openscience.jchempaint.JCPPropertyHandler ERROR: ResourceString is null for: symbolNbImage
org.openscience.jchempaint.JCPPropertyHandler ERROR: Could not find resource: Can't find resource for bundle java.util.PropertyResourceBundle, key symbolMoImage
org.openscience.jchempaint.JCPPropertyHandler ERROR: ResourceString is null for: symbolMoImage
org.openscience.jchempaint.JCPPropertyHandler ERROR: Could not find resource: Can't find resource for bundle java.util.PropertyResourceBundle, key symbolTcImage
org.openscience.jchempaint.JCPPropertyHandler ERROR: ResourceString is null for: symbolTcImage
org.openscience.jchempaint.JCPPropertyHandler ERROR: Could not find resource: Can't find resource for bundle java.util.PropertyResourceBundle, key symbolRuImage
org.openscience.jchempaint.JCPPropertyHandler ERROR: ResourceString is null for: symbolRuImage
org.openscience.jchempaint.JCPPropertyHandler ERROR: Could not find resource: Can't find resource for bundle java.util.PropertyResourceBundle, key symbolRhImage
org.openscience.jchempaint.JCPPropertyHandler ERROR: ResourceString is null for: symbolRhImage
org.openscience.jchempaint.JCPPropertyHandler ERROR: Could not find resource: Can't find resource for bundle java.util.PropertyResourceBundle, key symbolPdImage
org.openscience.jchempaint.JCPPropertyHandler ERROR: ResourceString is null for: symbolPdImage
org.openscience.jchempaint.JCPPropertyHandler ERROR: Could not find resource: Can't find resource for bundle java.util.PropertyResourceBundle, key symbolAgImage
org.openscience.jchempaint.JCPPropertyHandler ERROR: ResourceString is null for: symbolAgImage
org.openscience.jchempaint.JCPPropertyHandler ERROR: Could not find resource: Can't find resource for bundle java.util.PropertyResourceBundle, key symbolCdImage
org.openscience.jchempaint.JCPPropertyHandler ERROR: ResourceString is null for: symbolCdImage
org.openscience.jchempaint.JCPPropertyHandler ERROR: Could not find resource: Can't find resource for bundle java.util.PropertyResourceBundle, key symbolHfImage
org.openscience.jchempaint.JCPPropertyHandler ERROR: ResourceString is null for: symbolHfImage
org.openscience.jchempaint.JCPPropertyHandler ERROR: Could not find resource: Can't find resource for bundle java.util.PropertyResourceBundle, key symbolTaImage
org.openscience.jchempaint.JCPPropertyHandler ERROR: ResourceString is null for: symbolTaImage
org.openscience.jchempaint.JCPPropertyHandler ERROR: Could not find resource: Can't find resource for bundle java.util.PropertyResourceBundle, key symbolWImage
org.openscience.jchempaint.JCPPropertyHandler ERROR: ResourceString is null for: symbolWImage
org.openscience.jchempaint.JCPPropertyHandler ERROR: Could not find resource: Can't find resource for bundle java.util.PropertyResourceBundle, key symbolReImage
org.openscience.jchempaint.JCPPropertyHandler ERROR: ResourceString is null for: symbolReImage
org.openscience.jchempaint.JCPPropertyHandler ERROR: Could not find resource: Can't find resource for bundle java.util.PropertyResourceBundle, key symbolOsImage
org.openscience.jchempaint.JCPPropertyHandler ERROR: ResourceString is null for: symbolOsImage
org.openscience.jchempaint.JCPPropertyHandler ERROR: Could not find resource: Can't find resource for bundle java.util.PropertyResourceBundle, key symbolIrImage
org.openscience.jchempaint.JCPPropertyHandler ERROR: ResourceString is null for: symbolIrImage
org.openscience.jchempaint.JCPPropertyHandler ERROR: Could not find resource: Can't find resource for bundle java.util.PropertyResourceBundle, key symbolPtImage
org.openscience.jchempaint.JCPPropertyHandler ERROR: ResourceString is null for: symbolPtImage
org.openscience.jchempaint.JCPPropertyHandler ERROR: Could not find resource: Can't find resource for bundle java.util.PropertyResourceBundle, key symbolAuImage
org.openscience.jchempaint.JCPPropertyHandler ERROR: ResourceString is null for: symbolAuImage
org.openscience.jchempaint.JCPPropertyHandler ERROR: Could not find resource: Can't find resource for bundle java.util.PropertyResourceBundle, key symbolHgImage
org.openscience.jchempaint.JCPPropertyHandler ERROR: ResourceString is null for: symbolHgImage
org.openscience.jchempaint.JCPPropertyHandler ERROR: Could not find resource: Can't find resource for bundle java.util.PropertyResourceBundle, key symbolRfImage
org.openscience.jchempaint.JCPPropertyHandler ERROR: ResourceString is null for: symbolRfImage
org.openscience.jchempaint.JCPPropertyHandler ERROR: Could not find resource: Can't find resource for bundle java.util.PropertyResourceBundle, key symbolDbImage
org.openscience.jchempaint.JCPPropertyHandler ERROR: ResourceString is null for: symbolDbImage
org.openscience.jchempaint.JCPPropertyHandler ERROR: Could not find resource: Can't find resource for bundle java.util.PropertyResourceBundle, key symbolSgImage
org.openscience.jchempaint.JCPPropertyHandler ERROR: ResourceString is null for: symbolSgImage
org.openscience.jchempaint.JCPPropertyHandler ERROR: Could not find resource: Can't find resource for bundle java.util.PropertyResourceBundle, key symbolBhImage
org.openscience.jchempaint.JCPPropertyHandler ERROR: ResourceString is null for: symbolBhImage
org.openscience.jchempaint.JCPPropertyHandler ERROR: Could not find resource: Can't find resource for bundle java.util.PropertyResourceBundle, key symbolHsImage
org.openscience.jchempaint.JCPPropertyHandler ERROR: ResourceString is null for: symbolHsImage
org.openscience.jchempaint.JCPPropertyHandler ERROR: Could not find resource: Can't find resource for bundle java.util.PropertyResourceBundle, key symbolMtImage
org.openscience.jchempaint.JCPPropertyHandler ERROR: ResourceString is null for: symbolMtImage
org.openscience.jchempaint.JCPPropertyHandler ERROR: Could not find resource: Can't find resource for bundle java.util.PropertyResourceBundle, key symbolDsImage
org.openscience.jchempaint.JCPPropertyHandler ERROR: ResourceString is null for: symbolDsImage
org.openscience.jchempaint.JCPPropertyHandler ERROR: Could not find resource: Can't find resource for bundle java.util.PropertyResourceBundle, key symbolRgImage
org.openscience.jchempaint.JCPPropertyHandler ERROR: ResourceString is null for: symbolRgImage
org.openscience.jchempaint.JCPPropertyHandler ERROR: Could not find resource: Can't find resource for bundle java.util.PropertyResourceBundle, key symbolAlImage
org.openscience.jchempaint.JCPPropertyHandler ERROR: ResourceString is null for: symbolAlImage
org.openscience.jchempaint.JCPPropertyHandler ERROR: Could not find resource: Can't find resource for bundle java.util.PropertyResourceBundle, key symbolGaImage
org.openscience.jchempaint.JCPPropertyHandler ERROR: ResourceString is null for: symbolGaImage
org.openscience.jchempaint.JCPPropertyHandler ERROR: Could not find resource: Can't find resource for bundle java.util.PropertyResourceBundle, key symbolInImage
org.openscience.jchempaint.JCPPropertyHandler ERROR: ResourceString is null for: symbolInImage
org.openscience.jchempaint.JCPPropertyHandler ERROR: Could not find resource: Can't find resource for bundle java.util.PropertyResourceBundle, key symbolSnImage
org.openscience.jchempaint.JCPPropertyHandler ERROR: ResourceString is null for: symbolSnImage
org.openscience.jchempaint.JCPPropertyHandler ERROR: Could not find resource: Can't find resource for bundle java.util.PropertyResourceBundle, key symbolTlImage
org.openscience.jchempaint.JCPPropertyHandler ERROR: ResourceString is null for: symbolTlImage
org.openscience.jchempaint.JCPPropertyHandler ERROR: Could not find resource: Can't find resource for bundle java.util.PropertyResourceBundle, key symbolPbImage
org.openscience.jchempaint.JCPPropertyHandler ERROR: ResourceString is null for: symbolPbImage
org.openscience.jchempaint.JCPPropertyHandler ERROR: Could not find resource: Can't find resource for bundle java.util.PropertyResourceBundle, key symbolBiImage
org.openscience.jchempaint.JCPPropertyHandler ERROR: ResourceString is null for: symbolBiImage
org.openscience.jchempaint.JCPPropertyHandler ERROR: Could not find resource: Can't find resource for bundle java.util.PropertyResourceBundle, key symbolBImage
org.openscience.jchempaint.JCPPropertyHandler ERROR: ResourceString is null for: symbolBImage
org.openscience.jchempaint.JCPPropertyHandler ERROR: Could not find resource: Can't find resource for bundle java.util.PropertyResourceBundle, key symbolSiImage
org.openscience.jchempaint.JCPPropertyHandler ERROR: ResourceString is null for: symbolSiImage
org.openscience.jchempaint.JCPPropertyHandler ERROR: Could not find resource: Can't find resource for bundle java.util.PropertyResourceBundle, key symbolGeImage
org.openscience.jchempaint.JCPPropertyHandler ERROR: ResourceString is null for: symbolGeImage
org.openscience.jchempaint.JCPPropertyHandler ERROR: Could not find resource: Can't find resource for bundle java.util.PropertyResourceBundle, key symbolAsImage
org.openscience.jchempaint.JCPPropertyHandler ERROR: ResourceString is null for: symbolAsImage
org.openscience.jchempaint.JCPPropertyHandler ERROR: Could not find resource: Can't find resource for bundle java.util.PropertyResourceBundle, key symbolSbImage
org.openscience.jchempaint.JCPPropertyHandler ERROR: ResourceString is null for: symbolSbImage
org.openscience.jchempaint.JCPPropertyHandler ERROR: Could not find resource: Can't find resource for bundle java.util.PropertyResourceBundle, key symbolTeImage
org.openscience.jchempaint.JCPPropertyHandler ERROR: ResourceString is null for: symbolTeImage
org.openscience.jchempaint.JCPPropertyHandler ERROR: Could not find resource: Can't find resource for bundle java.util.PropertyResourceBundle, key symbolPoImage
org.openscience.jchempaint.JCPPropertyHandler ERROR: ResourceString is null for: symbolPoImage
org.openscience.jchempaint.JCPPropertyHandler ERROR: Could not find resource: Can't find resource for bundle java.util.PropertyResourceBundle, key symbolFImage
org.openscience.jchempaint.JCPPropertyHandler ERROR: ResourceString is null for: symbolFImage
org.openscience.jchempaint.JCPPropertyHandler ERROR: Could not find resource: Can't find resource for bundle java.util.PropertyResourceBundle, key symbolClImage
org.openscience.jchempaint.JCPPropertyHandler ERROR: ResourceString is null for: symbolClImage
org.openscience.jchempaint.JCPPropertyHandler ERROR: Could not find resource: Can't find resource for bundle java.util.PropertyResourceBundle, key symbolBrImage
org.openscience.jchempaint.JCPPropertyHandler ERROR: ResourceString is null for: symbolBrImage
org.openscience.jchempaint.JCPPropertyHandler ERROR: Could not find resource: Can't find resource for bundle java.util.PropertyResourceBundle, key symbolIImage
org.openscience.jchempaint.JCPPropertyHandler ERROR: ResourceString is null for: symbolIImage
org.openscience.jchempaint.JCPPropertyHandler ERROR: Could not find resource: Can't find resource for bundle java.util.PropertyResourceBundle, key symbolHeImage
org.openscience.jchempaint.JCPPropertyHandler ERROR: ResourceString is null for: symbolHeImage
org.openscience.jchempaint.JCPPropertyHandler ERROR: Could not find resource: Can't find resource for bundle java.util.PropertyResourceBundle, key symbolNeImage
org.openscience.jchempaint.JCPPropertyHandler ERROR: ResourceString is null for: symbolNeImage
org.openscience.jchempaint.JCPPropertyHandler ERROR: Could not find resource: Can't find resource for bundle java.util.PropertyResourceBundle, key symbolArImage
org.openscience.jchempaint.JCPPropertyHandler ERROR: ResourceString is null for: symbolArImage
org.openscience.jchempaint.JCPPropertyHandler ERROR: Could not find resource: Can't find resource for bundle java.util.PropertyResourceBundle, key bondDisabledImage
org.openscience.jchempaint.JCPPropertyHandler ERROR: ResourceString is null for: bondDisabledImage
org.openscience.jchempaint.JCPPropertyHandler ERROR: Could not find resource: Can't find resource for bundle java.util.PropertyResourceBundle, key double_bondDisabledImage
org.openscience.jchempaint.JCPPropertyHandler ERROR: ResourceString is null for: double_bondDisabledImage
org.openscience.jchempaint.JCPPropertyHandler ERROR: Could not find resource: Can't find resource for bundle java.util.PropertyResourceBundle, key triple_bondDisabledImage
org.openscience.jchempaint.JCPPropertyHandler ERROR: ResourceString is null for: triple_bondDisabledImage
org.openscience.jchempaint.JCPPropertyHandler ERROR: Could not find resource: Can't find resource for bundle java.util.PropertyResourceBundle, key quad_bondDisabledImage
org.openscience.jchempaint.JCPPropertyHandler ERROR: ResourceString is null for: quad_bondDisabledImage
org.openscience.jchempaint.JCPPropertyHandler ERROR: Could not find resource: Can't find resource for bundle java.util.PropertyResourceBundle, key up_bondDisabledImage
org.openscience.jchempaint.JCPPropertyHandler ERROR: ResourceString is null for: up_bondDisabledImage
org.openscience.jchempaint.JCPPropertyHandler ERROR: Could not find resource: Can't find resource for bundle java.util.PropertyResourceBundle, key down_bondDisabledImage
org.openscience.jchempaint.JCPPropertyHandler ERROR: ResourceString is null for: down_bondDisabledImage
org.openscience.jchempaint.JCPPropertyHandler ERROR: Could not find resource: Can't find resource for bundle java.util.PropertyResourceBundle, key undefined_bondDisabledImage
org.openscience.jchempaint.JCPPropertyHandler ERROR: ResourceString is null for: undefined_bondDisabledImage
org.openscience.jchempaint.JCPPropertyHandler ERROR: Could not find resource: Can't find resource for bundle java.util.PropertyResourceBundle, key undefined_stereo_bondDisabledImage
org.openscience.jchempaint.JCPPropertyHandler ERROR: ResourceString is null for: undefined_stereo_bondDisabledImage
org.openscience.jchempaint.JCPPropertyHandler ERROR: Could not find resource: Can't find resource for bundle java.util.PropertyResourceBundle, key cleanupDisabledImage
org.openscience.jchempaint.JCPPropertyHandler ERROR: ResourceString is null for: cleanupDisabledImage
org.openscience.jchempaint.JCPPropertyHandler ERROR: Could not find resource: Can't find resource for bundle java.util.PropertyResourceBundle, key createSMILESImage
org.openscience.jchempaint.JCPPropertyHandler ERROR: ResourceString is null for: createSMILESImage
org.openscience.jchempaint.JCPPropertyHandler ERROR: Could not find resource: Can't find resource for bundle java.util.PropertyResourceBundle, key createInChIImage
org.openscience.jchempaint.JCPPropertyHandler ERROR: ResourceString is null for: createInChIImage
org.openscience.jchempaint.JCPPropertyHandler ERROR: Could not find resource: Can't find resource for bundle java.util.PropertyResourceBundle, key setRootImage
org.openscience.jchempaint.JCPPropertyHandler ERROR: ResourceString is null for: setRootImage
org.openscience.jchempaint.JCPPropertyHandler ERROR: Could not find resource: Can't find resource for bundle java.util.PropertyResourceBundle, key setSubstituteImage
org.openscience.jchempaint.JCPPropertyHandler ERROR: ResourceString is null for: setSubstituteImage
org.openscience.jchempaint.JCPPropertyHandler ERROR: Could not find resource: Can't find resource for bundle java.util.PropertyResourceBundle, key rgpAdvancedImage
org.openscience.jchempaint.JCPPropertyHandler ERROR: ResourceString is null for: rgpAdvancedImage
org.openscience.jchempaint.JCPPropertyHandler ERROR: Could not find resource: Can't find resource for bundle java.util.PropertyResourceBundle, key rgpGenerateImage
org.openscience.jchempaint.JCPPropertyHandler ERROR: ResourceString is null for: rgpGenerateImage
org.openscience.jchempaint.JCPPropertyHandler ERROR: Could not find resource: Can't find resource for bundle java.util.PropertyResourceBundle, key clearRgroupImage
org.openscience.jchempaint.JCPPropertyHandler ERROR: ResourceString is null for: clearRgroupImage
org.openscience.jchempaint.JCPPropertyHandler ERROR: Could not find resource: Can't find resource for bundle java.util.PropertyResourceBundle, key pasteTemplateDisabledImage
org.openscience.jchempaint.JCPPropertyHandler ERROR: ResourceString is null for: pasteTemplateDisabledImage
org.openscience.jchempaint.JCPPropertyHandler ERROR: Could not find resource: Can't find resource for bundle java.util.PropertyResourceBundle, key alkaloidsImage
org.openscience.jchempaint.JCPPropertyHandler ERROR: ResourceString is null for: alkaloidsImage
org.openscience.jchempaint.JCPPropertyHandler ERROR: Could not find resource: Can't find resource for bundle java.util.PropertyResourceBundle, key amino_acidsImage
org.openscience.jchempaint.JCPPropertyHandler ERROR: ResourceString is null for: amino_acidsImage
org.openscience.jchempaint.JCPPropertyHandler ERROR: Could not find resource: Can't find resource for bundle java.util.PropertyResourceBundle, key beta_lactamsImage
org.openscience.jchempaint.JCPPropertyHandler ERROR: ResourceString is null for: beta_lactamsImage
org.openscience.jchempaint.JCPPropertyHandler ERROR: Could not find resource: Can't find resource for bundle java.util.PropertyResourceBundle, key carbohydratesImage
org.openscience.jchempaint.JCPPropertyHandler ERROR: ResourceString is null for: carbohydratesImage
org.openscience.jchempaint.JCPPropertyHandler ERROR: Could not find resource: Can't find resource for bundle java.util.PropertyResourceBundle, key inositolsImage
org.openscience.jchempaint.JCPPropertyHandler ERROR: ResourceString is null for: inositolsImage
org.openscience.jchempaint.JCPPropertyHandler ERROR: Could not find resource: Can't find resource for bundle java.util.PropertyResourceBundle, key lipidsImage
org.openscience.jchempaint.JCPPropertyHandler ERROR: ResourceString is null for: lipidsImage
org.openscience.jchempaint.JCPPropertyHandler ERROR: Could not find resource: Can't find resource for bundle java.util.PropertyResourceBundle, key nucleosidesImage
org.openscience.jchempaint.JCPPropertyHandler ERROR: ResourceString is null for: nucleosidesImage
org.openscience.jchempaint.JCPPropertyHandler ERROR: Could not find resource: Can't find resource for bundle java.util.PropertyResourceBundle, key porphyrinsImage
org.openscience.jchempaint.JCPPropertyHandler ERROR: ResourceString is null for: porphyrinsImage
org.openscience.jchempaint.JCPPropertyHandler ERROR: Could not find resource: Can't find resource for bundle java.util.PropertyResourceBundle, key protecting_groupsImage
org.openscience.jchempaint.JCPPropertyHandler ERROR: ResourceString is null for: protecting_groupsImage
org.openscience.jchempaint.JCPPropertyHandler ERROR: Could not find resource: Can't find resource for bundle java.util.PropertyResourceBundle, key steroidsImage
org.openscience.jchempaint.JCPPropertyHandler ERROR: ResourceString is null for: steroidsImage
org.openscience.jchempaint.JCPPropertyHandler ERROR: Could not find resource: Can't find resource for bundle java.util.PropertyResourceBundle, key pahsImage
org.openscience.jchempaint.JCPPropertyHandler ERROR: ResourceString is null for: pahsImage
org.openscience.jchempaint.JCPPropertyHandler ERROR: Could not find resource: Can't find resource for bundle java.util.PropertyResourceBundle, key miscellaneousImage
org.openscience.jchempaint.JCPPropertyHandler ERROR: ResourceString is null for: miscellaneousImage
org.openscience.jchempaint.JCPPropertyHandler ERROR: Could not find resource: Can't find resource for bundle java.util.PropertyResourceBundle, key helpImage
org.openscience.jchempaint.JCPPropertyHandler ERROR: ResourceString is null for: helpImage
org.openscience.jchempaint.JCPPropertyHandler ERROR: Could not find resource: Can't find resource for bundle java.util.PropertyResourceBundle, key tutorialImage
org.openscience.jchempaint.JCPPropertyHandler ERROR: ResourceString is null for: tutorialImage
org.openscience.jchempaint.JCPPropertyHandler ERROR: Could not find resource: Can't find resource for bundle java.util.PropertyResourceBundle, key rgpTutorialImage
org.openscience.jchempaint.JCPPropertyHandler ERROR: ResourceString is null for: rgpTutorialImage
org.openscience.jchempaint.JCPPropertyHandler ERROR: Could not find resource: Can't find resource for bundle java.util.PropertyResourceBundle, key feedbackImage
org.openscience.jchempaint.JCPPropertyHandler ERROR: ResourceString is null for: feedbackImage
org.openscience.jchempaint.JCPPropertyHandler ERROR: Could not find resource: Can't find resource for bundle java.util.PropertyResourceBundle, key aboutImage
org.openscience.jchempaint.JCPPropertyHandler ERROR: ResourceString is null for: aboutImage
org.openscience.jchempaint.JCPPropertyHandler ERROR: Could not find resource: Can't find resource for bundle java.util.PropertyResourceBundle, key licenseImage
org.openscience.jchempaint.JCPPropertyHandler ERROR: ResourceString is null for: licenseImage
org.openscience.jchempaint.JCPPropertyHandler ERROR: Could not find resource: Can't find resource for bundle java.util.PropertyResourceBundle, key selectDisabledImage
org.openscience.jchempaint.JCPPropertyHandler ERROR: ResourceString is null for: selectDisabledImage
org.openscience.jchempaint.JCPPropertyHandler ERROR: Could not find resource: Can't find resource for bundle java.util.PropertyResourceBundle, key lassoDisabledImage
org.openscience.jchempaint.JCPPropertyHandler ERROR: ResourceString is null for: lassoDisabledImage
org.openscience.jchempaint.JCPPropertyHandler ERROR: Could not find resource: Can't find resource for bundle java.util.PropertyResourceBundle, key eraserDisabledImage
org.openscience.jchempaint.JCPPropertyHandler ERROR: ResourceString is null for: eraserDisabledImage
org.openscience.jchempaint.JCPPropertyHandler ERROR: Could not find resource: Can't find resource for bundle java.util.PropertyResourceBundle, key zoominDisabledImage
org.openscience.jchempaint.JCPPropertyHandler ERROR: ResourceString is null for: zoominDisabledImage
org.openscience.jchempaint.JCPPropertyHandler ERROR: Could not find resource: Can't find resource for bundle java.util.PropertyResourceBundle, key zoomoutDisabledImage
org.openscience.jchempaint.JCPPropertyHandler ERROR: ResourceString is null for: zoomoutDisabledImage
org.openscience.jchempaint.JCPPropertyHandler ERROR: Could not find resource: Can't find resource for bundle java.util.PropertyResourceBundle, key cutDisabledImage
org.openscience.jchempaint.JCPPropertyHandler ERROR: ResourceString is null for: cutDisabledImage
org.openscience.jchempaint.JCPPropertyHandler ERROR: Could not find resource: Can't find resource for bundle java.util.PropertyResourceBundle, key copyDisabledImage
org.openscience.jchempaint.JCPPropertyHandler ERROR: ResourceString is null for: copyDisabledImage
org.openscience.jchempaint.JCPPropertyHandler ERROR: Could not find resource: Can't find resource for bundle java.util.PropertyResourceBundle, key pasteDisabledImage
org.openscience.jchempaint.JCPPropertyHandler ERROR: ResourceString is null for: pasteDisabledImage
org.openscience.jchempaint.JCPPropertyHandler ERROR: Could not find resource: Can't find resource for bundle java.util.PropertyResourceBundle, key flipHorizontalDisabledImage
org.openscience.jchempaint.JCPPropertyHandler ERROR: ResourceString is null for: flipHorizontalDisabledImage
org.openscience.jchempaint.JCPPropertyHandler ERROR: Could not find resource: Can't find resource for bundle java.util.PropertyResourceBundle, key flipVerticalDisabledImage
org.openscience.jchempaint.JCPPropertyHandler ERROR: ResourceString is null for: flipVerticalDisabledImage
org.openscience.jchempaint.JCPPropertyHandler ERROR: Could not find resource: Can't find resource for bundle java.util.PropertyResourceBundle, key rotateDisabledImage
org.openscience.jchempaint.JCPPropertyHandler ERROR: ResourceString is null for: rotateDisabledImage
org.openscience.jchempaint.JCPPropertyHandler ERROR: Could not find resource: Can't find resource for bundle java.util.PropertyResourceBundle, key rotate3dDisabledImage
org.openscience.jchempaint.JCPPropertyHandler ERROR: ResourceString is null for: rotate3dDisabledImage
org.openscience.jchempaint.JCPPropertyHandler ERROR: Could not find resource: Can't find resource for bundle java.util.PropertyResourceBundle, key bondToolDisabledImage
org.openscience.jchempaint.JCPPropertyHandler ERROR: ResourceString is null for: bondToolDisabledImage
org.openscience.jchempaint.JCPPropertyHandler ERROR: Could not find resource: Can't find resource for bundle java.util.PropertyResourceBundle, key double_bondToolDisabledImage
org.openscience.jchempaint.JCPPropertyHandler ERROR: ResourceString is null for: double_bondToolDisabledImage
org.openscience.jchempaint.JCPPropertyHandler ERROR: Could not find resource: Can't find resource for bundle java.util.PropertyResourceBundle, key triple_bondToolDisabledImage
org.openscience.jchempaint.JCPPropertyHandler ERROR: ResourceString is null for: triple_bondToolDisabledImage
org.openscience.jchempaint.JCPPropertyHandler ERROR: Could not find resource: Can't find resource for bundle java.util.PropertyResourceBundle, key chainDisabledImage
org.openscience.jchempaint.JCPPropertyHandler ERROR: ResourceString is null for: chainDisabledImage
org.openscience.jchempaint.JCPPropertyHandler ERROR: Could not find resource: Can't find resource for bundle java.util.PropertyResourceBundle, key up_bondDisabledImage
org.openscience.jchempaint.JCPPropertyHandler ERROR: ResourceString is null for: up_bondDisabledImage
org.openscience.jchempaint.JCPPropertyHandler ERROR: Could not find resource: Can't find resource for bundle java.util.PropertyResourceBundle, key down_bondDisabledImage
org.openscience.jchempaint.JCPPropertyHandler ERROR: ResourceString is null for: down_bondDisabledImage
org.openscience.jchempaint.JCPPropertyHandler ERROR: Could not find resource: Can't find resource for bundle java.util.PropertyResourceBundle, key undefined_bondDisabledImage
org.openscience.jchempaint.JCPPropertyHandler ERROR: ResourceString is null for: undefined_bondDisabledImage
org.openscience.jchempaint.JCPPropertyHandler ERROR: Could not find resource: Can't find resource for bundle java.util.PropertyResourceBundle, key undefined_stereo_bondDisabledImage
org.openscience.jchempaint.JCPPropertyHandler ERROR: ResourceString is null for: undefined_stereo_bondDisabledImage
org.openscience.jchempaint.JCPPropertyHandler ERROR: Could not find resource: Can't find resource for bundle java.util.PropertyResourceBundle, key reactionArrowDisabledImage
org.openscience.jchempaint.JCPPropertyHandler ERROR: ResourceString is null for: reactionArrowDisabledImage
org.openscience.jchempaint.JCPPropertyHandler ERROR: Could not find resource: Can't find resource for bundle java.util.PropertyResourceBundle, key triangleDisabledImage
org.openscience.jchempaint.JCPPropertyHandler ERROR: ResourceString is null for: triangleDisabledImage
org.openscience.jchempaint.JCPPropertyHandler ERROR: Could not find resource: Can't find resource for bundle java.util.PropertyResourceBundle, key squareDisabledImage
org.openscience.jchempaint.JCPPropertyHandler ERROR: ResourceString is null for: squareDisabledImage
org.openscience.jchempaint.JCPPropertyHandler ERROR: Could not find resource: Can't find resource for bundle java.util.PropertyResourceBundle, key pentagonDisabledImage
org.openscience.jchempaint.JCPPropertyHandler ERROR: ResourceString is null for: pentagonDisabledImage
org.openscience.jchempaint.JCPPropertyHandler ERROR: Could not find resource: Can't find resource for bundle java.util.PropertyResourceBundle, key hexagonDisabledImage
org.openscience.jchempaint.JCPPropertyHandler ERROR: ResourceString is null for: hexagonDisabledImage
org.openscience.jchempaint.JCPPropertyHandler ERROR: Could not find resource: Can't find resource for bundle java.util.PropertyResourceBundle, key benzeneDisabledImage
org.openscience.jchempaint.JCPPropertyHandler ERROR: ResourceString is null for: benzeneDisabledImage
org.openscience.jchempaint.JCPPropertyHandler ERROR: Could not find resource: Can't find resource for bundle java.util.PropertyResourceBundle, key octagonDisabledImage
org.openscience.jchempaint.JCPPropertyHandler ERROR: ResourceString is null for: octagonDisabledImage
org.openscience.jchempaint.JCPPropertyHandler ERROR: Could not find resource: Can't find resource for bundle java.util.PropertyResourceBundle, key pasteTemplateDisabledImage
org.openscience.jchempaint.JCPPropertyHandler ERROR: ResourceString is null for: pasteTemplateDisabledImage
org.openscience.jchempaint.JCPPropertyHandler ERROR: Could not find resource: Can't find resource for bundle java.util.PropertyResourceBundle, key CDisabledImage
org.openscience.jchempaint.JCPPropertyHandler ERROR: ResourceString is null for: CDisabledImage
org.openscience.jchempaint.JCPPropertyHandler ERROR: Could not find resource: Can't find resource for bundle java.util.PropertyResourceBundle, key HDisabledImage
org.openscience.jchempaint.JCPPropertyHandler ERROR: ResourceString is null for: HDisabledImage
org.openscience.jchempaint.JCPPropertyHandler ERROR: Could not find resource: Can't find resource for bundle java.util.PropertyResourceBundle, key ODisabledImage
org.openscience.jchempaint.JCPPropertyHandler ERROR: ResourceString is null for: ODisabledImage
org.openscience.jchempaint.JCPPropertyHandler ERROR: Could not find resource: Can't find resource for bundle java.util.PropertyResourceBundle, key NDisabledImage
org.openscience.jchempaint.JCPPropertyHandler ERROR: ResourceString is null for: NDisabledImage
org.openscience.jchempaint.JCPPropertyHandler ERROR: Could not find resource: Can't find resource for bundle java.util.PropertyResourceBundle, key PDisabledImage
org.openscience.jchempaint.JCPPropertyHandler ERROR: ResourceString is null for: PDisabledImage
org.openscience.jchempaint.JCPPropertyHandler ERROR: Could not find resource: Can't find resource for bundle java.util.PropertyResourceBundle, key SDisabledImage
org.openscience.jchempaint.JCPPropertyHandler ERROR: ResourceString is null for: SDisabledImage
org.openscience.jchempaint.JCPPropertyHandler ERROR: Could not find resource: Can't find resource for bundle java.util.PropertyResourceBundle, key FDisabledImage
org.openscience.jchempaint.JCPPropertyHandler ERROR: ResourceString is null for: FDisabledImage
org.openscience.jchempaint.JCPPropertyHandler ERROR: Could not find resource: Can't find resource for bundle java.util.PropertyResourceBundle, key ClDisabledImage
org.openscience.jchempaint.JCPPropertyHandler ERROR: ResourceString is null for: ClDisabledImage
org.openscience.jchempaint.JCPPropertyHandler ERROR: Could not find resource: Can't find resource for bundle java.util.PropertyResourceBundle, key BrDisabledImage
org.openscience.jchempaint.JCPPropertyHandler ERROR: ResourceString is null for: BrDisabledImage
org.openscience.jchempaint.JCPPropertyHandler ERROR: Could not find resource: Can't find resource for bundle java.util.PropertyResourceBundle, key IDisabledImage
org.openscience.jchempaint.JCPPropertyHandler ERROR: ResourceString is null for: IDisabledImage
org.openscience.jchempaint.JCPPropertyHandler ERROR: Could not find resource: Can't find resource for bundle java.util.PropertyResourceBundle, key enterelementDisabledImage
org.openscience.jchempaint.JCPPropertyHandler ERROR: ResourceString is null for: enterelementDisabledImage
org.openscience.jchempaint.JCPPropertyHandler ERROR: Could not find resource: Can't find resource for bundle java.util.PropertyResourceBundle, key periodictableDisabledImage
org.openscience.jchempaint.JCPPropertyHandler ERROR: ResourceString is null for: periodictableDisabledImage
org.openscience.jchempaint.JCPPropertyHandler ERROR: Could not find resource: Can't find resource for bundle java.util.PropertyResourceBundle, key makeNormalImage
org.openscience.jchempaint.JCPPropertyHandler ERROR: ResourceString is null for: makeNormalImage
org.openscience.jchempaint.JCPPropertyHandler ERROR: Could not find resource: Can't find resource for bundle java.util.PropertyResourceBundle, key cutDisabledImage
org.openscience.jchempaint.JCPPropertyHandler ERROR: ResourceString is null for: cutDisabledImage
org.openscience.jchempaint.JCPPropertyHandler ERROR: Could not find resource: Can't find resource for bundle java.util.PropertyResourceBundle, key copyDisabledImage
org.openscience.jchempaint.JCPPropertyHandler ERROR: ResourceString is null for: copyDisabledImage
org.openscience.jchempaint.JCPPropertyHandler ERROR: Could not find resource: Can't find resource for bundle java.util.PropertyResourceBundle, key eraserDisabledImage
org.openscience.jchempaint.JCPPropertyHandler ERROR: ResourceString is null for: eraserDisabledImage
org.openscience.jchempaint.JCPPropertyHandler ERROR: Could not find resource: Can't find resource for bundle java.util.PropertyResourceBundle, key selectFromChemObjectImage
org.openscience.jchempaint.JCPPropertyHandler ERROR: ResourceString is null for: selectFromChemObjectImage
org.openscience.jchempaint.JCPPropertyHandler ERROR: Could not find resource: Can't find resource for bundle java.util.PropertyResourceBundle, key selectAllImage
org.openscience.jchempaint.JCPPropertyHandler ERROR: ResourceString is null for: selectAllImage
org.openscience.jchempaint.JCPPropertyHandler ERROR: Could not find resource: Can't find resource for bundle java.util.PropertyResourceBundle, key addReactantToNewReactionImage
org.openscience.jchempaint.JCPPropertyHandler ERROR: ResourceString is null for: addReactantToNewReactionImage
org.openscience.jchempaint.JCPPropertyHandler ERROR: Could not find resource: Can't find resource for bundle java.util.PropertyResourceBundle, key addReactantToExistingReactionImage
org.openscience.jchempaint.JCPPropertyHandler ERROR: ResourceString is null for: addReactantToExistingReactionImage
org.openscience.jchempaint.JCPPropertyHandler ERROR: Could not find resource: Can't find resource for bundle java.util.PropertyResourceBundle, key addProductToNewReactionImage
org.openscience.jchempaint.JCPPropertyHandler ERROR: ResourceString is null for: addProductToNewReactionImage
org.openscience.jchempaint.JCPPropertyHandler ERROR: Could not find resource: Can't find resource for bundle java.util.PropertyResourceBundle, key addProductToExistingReactionImage
org.openscience.jchempaint.JCPPropertyHandler ERROR: ResourceString is null for: addProductToExistingReactionImage
org.openscience.jchempaint.JCPPropertyHandler ERROR: Could not find resource: Can't find resource for bundle java.util.PropertyResourceBundle, key showChemObjectPropertiesImage
org.openscience.jchempaint.JCPPropertyHandler ERROR: ResourceString is null for: showChemObjectPropertiesImage
org.openscience.jchempaint.JCPPropertyHandler ERROR: Could not find resource: Can't find resource for bundle java.util.PropertyResourceBundle, key showACPropertiesImage
org.openscience.jchempaint.JCPPropertyHandler ERROR: ResourceString is null for: showACPropertiesImage
org.openscience.jchempaint.JCPPropertyHandler ERROR: Could not find resource: Can't find resource for bundle java.util.PropertyResourceBundle, key plusDisabledImage
org.openscience.jchempaint.JCPPropertyHandler ERROR: ResourceString is null for: plusDisabledImage
org.openscience.jchempaint.JCPPropertyHandler ERROR: Could not find resource: Can't find resource for bundle java.util.PropertyResourceBundle, key minusDisabledImage
org.openscience.jchempaint.JCPPropertyHandler ERROR: ResourceString is null for: minusDisabledImage
org.openscience.jchempaint.JCPPropertyHandler ERROR: Could not find resource: Can't find resource for bundle java.util.PropertyResourceBundle, key hydroonImage
org.openscience.jchempaint.JCPPropertyHandler ERROR: ResourceString is null for: hydroonImage
org.openscience.jchempaint.JCPPropertyHandler ERROR: Could not find resource: Can't find resource for bundle java.util.PropertyResourceBundle, key hydrooffImage
org.openscience.jchempaint.JCPPropertyHandler ERROR: ResourceString is null for: hydrooffImage
org.openscience.jchempaint.JCPPropertyHandler ERROR: Could not find resource: Can't find resource for bundle java.util.PropertyResourceBundle, key majorPlusThreeImage
org.openscience.jchempaint.JCPPropertyHandler ERROR: ResourceString is null for: majorPlusThreeImage
org.openscience.jchempaint.JCPPropertyHandler ERROR: Could not find resource: Can't find resource for bundle java.util.PropertyResourceBundle, key majorPlusTwoImage
org.openscience.jchempaint.JCPPropertyHandler ERROR: ResourceString is null for: majorPlusTwoImage
org.openscience.jchempaint.JCPPropertyHandler ERROR: Could not find resource: Can't find resource for bundle java.util.PropertyResourceBundle, key majorPlusOneImage
org.openscience.jchempaint.JCPPropertyHandler ERROR: ResourceString is null for: majorPlusOneImage
org.openscience.jchempaint.JCPPropertyHandler ERROR: Could not find resource: Can't find resource for bundle java.util.PropertyResourceBundle, key majorImage
org.openscience.jchempaint.JCPPropertyHandler ERROR: ResourceString is null for: majorImage
org.openscience.jchempaint.JCPPropertyHandler ERROR: Could not find resource: Can't find resource for bundle java.util.PropertyResourceBundle, key majorMinusOneImage
org.openscience.jchempaint.JCPPropertyHandler ERROR: ResourceString is null for: majorMinusOneImage
org.openscience.jchempaint.JCPPropertyHandler ERROR: Could not find resource: Can't find resource for bundle java.util.PropertyResourceBundle, key majorMinusTwoImage
org.openscience.jchempaint.JCPPropertyHandler ERROR: ResourceString is null for: majorMinusTwoImage
org.openscience.jchempaint.JCPPropertyHandler ERROR: Could not find resource: Can't find resource for bundle java.util.PropertyResourceBundle, key majorMinusThreeImage
org.openscience.jchempaint.JCPPropertyHandler ERROR: ResourceString is null for: majorMinusThreeImage
org.openscience.jchempaint.JCPPropertyHandler ERROR: Could not find resource: Can't find resource for bundle java.util.PropertyResourceBundle, key convertToRadicalImage
org.openscience.jchempaint.JCPPropertyHandler ERROR: ResourceString is null for: convertToRadicalImage
org.openscience.jchempaint.JCPPropertyHandler ERROR: Could not find resource: Can't find resource for bundle java.util.PropertyResourceBundle, key convertFromRadicalImage
org.openscience.jchempaint.JCPPropertyHandler ERROR: ResourceString is null for: convertFromRadicalImage
org.openscience.jchempaint.JCPPropertyHandler ERROR: Could not find resource: Can't find resource for bundle java.util.PropertyResourceBundle, key pseudoRImage
org.openscience.jchempaint.JCPPropertyHandler ERROR: ResourceString is null for: pseudoRImage
org.openscience.jchempaint.JCPPropertyHandler ERROR: Could not find resource: Can't find resource for bundle java.util.PropertyResourceBundle, key pseudoR1Image
org.openscience.jchempaint.JCPPropertyHandler ERROR: ResourceString is null for: pseudoR1Image
org.openscience.jchempaint.JCPPropertyHandler ERROR: Could not find resource: Can't find resource for bundle java.util.PropertyResourceBundle, key pseudoR2Image
org.openscience.jchempaint.JCPPropertyHandler ERROR: ResourceString is null for: pseudoR2Image
org.openscience.jchempaint.JCPPropertyHandler ERROR: Could not find resource: Can't find resource for bundle java.util.PropertyResourceBundle, key pseudoR3Image
org.openscience.jchempaint.JCPPropertyHandler ERROR: ResourceString is null for: pseudoR3Image
org.openscience.jchempaint.JCPPropertyHandler ERROR: Could not find resource: Can't find resource for bundle java.util.PropertyResourceBundle, key pseudoR4Image
org.openscience.jchempaint.JCPPropertyHandler ERROR: ResourceString is null for: pseudoR4Image
org.openscience.jchempaint.JCPPropertyHandler ERROR: Could not find resource: Can't find resource for bundle java.util.PropertyResourceBundle, key pseudoRXImage
org.openscience.jchempaint.JCPPropertyHandler ERROR: ResourceString is null for: pseudoRXImage
org.openscience.jchempaint.JCPPropertyHandler ERROR: Could not find resource: Can't find resource for bundle java.util.PropertyResourceBundle, key setAtomApoAction1Image
org.openscience.jchempaint.JCPPropertyHandler ERROR: ResourceString is null for: setAtomApoAction1Image
org.openscience.jchempaint.JCPPropertyHandler ERROR: Could not find resource: Can't find resource for bundle java.util.PropertyResourceBundle, key setAtomApoAction2Image
org.openscience.jchempaint.JCPPropertyHandler ERROR: ResourceString is null for: setAtomApoAction2Image
org.openscience.jchempaint.JCPPropertyHandler ERROR: Could not find resource: Can't find resource for bundle java.util.PropertyResourceBundle, key pseudoStarImage
org.openscience.jchempaint.JCPPropertyHandler ERROR: ResourceString is null for: pseudoStarImage
org.openscience.jchempaint.JCPPropertyHandler ERROR: Could not find resource: Can't find resource for bundle java.util.PropertyResourceBundle, key valenceOffImage
org.openscience.jchempaint.JCPPropertyHandler ERROR: ResourceString is null for: valenceOffImage
org.openscience.jchempaint.JCPPropertyHandler ERROR: Could not find resource: Can't find resource for bundle java.util.PropertyResourceBundle, key valence1Image
org.openscience.jchempaint.JCPPropertyHandler ERROR: ResourceString is null for: valence1Image
org.openscience.jchempaint.JCPPropertyHandler ERROR: Could not find resource: Can't find resource for bundle java.util.PropertyResourceBundle, key valence2Image
org.openscience.jchempaint.JCPPropertyHandler ERROR: ResourceString is null for: valence2Image
org.openscience.jchempaint.JCPPropertyHandler ERROR: Could not find resource: Can't find resource for bundle java.util.PropertyResourceBundle, key valence3Image
org.openscience.jchempaint.JCPPropertyHandler ERROR: ResourceString is null for: valence3Image
org.openscience.jchempaint.JCPPropertyHandler ERROR: Could not find resource: Can't find resource for bundle java.util.PropertyResourceBundle, key valence4Image
org.openscience.jchempaint.JCPPropertyHandler ERROR: ResourceString is null for: valence4Image
org.openscience.jchempaint.JCPPropertyHandler ERROR: Could not find resource: Can't find resource for bundle java.util.PropertyResourceBundle, key valence5Image
org.openscience.jchempaint.JCPPropertyHandler ERROR: ResourceString is null for: valence5Image
org.openscience.jchempaint.JCPPropertyHandler ERROR: Could not find resource: Can't find resource for bundle java.util.PropertyResourceBundle, key valence6Image
org.openscience.jchempaint.JCPPropertyHandler ERROR: ResourceString is null for: valence6Image
org.openscience.jchempaint.JCPPropertyHandler ERROR: Could not find resource: Can't find resource for bundle java.util.PropertyResourceBundle, key valence7Image
org.openscience.jchempaint.JCPPropertyHandler ERROR: ResourceString is null for: valence7Image
org.openscience.jchempaint.JCPPropertyHandler ERROR: Could not find resource: Can't find resource for bundle java.util.PropertyResourceBundle, key valence8Image
org.openscience.jchempaint.JCPPropertyHandler ERROR: ResourceString is null for: valence8Image
org.openscience.jchempaint.JCPPropertyHandler ERROR: Could not find resource: Can't find resource for bundle java.util.PropertyResourceBundle, key periodictableDisabledImage
org.openscience.jchempaint.JCPPropertyHandler ERROR: ResourceString is null for: periodictableDisabledImage
org.openscience.jchempaint.JCPPropertyHandler ERROR: Could not find resource: Can't find resource for bundle java.util.PropertyResourceBundle, key enterelementDisabledImage
org.openscience.jchempaint.JCPPropertyHandler ERROR: ResourceString is null for: enterelementDisabledImage
org.openscience.jchempaint.JCPPropertyHandler ERROR: Could not find resource: Can't find resource for bundle java.util.PropertyResourceBundle, key symbolHImage
org.openscience.jchempaint.JCPPropertyHandler ERROR: ResourceString is null for: symbolHImage
org.openscience.jchempaint.JCPPropertyHandler ERROR: Could not find resource: Can't find resource for bundle java.util.PropertyResourceBundle, key symbolCImage
org.openscience.jchempaint.JCPPropertyHandler ERROR: ResourceString is null for: symbolCImage
org.openscience.jchempaint.JCPPropertyHandler ERROR: Could not find resource: Can't find resource for bundle java.util.PropertyResourceBundle, key symbolNImage
org.openscience.jchempaint.JCPPropertyHandler ERROR: ResourceString is null for: symbolNImage
org.openscience.jchempaint.JCPPropertyHandler ERROR: Could not find resource: Can't find resource for bundle java.util.PropertyResourceBundle, key symbolOImage
org.openscience.jchempaint.JCPPropertyHandler ERROR: ResourceString is null for: symbolOImage
org.openscience.jchempaint.JCPPropertyHandler ERROR: Could not find resource: Can't find resource for bundle java.util.PropertyResourceBundle, key symbolSImage
org.openscience.jchempaint.JCPPropertyHandler ERROR: ResourceString is null for: symbolSImage
org.openscience.jchempaint.JCPPropertyHandler ERROR: Could not find resource: Can't find resource for bundle java.util.PropertyResourceBundle, key symbolFImage
org.openscience.jchempaint.JCPPropertyHandler ERROR: ResourceString is null for: symbolFImage
org.openscience.jchempaint.JCPPropertyHandler ERROR: Could not find resource: Can't find resource for bundle java.util.PropertyResourceBundle, key symbolPImage
org.openscience.jchempaint.JCPPropertyHandler ERROR: ResourceString is null for: symbolPImage
org.openscience.jchempaint.JCPPropertyHandler ERROR: Could not find resource: Can't find resource for bundle java.util.PropertyResourceBundle, key symbolClImage
org.openscience.jchempaint.JCPPropertyHandler ERROR: ResourceString is null for: symbolClImage
org.openscience.jchempaint.JCPPropertyHandler ERROR: Could not find resource: Can't find resource for bundle java.util.PropertyResourceBundle, key symbolBrImage
org.openscience.jchempaint.JCPPropertyHandler ERROR: ResourceString is null for: symbolBrImage
org.openscience.jchempaint.JCPPropertyHandler ERROR: Could not find resource: Can't find resource for bundle java.util.PropertyResourceBundle, key symbolIImage
org.openscience.jchempaint.JCPPropertyHandler ERROR: ResourceString is null for: symbolIImage
org.openscience.jchempaint.JCPPropertyHandler ERROR: Could not find resource: Can't find resource for bundle java.util.PropertyResourceBundle, key symbolLiImage
org.openscience.jchempaint.JCPPropertyHandler ERROR: ResourceString is null for: symbolLiImage
org.openscience.jchempaint.JCPPropertyHandler ERROR: Could not find resource: Can't find resource for bundle java.util.PropertyResourceBundle, key symbolNaImage
org.openscience.jchempaint.JCPPropertyHandler ERROR: ResourceString is null for: symbolNaImage
org.openscience.jchempaint.JCPPropertyHandler ERROR: Could not find resource: Can't find resource for bundle java.util.PropertyResourceBundle, key symbolKImage
org.openscience.jchempaint.JCPPropertyHandler ERROR: ResourceString is null for: symbolKImage
org.openscience.jchempaint.JCPPropertyHandler ERROR: Could not find resource: Can't find resource for bundle java.util.PropertyResourceBundle, key symbolRbImage
org.openscience.jchempaint.JCPPropertyHandler ERROR: ResourceString is null for: symbolRbImage
org.openscience.jchempaint.JCPPropertyHandler ERROR: Could not find resource: Can't find resource for bundle java.util.PropertyResourceBundle, key symbolCsImage
org.openscience.jchempaint.JCPPropertyHandler ERROR: ResourceString is null for: symbolCsImage
org.openscience.jchempaint.JCPPropertyHandler ERROR: Could not find resource: Can't find resource for bundle java.util.PropertyResourceBundle, key symbolFrImage
org.openscience.jchempaint.JCPPropertyHandler ERROR: ResourceString is null for: symbolFrImage
org.openscience.jchempaint.JCPPropertyHandler ERROR: Could not find resource: Can't find resource for bundle java.util.PropertyResourceBundle, key symbolBeImage
org.openscience.jchempaint.JCPPropertyHandler ERROR: ResourceString is null for: symbolBeImage
org.openscience.jchempaint.JCPPropertyHandler ERROR: Could not find resource: Can't find resource for bundle java.util.PropertyResourceBundle, key symbolMgImage
org.openscience.jchempaint.JCPPropertyHandler ERROR: ResourceString is null for: symbolMgImage
org.openscience.jchempaint.JCPPropertyHandler ERROR: Could not find resource: Can't find resource for bundle java.util.PropertyResourceBundle, key symbolCaImage
org.openscience.jchempaint.JCPPropertyHandler ERROR: ResourceString is null for: symbolCaImage
org.openscience.jchempaint.JCPPropertyHandler ERROR: Could not find resource: Can't find resource for bundle java.util.PropertyResourceBundle, key symbolSrImage
org.openscience.jchempaint.JCPPropertyHandler ERROR: ResourceString is null for: symbolSrImage
org.openscience.jchempaint.JCPPropertyHandler ERROR: Could not find resource: Can't find resource for bundle java.util.PropertyResourceBundle, key symbolBaImage
org.openscience.jchempaint.JCPPropertyHandler ERROR: ResourceString is null for: symbolBaImage
org.openscience.jchempaint.JCPPropertyHandler ERROR: Could not find resource: Can't find resource for bundle java.util.PropertyResourceBundle, key symbolRaImage
org.openscience.jchempaint.JCPPropertyHandler ERROR: ResourceString is null for: symbolRaImage
org.openscience.jchempaint.JCPPropertyHandler ERROR: Could not find resource: Can't find resource for bundle java.util.PropertyResourceBundle, key symbolScImage
org.openscience.jchempaint.JCPPropertyHandler ERROR: ResourceString is null for: symbolScImage
org.openscience.jchempaint.JCPPropertyHandler ERROR: Could not find resource: Can't find resource for bundle java.util.PropertyResourceBundle, key symbolTiImage
org.openscience.jchempaint.JCPPropertyHandler ERROR: ResourceString is null for: symbolTiImage
org.openscience.jchempaint.JCPPropertyHandler ERROR: Could not find resource: Can't find resource for bundle java.util.PropertyResourceBundle, key symbolVImage
org.openscience.jchempaint.JCPPropertyHandler ERROR: ResourceString is null for: symbolVImage
org.openscience.jchempaint.JCPPropertyHandler ERROR: Could not find resource: Can't find resource for bundle java.util.PropertyResourceBundle, key symbolCrImage
org.openscience.jchempaint.JCPPropertyHandler ERROR: ResourceString is null for: symbolCrImage
org.openscience.jchempaint.JCPPropertyHandler ERROR: Could not find resource: Can't find resource for bundle java.util.PropertyResourceBundle, key symbolMnImage
org.openscience.jchempaint.JCPPropertyHandler ERROR: ResourceString is null for: symbolMnImage
org.openscience.jchempaint.JCPPropertyHandler ERROR: Could not find resource: Can't find resource for bundle java.util.PropertyResourceBundle, key symbolFeImage
org.openscience.jchempaint.JCPPropertyHandler ERROR: ResourceString is null for: symbolFeImage
org.openscience.jchempaint.JCPPropertyHandler ERROR: Could not find resource: Can't find resource for bundle java.util.PropertyResourceBundle, key symbolCoImage
org.openscience.jchempaint.JCPPropertyHandler ERROR: ResourceString is null for: symbolCoImage
org.openscience.jchempaint.JCPPropertyHandler ERROR: Could not find resource: Can't find resource for bundle java.util.PropertyResourceBundle, key symbolNiImage
org.openscience.jchempaint.JCPPropertyHandler ERROR: ResourceString is null for: symbolNiImage
org.openscience.jchempaint.JCPPropertyHandler ERROR: Could not find resource: Can't find resource for bundle java.util.PropertyResourceBundle, key symbolCuImage
org.openscience.jchempaint.JCPPropertyHandler ERROR: ResourceString is null for: symbolCuImage
org.openscience.jchempaint.JCPPropertyHandler ERROR: Could not find resource: Can't find resource for bundle java.util.PropertyResourceBundle, key symbolZnImage
org.openscience.jchempaint.JCPPropertyHandler ERROR: ResourceString is null for: symbolZnImage
org.openscience.jchempaint.JCPPropertyHandler ERROR: Could not find resource: Can't find resource for bundle java.util.PropertyResourceBundle, key symbolYImage
org.openscience.jchempaint.JCPPropertyHandler ERROR: ResourceString is null for: symbolYImage
org.openscience.jchempaint.JCPPropertyHandler ERROR: Could not find resource: Can't find resource for bundle java.util.PropertyResourceBundle, key symbolZrImage
org.openscience.jchempaint.JCPPropertyHandler ERROR: ResourceString is null for: symbolZrImage
org.openscience.jchempaint.JCPPropertyHandler ERROR: Could not find resource: Can't find resource for bundle java.util.PropertyResourceBundle, key symbolNbImage
org.openscience.jchempaint.JCPPropertyHandler ERROR: ResourceString is null for: symbolNbImage
org.openscience.jchempaint.JCPPropertyHandler ERROR: Could not find resource: Can't find resource for bundle java.util.PropertyResourceBundle, key symbolMoImage
org.openscience.jchempaint.JCPPropertyHandler ERROR: ResourceString is null for: symbolMoImage
org.openscience.jchempaint.JCPPropertyHandler ERROR: Could not find resource: Can't find resource for bundle java.util.PropertyResourceBundle, key symbolTcImage
org.openscience.jchempaint.JCPPropertyHandler ERROR: ResourceString is null for: symbolTcImage
org.openscience.jchempaint.JCPPropertyHandler ERROR: Could not find resource: Can't find resource for bundle java.util.PropertyResourceBundle, key symbolRuImage
[...]
                          javax.swing.JMenuItem[name='feedback', text='Report Feedback', selected=false, enabled=true, visible=true, showing=false]
                          javax.swing.JMenuItem[name='about', text='About', selected=false, enabled=true, visible=true, showing=false]
                          javax.swing.JMenuItem[name='license', text='License', selected=false, enabled=true, visible=true, showing=false]
                    javax.swing.JToolBar[name=null]
                      javax.swing.Box[,12,2,32x31,layout=javax.swing.BoxLayout,alignmentX=0.0,alignmentY=0.0,border=,flags=0,maximumSize=,minimumSize=,preferredSize=]
                        org.openscience.jchempaint.JCPToolBar$1[name='select', text='', enabled=true, visible=true, showing=false]
                      javax.swing.Box[,44,2,32x31,layout=javax.swing.BoxLayout,alignmentX=0.0,alignmentY=0.0,border=,flags=0,maximumSize=,minimumSize=,preferredSize=]
                        org.openscience.jchempaint.JCPToolBar$1[name='lasso', text='', enabled=true, visible=true, showing=false]
                      javax.swing.Box[,76,2,32x31,layout=javax.swing.BoxLayout,alignmentX=0.0,alignmentY=0.0,border=,flags=0,maximumSize=,minimumSize=,preferredSize=]
                        org.openscience.jchempaint.JCPToolBar$1[name='eraser', text='', enabled=true, visible=true, showing=false]
                      javax.swing.JToolBar$Separator[,108,2,11x31,alignmentX=0.0,alignmentY=0.0,border=,flags=0,maximumSize=,minimumSize=,preferredSize=,orientation=VERTICAL]
                      javax.swing.Box[,119,2,32x31,layout=javax.swing.BoxLayout,alignmentX=0.0,alignmentY=0.0,border=,flags=0,maximumSize=,minimumSize=,preferredSize=]
                        org.openscience.jchempaint.JCPToolBar$1[name='zoomin', text='', enabled=true, visible=true, showing=false]
                      javax.swing.Box[,151,2,32x31,layout=javax.swing.BoxLayout,alignmentX=0.0,alignmentY=0.0,border=,flags=0,maximumSize=,minimumSize=,preferredSize=]
                        org.openscience.jchempaint.JCPToolBar$1[name='zoomout', text='', enabled=true, visible=true, showing=false]
                      javax.swing.JToolBar$Separator[,183,2,11x31,alignmentX=0.0,alignmentY=0.0,border=,flags=0,maximumSize=,minimumSize=,preferredSize=,orientation=VERTICAL]
                      javax.swing.Box[,194,2,32x31,layout=javax.swing.BoxLayout,alignmentX=0.0,alignmentY=0.0,border=,flags=0,maximumSize=,minimumSize=,preferredSize=]
                        org.openscience.jchempaint.JCPToolBar$1[name='undo', text='', enabled=true, visible=true, showing=false]
                      javax.swing.Box[,226,2,32x31,layout=javax.swing.BoxLayout,alignmentX=0.0,alignmentY=0.0,border=,flags=0,maximumSize=,minimumSize=,preferredSize=]
                        org.openscience.jchempaint.JCPToolBar$1[name='redo', text='', enabled=false, visible=true, showing=false]
                      javax.swing.JToolBar$Separator[,258,2,11x31,alignmentX=0.0,alignmentY=0.0,border=,flags=0,maximumSize=,minimumSize=,preferredSize=,orientation=VERTICAL]
                      javax.swing.Box[,269,2,32x31,layout=javax.swing.BoxLayout,alignmentX=0.0,alignmentY=0.0,border=,flags=0,maximumSize=,minimumSize=,preferredSize=]
                        org.openscience.jchempaint.JCPToolBar$1[name='cut', text='', enabled=true, visible=true, showing=false]
                      javax.swing.Box[,301,2,32x31,layout=javax.swing.BoxLayout,alignmentX=0.0,alignmentY=0.0,border=,flags=0,maximumSize=,minimumSize=,preferredSize=]
                        org.openscience.jchempaint.JCPToolBar$1[name='copy', text='', enabled=true, visible=true, showing=false]
                      javax.swing.Box[,333,2,32x31,layout=javax.swing.BoxLayout,alignmentX=0.0,alignmentY=0.0,border=,flags=0,maximumSize=,minimumSize=,preferredSize=]
                        org.openscience.jchempaint.JCPToolBar$1[name='paste', text='', enabled=true, visible=true, showing=false]
                      javax.swing.JToolBar$Separator[,365,2,11x31,alignmentX=0.0,alignmentY=0.0,border=,flags=0,maximumSize=,minimumSize=,preferredSize=,orientation=VERTICAL]
                      javax.swing.Box[,376,2,32x31,layout=javax.swing.BoxLayout,alignmentX=0.0,alignmentY=0.0,border=,flags=0,maximumSize=,minimumSize=,preferredSize=]
                        org.openscience.jchempaint.JCPToolBar$1[name='flipHorizontal', text='', enabled=true, visible=true, showing=false]
                      javax.swing.Box[,408,2,32x31,layout=javax.swing.BoxLayout,alignmentX=0.0,alignmentY=0.0,border=,flags=0,maximumSize=,minimumSize=,preferredSize=]
                        org.openscience.jchempaint.JCPToolBar$1[name='flipVertical', text='', enabled=true, visible=true, showing=false]
                      javax.swing.Box[,440,2,32x31,layout=javax.swing.BoxLayout,alignmentX=0.0,alignmentY=0.0,border=,flags=0,maximumSize=,minimumSize=,preferredSize=]
                        org.openscience.jchempaint.JCPToolBar$1[name='rotate', text='', enabled=true, visible=true, showing=false]
                      javax.swing.Box[,472,2,32x31,layout=javax.swing.BoxLayout,alignmentX=0.0,alignmentY=0.0,border=,flags=0,maximumSize=,minimumSize=,preferredSize=]
                        org.openscience.jchempaint.JCPToolBar$1[name='rotate3d', text='', enabled=true, visible=true, showing=false]
                      javax.swing.Box$Filler[,504,17,192x0,alignmentX=0.0,alignmentY=0.0,border=,flags=0,maximumSize=java.awt.Dimension[width=32767,height=0],minimumSize=java.awt.Dimension[width=0,height=0],preferredSize=java.awt.Dimension[width=0,height=0]]
                  javax.swing.JPanel[name=null]
                    javax.swing.JScrollPane[name=null, enabled=true, visible=true, showing=false]
                      javax.swing.JViewport[,2,2,616x519,layout=javax.swing.ViewportLayout,alignmentX=0.0,alignmentY=0.0,border=,flags=8388616,maximumSize=,minimumSize=,preferredSize=,isViewSizeSet=true,lastPaintPosition=java.awt.Point[x=0,y=0],scrollUnderway=false]
                        org.openscience.jchempaint.RenderPanel[name='renderpanel']
                      javax.swing.JScrollPane$ScrollBar[name=null, value=0, blockIncrement=10, minimum=0, maximum=519, enabled=true, visible=false, showing=false]
                      javax.swing.JScrollPane$ScrollBar[name=null, value=0, blockIncrement=10, minimum=0, maximum=616, enabled=true, visible=false, showing=false]
                    javax.swing.JToolBar[name=null]
                      javax.swing.Box[,4,12,32x31,layout=javax.swing.BoxLayout,alignmentX=0.0,alignmentY=0.0,border=,flags=0,maximumSize=,minimumSize=,preferredSize=]
                        org.openscience.jchempaint.JCPToolBar$1[name='bondTool', text='', enabled=true, visible=true, showing=false]
                      javax.swing.Box[,4,43,32x31,layout=javax.swing.BoxLayout,alignmentX=0.0,alignmentY=0.0,border=,flags=0,maximumSize=,minimumSize=,preferredSize=]
                        org.openscience.jchempaint.JCPToolBar$1[name='double_bondTool', text='', enabled=true, visible=true, showing=false]
                      javax.swing.Box[,4,74,32x31,layout=javax.swing.BoxLayout,alignmentX=0.0,alignmentY=0.0,border=,flags=0,maximumSize=,minimumSize=,preferredSize=]
                        org.openscience.jchempaint.JCPToolBar$1[name='triple_bondTool', text='', enabled=true, visible=true, showing=false]
                      javax.swing.Box[,4,105,32x31,layout=javax.swing.BoxLayout,alignmentX=0.0,alignmentY=0.0,border=,flags=0,maximumSize=,minimumSize=,preferredSize=]
                        org.openscience.jchempaint.JCPToolBar$1[name='chain', text='', enabled=true, visible=true, showing=false]
                      javax.swing.JToolBar$Separator[,4,136,32x11,alignmentX=0.0,alignmentY=0.0,border=,flags=0,maximumSize=,minimumSize=,preferredSize=,orientation=HORIZONTAL]
                      javax.swing.Box[,4,147,32x31,layout=javax.swing.BoxLayout,alignmentX=0.0,alignmentY=0.0,border=,flags=0,maximumSize=,minimumSize=,preferredSize=]
                        org.openscience.jchempaint.JCPToolBar$1[name='up_bond', text='', enabled=true, visible=true, showing=false]
                      javax.swing.Box[,4,178,32x31,layout=javax.swing.BoxLayout,alignmentX=0.0,alignmentY=0.0,border=,flags=0,maximumSize=,minimumSize=,preferredSize=]
                        org.openscience.jchempaint.JCPToolBar$1[name='down_bond', text='', enabled=true, visible=true, showing=false]
                      javax.swing.Box[,4,209,32x31,layout=javax.swing.BoxLayout,alignmentX=0.0,alignmentY=0.0,border=,flags=0,maximumSize=,minimumSize=,preferredSize=]
                        org.openscience.jchempaint.JCPToolBar$1[name='undefined_bond', text='', enabled=true, visible=true, showing=false]
                      javax.swing.Box[,4,240,32x31,layout=javax.swing.BoxLayout,alignmentX=0.0,alignmentY=0.0,border=,flags=0,maximumSize=,minimumSize=,preferredSize=]
                        org.openscience.jchempaint.JCPToolBar$1[name='undefined_stereo_bond', text='', enabled=true, visible=true, showing=false]
                      javax.swing.JToolBar$Separator[,4,271,32x11,alignmentX=0.0,alignmentY=0.0,border=,flags=0,maximumSize=,minimumSize=,preferredSize=,orientation=HORIZONTAL]
                      javax.swing.Box[,4,282,32x31,layout=javax.swing.BoxLayout,alignmentX=0.0,alignmentY=0.0,border=,flags=0,maximumSize=,minimumSize=,preferredSize=]
                        org.openscience.jchempaint.JCPToolBar$1[name='reactionArrow', text='', enabled=true, visible=true, showing=false]
                    javax.swing.JToolBar[name=null]
                      javax.swing.Box[,4,12,32x31,layout=javax.swing.BoxLayout,alignmentX=0.0,alignmentY=0.0,border=,flags=0,maximumSize=,minimumSize=,preferredSize=]
                        org.openscience.jchempaint.JCPToolBar$1[name='triangle', text='', enabled=true, visible=true, showing=false]
                      javax.swing.Box[,4,43,32x31,layout=javax.swing.BoxLayout,alignmentX=0.0,alignmentY=0.0,border=,flags=0,maximumSize=,minimumSize=,preferredSize=]
                        org.openscience.jchempaint.JCPToolBar$1[name='square', text='', enabled=true, visible=true, showing=false]
                      javax.swing.Box[,4,74,32x31,layout=javax.swing.BoxLayout,alignmentX=0.0,alignmentY=0.0,border=,flags=0,maximumSize=,minimumSize=,preferredSize=]
                        org.openscience.jchempaint.JCPToolBar$1[name='pentagon', text='', enabled=true, visible=true, showing=false]
                      javax.swing.Box[,4,105,32x31,layout=javax.swing.BoxLayout,alignmentX=0.0,alignmentY=0.0,border=,flags=0,maximumSize=,minimumSize=,preferredSize=]
                        org.openscience.jchempaint.JCPToolBar$1[name='hexagon', text='', enabled=true, visible=true, showing=false]
                      javax.swing.Box[,4,136,32x31,layout=javax.swing.BoxLayout,alignmentX=0.0,alignmentY=0.0,border=,flags=0,maximumSize=,minimumSize=,preferredSize=]
                        org.openscience.jchempaint.JCPToolBar$1[name='benzene', text='', enabled=true, visible=true, showing=false]
                      javax.swing.Box[,4,167,32x31,layout=javax.swing.BoxLayout,alignmentX=0.0,alignmentY=0.0,border=,flags=0,maximumSize=,minimumSize=,preferredSize=]
                        org.openscience.jchempaint.JCPToolBar$1[name='octagon', text='', enabled=true, visible=true, showing=false]
                      javax.swing.JToolBar$Separator[,4,198,32x11,alignmentX=0.0,alignmentY=0.0,border=,flags=0,maximumSize=,minimumSize=,preferredSize=,orientation=HORIZONTAL]
                      javax.swing.Box[,4,209,32x31,layout=javax.swing.BoxLayout,alignmentX=0.0,alignmentY=0.0,border=,flags=0,maximumSize=,minimumSize=,preferredSize=]
                        org.openscience.jchempaint.JCPToolBar$1[name='pasteTemplate', text='', enabled=true, visible=true, showing=false]
                    javax.swing.JToolBar[name=null]
                      javax.swing.Box[,12,2,32x31,layout=javax.swing.BoxLayout,alignmentX=0.0,alignmentY=0.0,border=,flags=0,maximumSize=,minimumSize=,preferredSize=]
                        org.openscience.jchempaint.JCPToolBar$1[name='C', text='', enabled=true, visible=true, showing=false]
                      javax.swing.Box[,44,2,32x31,layout=javax.swing.BoxLayout,alignmentX=0.0,alignmentY=0.0,border=,flags=0,maximumSize=,minimumSize=,preferredSize=]
                        org.openscience.jchempaint.JCPToolBar$1[name='H', text='', enabled=true, visible=true, showing=false]
                      javax.swing.Box[,76,2,32x31,layout=javax.swing.BoxLayout,alignmentX=0.0,alignmentY=0.0,border=,flags=0,maximumSize=,minimumSize=,preferredSize=]
                        org.openscience.jchempaint.JCPToolBar$1[name='O', text='', enabled=true, visible=true, showing=false]
                      javax.swing.Box[,108,2,32x31,layout=javax.swing.BoxLayout,alignmentX=0.0,alignmentY=0.0,border=,flags=0,maximumSize=,minimumSize=,preferredSize=]
                        org.openscience.jchempaint.JCPToolBar$1[name='N', text='', enabled=true, visible=true, showing=false]
                      javax.swing.Box[,140,2,32x31,layout=javax.swing.BoxLayout,alignmentX=0.0,alignmentY=0.0,border=,flags=0,maximumSize=,minimumSize=,preferredSize=]
                        org.openscience.jchempaint.JCPToolBar$1[name='P', text='', enabled=true, visible=true, showing=false]
                      javax.swing.Box[,172,2,32x31,layout=javax.swing.BoxLayout,alignmentX=0.0,alignmentY=0.0,border=,flags=0,maximumSize=,minimumSize=,preferredSize=]
                        org.openscience.jchempaint.JCPToolBar$1[name='S', text='', enabled=true, visible=true, showing=false]
                      javax.swing.Box[,204,2,32x31,layout=javax.swing.BoxLayout,alignmentX=0.0,alignmentY=0.0,border=,flags=0,maximumSize=,minimumSize=,preferredSize=]
                        org.openscience.jchempaint.JCPToolBar$1[name='F', text='', enabled=true, visible=true, showing=false]
                      javax.swing.Box[,236,2,32x31,layout=javax.swing.BoxLayout,alignmentX=0.0,alignmentY=0.0,border=,flags=0,maximumSize=,minimumSize=,preferredSize=]
                        org.openscience.jchempaint.JCPToolBar$1[name='Cl', text='', enabled=true, visible=true, showing=false]
                      javax.swing.Box[,268,2,32x31,layout=javax.swing.BoxLayout,alignmentX=0.0,alignmentY=0.0,border=,flags=0,maximumSize=,minimumSize=,preferredSize=]
                        org.openscience.jchempaint.JCPToolBar$1[name='Br', text='', enabled=true, visible=true, showing=false]
                      javax.swing.Box[,300,2,32x31,layout=javax.swing.BoxLayout,alignmentX=0.0,alignmentY=0.0,border=,flags=0,maximumSize=,minimumSize=,preferredSize=]
                        org.openscience.jchempaint.JCPToolBar$1[name='I', text='', enabled=true, visible=true, showing=false]
                      javax.swing.Box[,332,2,32x31,layout=javax.swing.BoxLayout,alignmentX=0.0,alignmentY=0.0,border=,flags=0,maximumSize=,minimumSize=,preferredSize=]
                        org.openscience.jchempaint.JCPToolBar$1[name='enterelement', text='', enabled=true, visible=true, showing=false]
                      javax.swing.Box[,364,2,32x31,layout=javax.swing.BoxLayout,alignmentX=0.0,alignmentY=0.0,border=,flags=0,maximumSize=,minimumSize=,preferredSize=]
                        org.openscience.jchempaint.JCPToolBar$1[name='periodictable', text='', enabled=true, visible=true, showing=false]
                      javax.swing.Box$Filler[,396,17,300x0,alignmentX=0.0,alignmentY=0.0,border=,flags=0,maximumSize=java.awt.Dimension[width=32767,height=0],minimumSize=java.awt.Dimension[width=0,height=0],preferredSize=java.awt.Dimension[width=0,height=0]]
                    org.openscience.jchempaint.InsertTextPanel[name=null]
                      javax.swing.JComboBox[name=null, selectedItem='', contents=[''], editable=true, enabled=true, visible=true, showing=false]
                        com.apple.laf.AquaComboBoxButton[name=null, text='', enabled=true, visible=true, showing=false]
                        javax.swing.CellRendererPane[,0,0,0x0,hidden]
                        com.apple.laf.AquaComboBoxUI$AquaCustomComboTextField[name=null, text='', enabled=true, visible=true, showing=false]
                      javax.swing.JButton[name=null, text='Insert', enabled=true, visible=true, showing=false]
        javax.swing.JLabel[name='status', text='Applet loaded', enabled=true, visible=true, showing=false]
  javax.swing.Popup$HeavyWeightWindow[name='win0']
    javax.swing.JRootPane[]
      javax.swing.JPanel[name='null.glassPane']
      javax.swing.JLayeredPane[]
        javax.swing.JPanel[name='null.contentPane']

	at org.fest.swing.core.BasicComponentFinder.componentNotFound(BasicComponentFinder.java:271)
	at org.fest.swing.core.BasicComponentFinder.find(BasicComponentFinder.java:260)
	at org.fest.swing.core.BasicComponentFinder.find(BasicComponentFinder.java:254)
	at org.fest.swing.core.BasicComponentFinder.findByName(BasicComponentFinder.java:191)
	at org.fest.swing.fixture.ContainerFixture.findByName(ContainerFixture.java:527)
	at org.fest.swing.fixture.ContainerFixture.panel(ContainerFixture.java:307)
	at org.openscience.jchempaint.AbstractAppletTest.restoreModelWithBasicmol(AbstractAppletTest.java:82)
	at org.openscience.jchempaint.MenuIsotopeTest.genericIsotopeTest(MenuIsotopeTest.java:37)
	at org.openscience.jchempaint.MenuIsotopeTest.testMenuIsotopeMajorMinusTwo(MenuIsotopeTest.java:57)
	at java.base/jdk.internal.reflect.DirectMethodHandleAccessor.invoke(DirectMethodHandleAccessor.java:103)
	at java.base/java.lang.reflect.Method.invoke(Method.java:580)
	at org.junit.runners.model.FrameworkMethod$1.runReflectiveCall(FrameworkMethod.java:59)
	at org.junit.internal.runners.model.ReflectiveCallable.run(ReflectiveCallable.java:12)
	at org.junit.runners.model.FrameworkMethod.invokeExplosively(FrameworkMethod.java:56)
	at org.junit.internal.runners.statements.InvokeMethod.evaluate(InvokeMethod.java:17)
	at org.junit.runners.ParentRunner$3.evaluate(ParentRunner.java:306)
	at org.junit.runners.BlockJUnit4ClassRunner$1.evaluate(BlockJUnit4ClassRunner.java:100)
	at org.junit.runners.ParentRunner.runLeaf(ParentRunner.java:366)
	at org.junit.runners.BlockJUnit4ClassRunner.runChild(BlockJUnit4ClassRunner.java:103)
	at org.junit.runners.BlockJUnit4ClassRunner.runChild(BlockJUnit4ClassRunner.java:63)
	at org.junit.runners.ParentRunner$4.run(ParentRunner.java:331)
	at org.junit.runners.ParentRunner$1.schedule(ParentRunner.java:79)
	at org.junit.runners.ParentRunner.runChildren(ParentRunner.java:329)
	at org.junit.runners.ParentRunner.access$100(ParentRunner.java:66)
	at org.junit.runners.ParentRunner$2.evaluate(ParentRunner.java:293)
	at org.junit.internal.runners.statements.RunBefores.evaluate(RunBefores.java:26)
	at org.junit.internal.runners.statements.RunAfters.evaluate(RunAfters.java:27)
	at org.junit.runners.ParentRunner$3.evaluate(ParentRunner.java:306)
	at org.junit.runners.ParentRunner.run(ParentRunner.java:413)
	at org.apache.maven.surefire.junit4.JUnit4Provider.execute(JUnit4Provider.java:316)
	at org.apache.maven.surefire.junit4.JUnit4Provider.executeWithRerun(JUnit4Provider.java:240)
	at org.apache.maven.surefire.junit4.JUnit4Provider.executeTestSet(JUnit4Provider.java:214)
	at org.apache.maven.surefire.junit4.JUnit4Provider.invoke(JUnit4Provider.java:155)
	at org.apache.maven.surefire.booter.ForkedBooter.runSuitesInProcess(ForkedBooter.java:385)
	at org.apache.maven.surefire.booter.ForkedBooter.execute(ForkedBooter.java:162)
	at org.apache.maven.surefire.booter.ForkedBooter.run(ForkedBooter.java:507)
	at org.apache.maven.surefire.booter.ForkedBooter.main(ForkedBooter.java:495)
]]></error>
  </testcase>
</testsuite>